[7.976s] Invoking command in '/home/nano/projects/felix/build/felix': PYTHONPATH=/home/nano/projects/felix/build/felix/prefix_override:/home/nano/projects/felix/install/felix/lib/python3.6/site-packages:${PYTHONPATH} /usr/bin/python3 setup.py develop --editable --build-directory /home/nano/projects/felix/build/felix/build --no-deps install_data
[9.769s] running develop
[9.771s] /usr/local/lib/python3.6/dist-packages/setuptools/command/easy_install.py:159: EasyInstallDeprecationWarning: easy_install command is deprecated. Use build and pip and other standards-based tools.
[9.773s]   EasyInstallDeprecationWarning,
[9.775s] /usr/local/lib/python3.6/dist-packages/setuptools/command/install.py:37: SetuptoolsDeprecationWarning: setup.py install is deprecated. Use build and pip and other standards-based tools.
[9.775s]   setuptools.SetuptoolsDeprecationWarning,
[10.570s] running egg_info
[10.571s] writing felix.egg-info/PKG-INFO
[10.571s] writing dependency_links to felix.egg-info/dependency_links.txt
[10.572s] writing entry points to felix.egg-info/entry_points.txt
[10.573s] writing requirements to felix.egg-info/requires.txt
[10.573s] writing top-level names to felix.egg-info/top_level.txt
[10.580s] reading manifest file 'felix.egg-info/SOURCES.txt'
[10.582s] writing manifest file 'felix.egg-info/SOURCES.txt'
[10.860s] running build_ext
[10.860s] Creating /home/nano/projects/felix/install/felix/lib/python3.6/site-packages/felix.egg-link (link to .)
[10.861s] Installing app script to /home/nano/projects/felix/install/felix/lib/felix
[10.862s] 
[10.863s] Installed /home/nano/projects/felix/build/felix
[10.868s] running install_data
[11.053s] Invoked command in '/home/nano/projects/felix/build/felix' returned '0': PYTHONPATH=/home/nano/projects/felix/build/felix/prefix_override:/home/nano/projects/felix/install/felix/lib/python3.6/site-packages:${PYTHONPATH} /usr/bin/python3 setup.py develop --editable --build-directory /home/nano/projects/felix/build/felix/build --no-deps install_data
