[1.904s] DEBUG:colcon:Command line arguments: ['/usr/bin/colcon', 'build', '--symlink-install']
[1.905s] DEBUG:colcon:Parsed command line arguments: Namespace(ament_cmake_args=None, base_paths=['.'], build_base='build', catkin_cmake_args=None, catkin_skip_building_tests=False, cmake_args=None, cmake_clean_cache=False, cmake_clean_first=False, cmake_force_configure=False, cmake_target=None, cmake_target_skip_unavailable=False, continue_on_error=False, event_handlers=None, executor='parallel', ignore_user_meta=False, install_base='install', log_base=None, log_level=None, main=<bound method BuildVerb.main of <colcon_core.verb.build.BuildVerb object at 0x7f7bb22c50>>, merge_install=False, metas=['./colcon.meta'], packages_above=None, packages_above_and_dependencies=None, packages_above_depth=None, packages_end=None, packages_ignore=None, packages_ignore_regex=None, packages_select=None, packages_select_build_failed=False, packages_select_by_dep=None, packages_select_regex=None, packages_select_test_failures=False, packages_skip=None, packages_skip_build_finished=False, packages_skip_by_dep=None, packages_skip_regex=None, packages_skip_test_passed=False, packages_skip_up_to=None, packages_start=None, packages_up_to=None, packages_up_to_regex=None, parallel_workers=4, paths=None, symlink_install=True, test_result_base=None, verb_extension=<colcon_core.verb.build.BuildVerb object at 0x7f7bb22c50>, verb_name='build', verb_parser=<colcon_defaults.argument_parser.defaults.DefaultArgumentsDecorator object at 0x7f7ba0f6a0>)
[2.008s] Level 1:colcon.colcon_core.package_discovery:discover_packages(colcon_meta) check parameters
[2.009s] Level 1:colcon.colcon_core.package_discovery:discover_packages(recursive) check parameters
[2.009s] Level 1:colcon.colcon_core.package_discovery:discover_packages(ignore) check parameters
[2.010s] Level 1:colcon.colcon_core.package_discovery:discover_packages(path) check parameters
[2.010s] Level 1:colcon.colcon_core.package_discovery:discover_packages(colcon_meta) discover
[2.011s] Level 1:colcon.colcon_core.package_discovery:discover_packages(recursive) discover
[2.012s] INFO:colcon.colcon_core.package_discovery:Crawling recursively for packages in '/home/nano/projects/felix'
[2.012s] Level 1:colcon.colcon_core.package_identification:_identify(.) by extensions ['ignore', 'ignore_ament_install']
[2.013s] Level 1:colcon.colcon_core.package_identification:_identify(.) by extension 'ignore'
[2.013s] Level 1:colcon.colcon_core.package_identification:_identify(.) by extension 'ignore_ament_install'
[2.013s] Level 1:colcon.colcon_core.package_identification:_identify(.) by extensions ['colcon_pkg']
[2.014s] Level 1:colcon.colcon_core.package_identification:_identify(.) by extension 'colcon_pkg'
[2.014s] Level 1:colcon.colcon_core.package_identification:_identify(.) by extensions ['colcon_meta']
[2.014s] Level 1:colcon.colcon_core.package_identification:_identify(.) by extension 'colcon_meta'
[2.014s] Level 1:colcon.colcon_core.package_identification:_identify(.) by extensions ['ros']
[2.015s] Level 1:colcon.colcon_core.package_identification:_identify(.) by extension 'ros'
[2.202s] Level 1:colcon.colcon_core.package_identification:_identify(.) by extensions ['cmake', 'python']
[2.202s] Level 1:colcon.colcon_core.package_identification:_identify(.) by extension 'cmake'
[2.203s] Level 1:colcon.colcon_core.package_identification:_identify(.) by extension 'python'
[2.203s] Level 1:colcon.colcon_core.package_identification:_identify(.) by extensions ['python_setup_py']
[2.203s] Level 1:colcon.colcon_core.package_identification:_identify(.) by extension 'python_setup_py'
[2.204s] Level 1:colcon.colcon_core.package_identification:_identify(Rosmaster_Lib) by extensions ['ignore', 'ignore_ament_install']
[2.204s] Level 1:colcon.colcon_core.package_identification:_identify(Rosmaster_Lib) by extension 'ignore'
[2.205s] Level 1:colcon.colcon_core.package_identification:_identify(Rosmaster_Lib) by extension 'ignore_ament_install'
[2.205s] Level 1:colcon.colcon_core.package_identification:_identify(Rosmaster_Lib) by extensions ['colcon_pkg']
[2.205s] Level 1:colcon.colcon_core.package_identification:_identify(Rosmaster_Lib) by extension 'colcon_pkg'
[2.206s] Level 1:colcon.colcon_core.package_identification:_identify(Rosmaster_Lib) by extensions ['colcon_meta']
[2.206s] Level 1:colcon.colcon_core.package_identification:_identify(Rosmaster_Lib) by extension 'colcon_meta'
[2.206s] Level 1:colcon.colcon_core.package_identification:_identify(Rosmaster_Lib) by extensions ['ros']
[2.206s] Level 1:colcon.colcon_core.package_identification:_identify(Rosmaster_Lib) by extension 'ros'
[2.207s] Level 1:colcon.colcon_core.package_identification:_identify(Rosmaster_Lib) by extensions ['cmake', 'python']
[2.207s] Level 1:colcon.colcon_core.package_identification:_identify(Rosmaster_Lib) by extension 'cmake'
[2.207s] Level 1:colcon.colcon_core.package_identification:_identify(Rosmaster_Lib) by extension 'python'
[2.207s] Level 1:colcon.colcon_core.package_identification:_identify(Rosmaster_Lib) by extensions ['python_setup_py']
[2.208s] Level 1:colcon.colcon_core.package_identification:_identify(Rosmaster_Lib) by extension 'python_setup_py'
[2.208s] Level 1:colcon.colcon_core.package_identification:_identify(Rosmaster_Lib/__pycache__) by extensions ['ignore', 'ignore_ament_install']
[2.209s] Level 1:colcon.colcon_core.package_identification:_identify(Rosmaster_Lib/__pycache__) by extension 'ignore'
[2.209s] Level 1:colcon.colcon_core.package_identification:_identify(Rosmaster_Lib/__pycache__) by extension 'ignore_ament_install'
[2.210s] Level 1:colcon.colcon_core.package_identification:_identify(Rosmaster_Lib/__pycache__) by extensions ['colcon_pkg']
[2.210s] Level 1:colcon.colcon_core.package_identification:_identify(Rosmaster_Lib/__pycache__) by extension 'colcon_pkg'
[2.210s] Level 1:colcon.colcon_core.package_identification:_identify(Rosmaster_Lib/__pycache__) by extensions ['colcon_meta']
[2.210s] Level 1:colcon.colcon_core.package_identification:_identify(Rosmaster_Lib/__pycache__) by extension 'colcon_meta'
[2.210s] Level 1:colcon.colcon_core.package_identification:_identify(Rosmaster_Lib/__pycache__) by extensions ['ros']
[2.211s] Level 1:colcon.colcon_core.package_identification:_identify(Rosmaster_Lib/__pycache__) by extension 'ros'
[2.211s] Level 1:colcon.colcon_core.package_identification:_identify(Rosmaster_Lib/__pycache__) by extensions ['cmake', 'python']
[2.211s] Level 1:colcon.colcon_core.package_identification:_identify(Rosmaster_Lib/__pycache__) by extension 'cmake'
[2.212s] Level 1:colcon.colcon_core.package_identification:_identify(Rosmaster_Lib/__pycache__) by extension 'python'
[2.212s] Level 1:colcon.colcon_core.package_identification:_identify(Rosmaster_Lib/__pycache__) by extensions ['python_setup_py']
[2.212s] Level 1:colcon.colcon_core.package_identification:_identify(Rosmaster_Lib/__pycache__) by extension 'python_setup_py'
[2.213s] Level 1:colcon.colcon_core.package_identification:_identify(build) by extensions ['ignore', 'ignore_ament_install']
[2.213s] Level 1:colcon.colcon_core.package_identification:_identify(build) by extension 'ignore'
[2.213s] Level 1:colcon.colcon_core.package_identification:_identify(build) ignored
[2.215s] Level 1:colcon.colcon_core.package_identification:_identify(data) by extensions ['ignore', 'ignore_ament_install']
[2.216s] Level 1:colcon.colcon_core.package_identification:_identify(data) by extension 'ignore'
[2.216s] Level 1:colcon.colcon_core.package_identification:_identify(data) by extension 'ignore_ament_install'
[2.216s] Level 1:colcon.colcon_core.package_identification:_identify(data) by extensions ['colcon_pkg']
[2.216s] Level 1:colcon.colcon_core.package_identification:_identify(data) by extension 'colcon_pkg'
[2.217s] Level 1:colcon.colcon_core.package_identification:_identify(data) by extensions ['colcon_meta']
[2.217s] Level 1:colcon.colcon_core.package_identification:_identify(data) by extension 'colcon_meta'
[2.217s] Level 1:colcon.colcon_core.package_identification:_identify(data) by extensions ['ros']
[2.217s] Level 1:colcon.colcon_core.package_identification:_identify(data) by extension 'ros'
[2.218s] Level 1:colcon.colcon_core.package_identification:_identify(data) by extensions ['cmake', 'python']
[2.218s] Level 1:colcon.colcon_core.package_identification:_identify(data) by extension 'cmake'
[2.219s] Level 1:colcon.colcon_core.package_identification:_identify(data) by extension 'python'
[2.219s] Level 1:colcon.colcon_core.package_identification:_identify(data) by extensions ['python_setup_py']
[2.219s] Level 1:colcon.colcon_core.package_identification:_identify(data) by extension 'python_setup_py'
[2.220s] Level 1:colcon.colcon_core.package_identification:_identify(dependencies) by extensions ['ignore', 'ignore_ament_install']
[2.220s] Level 1:colcon.colcon_core.package_identification:_identify(dependencies) by extension 'ignore'
[2.220s] Level 1:colcon.colcon_core.package_identification:_identify(dependencies) by extension 'ignore_ament_install'
[2.221s] Level 1:colcon.colcon_core.package_identification:_identify(dependencies) by extensions ['colcon_pkg']
[2.221s] Level 1:colcon.colcon_core.package_identification:_identify(dependencies) by extension 'colcon_pkg'
[2.221s] Level 1:colcon.colcon_core.package_identification:_identify(dependencies) by extensions ['colcon_meta']
[2.221s] Level 1:colcon.colcon_core.package_identification:_identify(dependencies) by extension 'colcon_meta'
[2.222s] Level 1:colcon.colcon_core.package_identification:_identify(dependencies) by extensions ['ros']
[2.222s] Level 1:colcon.colcon_core.package_identification:_identify(dependencies) by extension 'ros'
[2.222s] Level 1:colcon.colcon_core.package_identification:_identify(dependencies) by extensions ['cmake', 'python']
[2.223s] Level 1:colcon.colcon_core.package_identification:_identify(dependencies) by extension 'cmake'
[2.223s] Level 1:colcon.colcon_core.package_identification:_identify(dependencies) by extension 'python'
[2.223s] Level 1:colcon.colcon_core.package_identification:_identify(dependencies) by extensions ['python_setup_py']
[2.223s] Level 1:colcon.colcon_core.package_identification:_identify(dependencies) by extension 'python_setup_py'
[2.224s] Level 1:colcon.colcon_core.package_identification:_identify(dependencies/rosmaster) by extensions ['ignore', 'ignore_ament_install']
[2.224s] Level 1:colcon.colcon_core.package_identification:_identify(dependencies/rosmaster) by extension 'ignore'
[2.225s] Level 1:colcon.colcon_core.package_identification:_identify(dependencies/rosmaster) by extension 'ignore_ament_install'
[2.225s] Level 1:colcon.colcon_core.package_identification:_identify(dependencies/rosmaster) by extensions ['colcon_pkg']
[2.225s] Level 1:colcon.colcon_core.package_identification:_identify(dependencies/rosmaster) by extension 'colcon_pkg'
[2.225s] Level 1:colcon.colcon_core.package_identification:_identify(dependencies/rosmaster) by extensions ['colcon_meta']
[2.226s] Level 1:colcon.colcon_core.package_identification:_identify(dependencies/rosmaster) by extension 'colcon_meta'
[2.226s] Level 1:colcon.colcon_core.package_identification:_identify(dependencies/rosmaster) by extensions ['ros']
[2.226s] Level 1:colcon.colcon_core.package_identification:_identify(dependencies/rosmaster) by extension 'ros'
[2.227s] Level 1:colcon.colcon_core.package_identification:_identify(dependencies/rosmaster) by extensions ['cmake', 'python']
[2.227s] Level 1:colcon.colcon_core.package_identification:_identify(dependencies/rosmaster) by extension 'cmake'
[2.227s] Level 1:colcon.colcon_core.package_identification:_identify(dependencies/rosmaster) by extension 'python'
[2.227s] Level 1:colcon.colcon_core.package_identification:_identify(dependencies/rosmaster) by extensions ['python_setup_py']
[2.228s] Level 1:colcon.colcon_core.package_identification:_identify(dependencies/rosmaster) by extension 'python_setup_py'
[3.802s] DEBUG:colcon.colcon_core.package_identification:Package 'dependencies/rosmaster' with type 'python' and name 'Rosmaster_Lib'
[3.803s] Level 1:colcon.colcon_core.package_identification:_identify(install) by extensions ['ignore', 'ignore_ament_install']
[3.803s] Level 1:colcon.colcon_core.package_identification:_identify(install) by extension 'ignore'
[3.804s] Level 1:colcon.colcon_core.package_identification:_identify(install) ignored
[3.804s] Level 1:colcon.colcon_core.package_identification:_identify(log) by extensions ['ignore', 'ignore_ament_install']
[3.805s] Level 1:colcon.colcon_core.package_identification:_identify(log) by extension 'ignore'
[3.805s] Level 1:colcon.colcon_core.package_identification:_identify(log) ignored
[3.806s] Level 1:colcon.colcon_core.package_identification:_identify(src) by extensions ['ignore', 'ignore_ament_install']
[3.806s] Level 1:colcon.colcon_core.package_identification:_identify(src) by extension 'ignore'
[3.806s] Level 1:colcon.colcon_core.package_identification:_identify(src) by extension 'ignore_ament_install'
[3.807s] Level 1:colcon.colcon_core.package_identification:_identify(src) by extensions ['colcon_pkg']
[3.807s] Level 1:colcon.colcon_core.package_identification:_identify(src) by extension 'colcon_pkg'
[3.807s] Level 1:colcon.colcon_core.package_identification:_identify(src) by extensions ['colcon_meta']
[3.807s] Level 1:colcon.colcon_core.package_identification:_identify(src) by extension 'colcon_meta'
[3.808s] Level 1:colcon.colcon_core.package_identification:_identify(src) by extensions ['ros']
[3.808s] Level 1:colcon.colcon_core.package_identification:_identify(src) by extension 'ros'
[3.809s] Level 1:colcon.colcon_core.package_identification:_identify(src) by extensions ['cmake', 'python']
[3.809s] Level 1:colcon.colcon_core.package_identification:_identify(src) by extension 'cmake'
[3.809s] Level 1:colcon.colcon_core.package_identification:_identify(src) by extension 'python'
[3.809s] Level 1:colcon.colcon_core.package_identification:_identify(src) by extensions ['python_setup_py']
[3.809s] Level 1:colcon.colcon_core.package_identification:_identify(src) by extension 'python_setup_py'
[3.810s] Level 1:colcon.colcon_core.package_identification:_identify(src/__pycache__) by extensions ['ignore', 'ignore_ament_install']
[3.810s] Level 1:colcon.colcon_core.package_identification:_identify(src/__pycache__) by extension 'ignore'
[3.811s] Level 1:colcon.colcon_core.package_identification:_identify(src/__pycache__) by extension 'ignore_ament_install'
[3.811s] Level 1:colcon.colcon_core.package_identification:_identify(src/__pycache__) by extensions ['colcon_pkg']
[3.811s] Level 1:colcon.colcon_core.package_identification:_identify(src/__pycache__) by extension 'colcon_pkg'
[3.812s] Level 1:colcon.colcon_core.package_identification:_identify(src/__pycache__) by extensions ['colcon_meta']
[3.812s] Level 1:colcon.colcon_core.package_identification:_identify(src/__pycache__) by extension 'colcon_meta'
[3.812s] Level 1:colcon.colcon_core.package_identification:_identify(src/__pycache__) by extensions ['ros']
[3.812s] Level 1:colcon.colcon_core.package_identification:_identify(src/__pycache__) by extension 'ros'
[3.813s] Level 1:colcon.colcon_core.package_identification:_identify(src/__pycache__) by extensions ['cmake', 'python']
[3.813s] Level 1:colcon.colcon_core.package_identification:_identify(src/__pycache__) by extension 'cmake'
[3.813s] Level 1:colcon.colcon_core.package_identification:_identify(src/__pycache__) by extension 'python'
[3.813s] Level 1:colcon.colcon_core.package_identification:_identify(src/__pycache__) by extensions ['python_setup_py']
[3.814s] Level 1:colcon.colcon_core.package_identification:_identify(src/__pycache__) by extension 'python_setup_py'
[3.814s] Level 1:colcon.colcon_core.package_identification:_identify(src/felix) by extensions ['ignore', 'ignore_ament_install']
[3.815s] Level 1:colcon.colcon_core.package_identification:_identify(src/felix) by extension 'ignore'
[3.815s] Level 1:colcon.colcon_core.package_identification:_identify(src/felix) by extension 'ignore_ament_install'
[3.815s] Level 1:colcon.colcon_core.package_identification:_identify(src/felix) by extensions ['colcon_pkg']
[3.816s] Level 1:colcon.colcon_core.package_identification:_identify(src/felix) by extension 'colcon_pkg'
[3.816s] Level 1:colcon.colcon_core.package_identification:_identify(src/felix) by extensions ['colcon_meta']
[3.816s] Level 1:colcon.colcon_core.package_identification:_identify(src/felix) by extension 'colcon_meta'
[3.816s] Level 1:colcon.colcon_core.package_identification:_identify(src/felix) by extensions ['ros']
[3.817s] Level 1:colcon.colcon_core.package_identification:_identify(src/felix) by extension 'ros'
[3.831s] DEBUG:colcon.colcon_core.package_identification:Package 'src/felix' with type 'ros.ament_python' and name 'felix'
[3.831s] Level 1:colcon.colcon_core.package_identification:_identify(src/felix_camera) by extensions ['ignore', 'ignore_ament_install']
[3.832s] Level 1:colcon.colcon_core.package_identification:_identify(src/felix_camera) by extension 'ignore'
[3.832s] Level 1:colcon.colcon_core.package_identification:_identify(src/felix_camera) by extension 'ignore_ament_install'
[3.833s] Level 1:colcon.colcon_core.package_identification:_identify(src/felix_camera) by extensions ['colcon_pkg']
[3.833s] Level 1:colcon.colcon_core.package_identification:_identify(src/felix_camera) by extension 'colcon_pkg'
[3.833s] Level 1:colcon.colcon_core.package_identification:_identify(src/felix_camera) by extensions ['colcon_meta']
[3.833s] Level 1:colcon.colcon_core.package_identification:_identify(src/felix_camera) by extension 'colcon_meta'
[3.834s] Level 1:colcon.colcon_core.package_identification:_identify(src/felix_camera) by extensions ['ros']
[3.834s] Level 1:colcon.colcon_core.package_identification:_identify(src/felix_camera) by extension 'ros'
[3.838s] DEBUG:colcon.colcon_core.package_identification:Package 'src/felix_camera' with type 'ros.ament_python' and name 'felix_camera'
[3.838s] Level 1:colcon.colcon_core.package_discovery:discover_packages(recursive) using defaults
[3.840s] Level 1:colcon.colcon_core.package_discovery:discover_packages(ignore) discover
[3.840s] Level 1:colcon.colcon_core.package_discovery:discover_packages(ignore) using defaults
[3.840s] Level 1:colcon.colcon_core.package_discovery:discover_packages(path) discover
[3.841s] Level 1:colcon.colcon_core.package_discovery:discover_packages(path) using defaults
[3.945s] Level 5:colcon.colcon_core.verb:set package 'Rosmaster_Lib' build argument 'cmake_args' from command line to 'None'
[3.945s] Level 5:colcon.colcon_core.verb:set package 'Rosmaster_Lib' build argument 'cmake_target' from command line to 'None'
[3.945s] Level 5:colcon.colcon_core.verb:set package 'Rosmaster_Lib' build argument 'cmake_target_skip_unavailable' from command line to 'False'
[3.945s] Level 5:colcon.colcon_core.verb:set package 'Rosmaster_Lib' build argument 'cmake_clean_cache' from command line to 'False'
[3.946s] Level 5:colcon.colcon_core.verb:set package 'Rosmaster_Lib' build argument 'cmake_clean_first' from command line to 'False'
[3.946s] Level 5:colcon.colcon_core.verb:set package 'Rosmaster_Lib' build argument 'cmake_force_configure' from command line to 'False'
[3.946s] Level 5:colcon.colcon_core.verb:set package 'Rosmaster_Lib' build argument 'ament_cmake_args' from command line to 'None'
[3.946s] Level 5:colcon.colcon_core.verb:set package 'Rosmaster_Lib' build argument 'catkin_cmake_args' from command line to 'None'
[3.946s] Level 5:colcon.colcon_core.verb:set package 'Rosmaster_Lib' build argument 'catkin_skip_building_tests' from command line to 'False'
[3.947s] DEBUG:colcon.colcon_core.verb:Building package 'Rosmaster_Lib' with the following arguments: {'ament_cmake_args': None, 'build_base': '/home/nano/projects/felix/build/Rosmaster_Lib', 'catkin_cmake_args': None, 'catkin_skip_building_tests': False, 'cmake_args': None, 'cmake_clean_cache': False, 'cmake_clean_first': False, 'cmake_force_configure': False, 'cmake_target': None, 'cmake_target_skip_unavailable': False, 'install_base': '/home/nano/projects/felix/install/Rosmaster_Lib', 'merge_install': False, 'path': '/home/nano/projects/felix/dependencies/rosmaster', 'symlink_install': True, 'test_result_base': None}
[3.949s] Level 5:colcon.colcon_core.verb:set package 'felix' build argument 'cmake_args' from command line to 'None'
[3.950s] Level 5:colcon.colcon_core.verb:set package 'felix' build argument 'cmake_target' from command line to 'None'
[3.950s] Level 5:colcon.colcon_core.verb:set package 'felix' build argument 'cmake_target_skip_unavailable' from command line to 'False'
[3.950s] Level 5:colcon.colcon_core.verb:set package 'felix' build argument 'cmake_clean_cache' from command line to 'False'
[3.950s] Level 5:colcon.colcon_core.verb:set package 'felix' build argument 'cmake_clean_first' from command line to 'False'
[3.950s] Level 5:colcon.colcon_core.verb:set package 'felix' build argument 'cmake_force_configure' from command line to 'False'
[3.951s] Level 5:colcon.colcon_core.verb:set package 'felix' build argument 'ament_cmake_args' from command line to 'None'
[3.951s] Level 5:colcon.colcon_core.verb:set package 'felix' build argument 'catkin_cmake_args' from command line to 'None'
[3.951s] Level 5:colcon.colcon_core.verb:set package 'felix' build argument 'catkin_skip_building_tests' from command line to 'False'
[3.952s] DEBUG:colcon.colcon_core.verb:Building package 'felix' with the following arguments: {'ament_cmake_args': None, 'build_base': '/home/nano/projects/felix/build/felix', 'catkin_cmake_args': None, 'catkin_skip_building_tests': False, 'cmake_args': None, 'cmake_clean_cache': False, 'cmake_clean_first': False, 'cmake_force_configure': False, 'cmake_target': None, 'cmake_target_skip_unavailable': False, 'install_base': '/home/nano/projects/felix/install/felix', 'merge_install': False, 'path': '/home/nano/projects/felix/src/felix', 'symlink_install': True, 'test_result_base': None}
[3.954s] Level 5:colcon.colcon_core.verb:set package 'felix_camera' build argument 'cmake_args' from command line to 'None'
[3.955s] Level 5:colcon.colcon_core.verb:set package 'felix_camera' build argument 'cmake_target' from command line to 'None'
[3.955s] Level 5:colcon.colcon_core.verb:set package 'felix_camera' build argument 'cmake_target_skip_unavailable' from command line to 'False'
[3.955s] Level 5:colcon.colcon_core.verb:set package 'felix_camera' build argument 'cmake_clean_cache' from command line to 'False'
[3.956s] Level 5:colcon.colcon_core.verb:set package 'felix_camera' build argument 'cmake_clean_first' from command line to 'False'
[3.956s] Level 5:colcon.colcon_core.verb:set package 'felix_camera' build argument 'cmake_force_configure' from command line to 'False'
[3.956s] Level 5:colcon.colcon_core.verb:set package 'felix_camera' build argument 'ament_cmake_args' from command line to 'None'
[3.956s] Level 5:colcon.colcon_core.verb:set package 'felix_camera' build argument 'catkin_cmake_args' from command line to 'None'
[3.957s] Level 5:colcon.colcon_core.verb:set package 'felix_camera' build argument 'catkin_skip_building_tests' from command line to 'False'
[3.957s] DEBUG:colcon.colcon_core.verb:Building package 'felix_camera' with the following arguments: {'ament_cmake_args': None, 'build_base': '/home/nano/projects/felix/build/felix_camera', 'catkin_cmake_args': None, 'catkin_skip_building_tests': False, 'cmake_args': None, 'cmake_clean_cache': False, 'cmake_clean_first': False, 'cmake_force_configure': False, 'cmake_target': None, 'cmake_target_skip_unavailable': False, 'install_base': '/home/nano/projects/felix/install/felix_camera', 'merge_install': False, 'path': '/home/nano/projects/felix/src/felix_camera', 'symlink_install': True, 'test_result_base': None}
[3.959s] INFO:colcon.colcon_core.executor:Executing jobs using 'parallel' executor
[3.966s] DEBUG:colcon.colcon_parallel_executor.executor.parallel:run_until_complete
[3.969s] INFO:colcon.colcon_core.task.python.build:Building Python package in '/home/nano/projects/felix/dependencies/rosmaster'
[3.982s] INFO:colcon.colcon_core.plugin_system:Skipping extension 'colcon_core.shell.bat': Not used on non-Windows systems
[3.984s] INFO:colcon.colcon_core.shell:Skip shell extension 'powershell' for command environment: Not usable outside of PowerShell
[3.984s] DEBUG:colcon.colcon_core.shell:Skip shell extension 'dsv' for command environment
[4.041s] INFO:colcon.colcon_ros.task.ament_python.build:Building ROS package in '/home/nano/projects/felix/src/felix' with build type 'ament_python'
[4.043s] Level 1:colcon.colcon_core.shell:create_environment_hook('felix', 'ament_prefix_path')
[4.046s] INFO:colcon.colcon_core.shell:Creating environment hook '/home/nano/projects/felix/install/felix/share/felix/hook/ament_prefix_path.ps1'
[4.050s] INFO:colcon.colcon_core.shell:Creating environment descriptor '/home/nano/projects/felix/install/felix/share/felix/hook/ament_prefix_path.dsv'
[4.053s] INFO:colcon.colcon_core.shell:Creating environment hook '/home/nano/projects/felix/install/felix/share/felix/hook/ament_prefix_path.sh'
[4.058s] INFO:colcon.colcon_core.shell:Skip shell extension 'powershell' for command environment: Not usable outside of PowerShell
[4.059s] DEBUG:colcon.colcon_core.shell:Skip shell extension 'dsv' for command environment
[4.109s] INFO:colcon.colcon_ros.task.ament_python.build:Building ROS package in '/home/nano/projects/felix/src/felix_camera' with build type 'ament_python'
[4.111s] Level 1:colcon.colcon_core.shell:create_environment_hook('felix_camera', 'ament_prefix_path')
[4.114s] INFO:colcon.colcon_core.shell:Creating environment hook '/home/nano/projects/felix/install/felix_camera/share/felix_camera/hook/ament_prefix_path.ps1'
[4.117s] INFO:colcon.colcon_core.shell:Creating environment descriptor '/home/nano/projects/felix/install/felix_camera/share/felix_camera/hook/ament_prefix_path.dsv'
[4.119s] INFO:colcon.colcon_core.shell:Creating environment hook '/home/nano/projects/felix/install/felix_camera/share/felix_camera/hook/ament_prefix_path.sh'
[4.123s] INFO:colcon.colcon_core.shell:Skip shell extension 'powershell' for command environment: Not usable outside of PowerShell
[4.123s] DEBUG:colcon.colcon_core.shell:Skip shell extension 'dsv' for command environment
[7.598s] INFO:colcon.colcon_core.task.python.build:Building Python package in '/home/nano/projects/felix/src/felix'
[7.601s] INFO:colcon.colcon_core.shell:Skip shell extension 'powershell' for command environment: Not usable outside of PowerShell
[7.602s] DEBUG:colcon.colcon_core.shell:Skip shell extension 'dsv' for command environment
[9.359s] INFO:colcon.colcon_core.task.python.build:Building Python package in '/home/nano/projects/felix/src/felix_camera'
[9.362s] INFO:colcon.colcon_core.shell:Skip shell extension 'powershell' for command environment: Not usable outside of PowerShell
[9.362s] DEBUG:colcon.colcon_core.shell:Skip shell extension 'dsv' for command environment
[9.424s] DEBUG:colcon.colcon_core.event_handler.log_command:Invoking command in '/home/nano/projects/felix/build/Rosmaster_Lib': PYTHONPATH=/home/nano/projects/felix/build/Rosmaster_Lib/prefix_override:/home/nano/projects/felix/install/Rosmaster_Lib/lib/python3.6/site-packages:${PYTHONPATH} /usr/bin/python3 setup.py develop --editable --build-directory /home/nano/projects/felix/build/Rosmaster_Lib/build --no-deps
[12.003s] DEBUG:colcon.colcon_core.event_handler.log_command:Invoking command in '/home/nano/projects/felix/build/felix': PYTHONPATH=/home/nano/projects/felix/build/felix/prefix_override:/home/nano/projects/felix/install/felix/lib/python3.6/site-packages:${PYTHONPATH} /usr/bin/python3 setup.py develop --editable --build-directory /home/nano/projects/felix/build/felix/build --no-deps install_data
[12.043s] DEBUG:colcon.colcon_core.event_handler.log_command:Invoking command in '/home/nano/projects/felix/build/felix_camera': PYTHONPATH=/home/nano/projects/felix/build/felix_camera/prefix_override:/home/nano/projects/felix/install/felix_camera/lib/python3.6/site-packages:${PYTHONPATH} /usr/bin/python3 setup.py develop --editable --build-directory /home/nano/projects/felix/build/felix_camera/build --no-deps install_data
[12.654s] Level 1:colcon.colcon_core.shell:create_environment_hook('Rosmaster_Lib', 'pythonpath_develop')
[12.658s] INFO:colcon.colcon_core.shell:Creating environment hook '/home/nano/projects/felix/build/Rosmaster_Lib/share/Rosmaster_Lib/hook/pythonpath_develop.ps1'
[12.660s] DEBUG:colcon.colcon_core.event_handler.log_command:Invoked command in '/home/nano/projects/felix/build/Rosmaster_Lib' returned '0': PYTHONPATH=/home/nano/projects/felix/build/Rosmaster_Lib/prefix_override:/home/nano/projects/felix/install/Rosmaster_Lib/lib/python3.6/site-packages:${PYTHONPATH} /usr/bin/python3 setup.py develop --editable --build-directory /home/nano/projects/felix/build/Rosmaster_Lib/build --no-deps
[12.663s] INFO:colcon.colcon_core.shell:Creating environment descriptor '/home/nano/projects/felix/build/Rosmaster_Lib/share/Rosmaster_Lib/hook/pythonpath_develop.dsv'
[12.664s] INFO:colcon.colcon_core.shell:Creating environment hook '/home/nano/projects/felix/build/Rosmaster_Lib/share/Rosmaster_Lib/hook/pythonpath_develop.sh'
[12.690s] Level 1:colcon.colcon_core.environment:checking '/home/nano/projects/felix/install/Rosmaster_Lib' for CMake module files
[12.696s] Level 1:colcon.colcon_core.environment:checking '/home/nano/projects/felix/install/Rosmaster_Lib' for CMake config files
[12.701s] Level 1:colcon.colcon_core.environment:checking '/home/nano/projects/felix/install/Rosmaster_Lib/lib'
[12.702s] Level 1:colcon.colcon_core.environment:checking '/home/nano/projects/felix/install/Rosmaster_Lib/bin'
[12.703s] Level 1:colcon.colcon_core.environment:checking '/home/nano/projects/felix/install/Rosmaster_Lib/lib/pkgconfig/Rosmaster_Lib.pc'
[12.705s] Level 1:colcon.colcon_core.environment:checking '/home/nano/projects/felix/install/Rosmaster_Lib/lib/python3.6/site-packages'
[12.706s] Level 1:colcon.colcon_core.shell:create_environment_hook('Rosmaster_Lib', 'pythonpath')
[12.709s] INFO:colcon.colcon_core.shell:Creating environment hook '/home/nano/projects/felix/install/Rosmaster_Lib/share/Rosmaster_Lib/hook/pythonpath.ps1'
[12.711s] INFO:colcon.colcon_core.shell:Creating environment descriptor '/home/nano/projects/felix/install/Rosmaster_Lib/share/Rosmaster_Lib/hook/pythonpath.dsv'
[12.713s] INFO:colcon.colcon_core.shell:Creating environment hook '/home/nano/projects/felix/install/Rosmaster_Lib/share/Rosmaster_Lib/hook/pythonpath.sh'
[12.716s] Level 1:colcon.colcon_core.environment:checking '/home/nano/projects/felix/install/Rosmaster_Lib/bin'
[12.717s] Level 1:colcon.colcon_core.environment:create_environment_scripts_only(Rosmaster_Lib)
[12.719s] INFO:colcon.colcon_core.shell:Creating package script '/home/nano/projects/felix/install/Rosmaster_Lib/share/Rosmaster_Lib/package.ps1'
[12.729s] INFO:colcon.colcon_core.shell:Creating package descriptor '/home/nano/projects/felix/install/Rosmaster_Lib/share/Rosmaster_Lib/package.dsv'
[12.732s] INFO:colcon.colcon_core.shell:Creating package script '/home/nano/projects/felix/install/Rosmaster_Lib/share/Rosmaster_Lib/package.sh'
[12.737s] INFO:colcon.colcon_core.shell:Creating package script '/home/nano/projects/felix/install/Rosmaster_Lib/share/Rosmaster_Lib/package.bash'
[12.743s] INFO:colcon.colcon_core.shell:Creating package script '/home/nano/projects/felix/install/Rosmaster_Lib/share/Rosmaster_Lib/package.zsh'
[12.747s] Level 1:colcon.colcon_core.environment:create_file_with_runtime_dependencies(/home/nano/projects/felix/install/Rosmaster_Lib/share/colcon-core/packages/Rosmaster_Lib)
[14.956s] Level 1:colcon.colcon_core.shell:create_environment_hook('felix', 'pythonpath_develop')
[14.958s] DEBUG:colcon.colcon_core.event_handler.log_command:Invoked command in '/home/nano/projects/felix/build/felix' returned '0': PYTHONPATH=/home/nano/projects/felix/build/felix/prefix_override:/home/nano/projects/felix/install/felix/lib/python3.6/site-packages:${PYTHONPATH} /usr/bin/python3 setup.py develop --editable --build-directory /home/nano/projects/felix/build/felix/build --no-deps install_data
[14.961s] INFO:colcon.colcon_core.shell:Creating environment hook '/home/nano/projects/felix/build/felix/share/felix/hook/pythonpath_develop.ps1'
[14.966s] INFO:colcon.colcon_core.shell:Creating environment descriptor '/home/nano/projects/felix/build/felix/share/felix/hook/pythonpath_develop.dsv'
[14.969s] INFO:colcon.colcon_core.shell:Creating environment hook '/home/nano/projects/felix/build/felix/share/felix/hook/pythonpath_develop.sh'
[14.974s] Level 1:colcon.colcon_core.environment:checking '/home/nano/projects/felix/install/felix' for CMake module files
[14.978s] Level 1:colcon.colcon_core.environment:checking '/home/nano/projects/felix/install/felix' for CMake config files
[14.983s] Level 1:colcon.colcon_core.environment:checking '/home/nano/projects/felix/install/felix/lib'
[14.984s] Level 1:colcon.colcon_core.environment:checking '/home/nano/projects/felix/install/felix/bin'
[14.984s] Level 1:colcon.colcon_core.environment:checking '/home/nano/projects/felix/install/felix/lib/pkgconfig/felix.pc'
[14.985s] Level 1:colcon.colcon_core.environment:checking '/home/nano/projects/felix/install/felix/lib/python3.6/site-packages'
[14.986s] Level 1:colcon.colcon_core.shell:create_environment_hook('felix', 'pythonpath')
[14.988s] INFO:colcon.colcon_core.shell:Creating environment hook '/home/nano/projects/felix/install/felix/share/felix/hook/pythonpath.ps1'
[14.991s] INFO:colcon.colcon_core.shell:Creating environment descriptor '/home/nano/projects/felix/install/felix/share/felix/hook/pythonpath.dsv'
[14.993s] INFO:colcon.colcon_core.shell:Creating environment hook '/home/nano/projects/felix/install/felix/share/felix/hook/pythonpath.sh'
[14.996s] Level 1:colcon.colcon_core.environment:checking '/home/nano/projects/felix/install/felix/bin'
[14.996s] Level 1:colcon.colcon_core.environment:create_environment_scripts_only(felix)
[14.999s] INFO:colcon.colcon_core.shell:Creating package script '/home/nano/projects/felix/install/felix/share/felix/package.ps1'
[15.002s] INFO:colcon.colcon_core.shell:Creating package descriptor '/home/nano/projects/felix/install/felix/share/felix/package.dsv'
[15.006s] INFO:colcon.colcon_core.shell:Creating package script '/home/nano/projects/felix/install/felix/share/felix/package.sh'
[15.009s] INFO:colcon.colcon_core.shell:Creating package script '/home/nano/projects/felix/install/felix/share/felix/package.bash'
[15.012s] INFO:colcon.colcon_core.shell:Creating package script '/home/nano/projects/felix/install/felix/share/felix/package.zsh'
[15.014s] Level 1:colcon.colcon_core.environment:create_file_with_runtime_dependencies(/home/nano/projects/felix/install/felix/share/colcon-core/packages/felix)
[15.019s] Level 1:colcon.colcon_core.shell:create_environment_hook('felix_camera', 'pythonpath_develop')
[15.021s] INFO:colcon.colcon_core.shell:Creating environment hook '/home/nano/projects/felix/build/felix_camera/share/felix_camera/hook/pythonpath_develop.ps1'
[15.025s] DEBUG:colcon.colcon_core.event_handler.log_command:Invoked command in '/home/nano/projects/felix/build/felix_camera' returned '0': PYTHONPATH=/home/nano/projects/felix/build/felix_camera/prefix_override:/home/nano/projects/felix/install/felix_camera/lib/python3.6/site-packages:${PYTHONPATH} /usr/bin/python3 setup.py develop --editable --build-directory /home/nano/projects/felix/build/felix_camera/build --no-deps install_data
[15.026s] INFO:colcon.colcon_core.shell:Creating environment descriptor '/home/nano/projects/felix/build/felix_camera/share/felix_camera/hook/pythonpath_develop.dsv'
[15.028s] INFO:colcon.colcon_core.shell:Creating environment hook '/home/nano/projects/felix/build/felix_camera/share/felix_camera/hook/pythonpath_develop.sh'
[15.032s] Level 1:colcon.colcon_core.environment:checking '/home/nano/projects/felix/install/felix_camera' for CMake module files
[15.035s] Level 1:colcon.colcon_core.environment:checking '/home/nano/projects/felix/install/felix_camera' for CMake config files
[15.039s] Level 1:colcon.colcon_core.environment:checking '/home/nano/projects/felix/install/felix_camera/lib'
[15.039s] Level 1:colcon.colcon_core.environment:checking '/home/nano/projects/felix/install/felix_camera/bin'
[15.040s] Level 1:colcon.colcon_core.environment:checking '/home/nano/projects/felix/install/felix_camera/lib/pkgconfig/felix_camera.pc'
[15.041s] Level 1:colcon.colcon_core.environment:checking '/home/nano/projects/felix/install/felix_camera/lib/python3.6/site-packages'
[15.041s] Level 1:colcon.colcon_core.shell:create_environment_hook('felix_camera', 'pythonpath')
[15.043s] INFO:colcon.colcon_core.shell:Creating environment hook '/home/nano/projects/felix/install/felix_camera/share/felix_camera/hook/pythonpath.ps1'
[15.045s] INFO:colcon.colcon_core.shell:Creating environment descriptor '/home/nano/projects/felix/install/felix_camera/share/felix_camera/hook/pythonpath.dsv'
[15.046s] INFO:colcon.colcon_core.shell:Creating environment hook '/home/nano/projects/felix/install/felix_camera/share/felix_camera/hook/pythonpath.sh'
[15.048s] Level 1:colcon.colcon_core.environment:checking '/home/nano/projects/felix/install/felix_camera/bin'
[15.049s] Level 1:colcon.colcon_core.environment:create_environment_scripts_only(felix_camera)
[15.051s] INFO:colcon.colcon_core.shell:Creating package script '/home/nano/projects/felix/install/felix_camera/share/felix_camera/package.ps1'
[15.054s] INFO:colcon.colcon_core.shell:Creating package descriptor '/home/nano/projects/felix/install/felix_camera/share/felix_camera/package.dsv'
[15.056s] INFO:colcon.colcon_core.shell:Creating package script '/home/nano/projects/felix/install/felix_camera/share/felix_camera/package.sh'
[15.059s] INFO:colcon.colcon_core.shell:Creating package script '/home/nano/projects/felix/install/felix_camera/share/felix_camera/package.bash'
[15.060s] INFO:colcon.colcon_core.shell:Creating package script '/home/nano/projects/felix/install/felix_camera/share/felix_camera/package.zsh'
[15.062s] Level 1:colcon.colcon_core.environment:create_file_with_runtime_dependencies(/home/nano/projects/felix/install/felix_camera/share/colcon-core/packages/felix_camera)
[15.063s] DEBUG:colcon.colcon_parallel_executor.executor.parallel:closing loop
[15.065s] DEBUG:colcon.colcon_parallel_executor.executor.parallel:loop closed
[15.066s] DEBUG:colcon.colcon_parallel_executor.executor.parallel:run_until_complete finished with '0'
[15.067s] DEBUG:colcon.colcon_core.event_reactor:joining thread
[15.094s] INFO:colcon.colcon_core.plugin_system:Skipping extension 'colcon_notification.desktop_notification.notify_send': Could not find 'notify-send'
[15.095s] INFO:colcon.colcon_core.plugin_system:Skipping extension 'colcon_notification.desktop_notification.terminal_notifier': Not used on non-Darwin systems
[15.095s] INFO:colcon.colcon_core.plugin_system:Skipping extension 'colcon_notification.desktop_notification.win32': Not used on non-Windows systems
[15.096s] INFO:colcon.colcon_notification.desktop_notification:Sending desktop notification using 'notify2'
[15.096s] DEBUG:colcon.colcon_notification.desktop_notification.notify2:Failed to initialize notify2: org.freedesktop.DBus.Error.InvalidFileContent: D-Bus library appears to be incorrectly set up: see the manual page for dbus-uuidgen to correct this issue. (Failed to open "/var/lib/dbus/machine-id": No such file or directory; UUID file '/etc/machine-id' should contain a hex string of length 32, not length 0, with no other text)
[15.096s] DEBUG:colcon.colcon_core.event_reactor:joined thread
[15.098s] INFO:colcon.colcon_core.shell:Creating prefix script '/home/nano/projects/felix/install/local_setup.ps1'
[15.104s] INFO:colcon.colcon_core.shell:Creating prefix util module '/home/nano/projects/felix/install/_local_setup_util_ps1.py'
[15.113s] INFO:colcon.colcon_core.shell:Creating prefix chain script '/home/nano/projects/felix/install/setup.ps1'
[15.120s] INFO:colcon.colcon_core.shell:Creating prefix script '/home/nano/projects/felix/install/local_setup.sh'
[15.123s] INFO:colcon.colcon_core.shell:Creating prefix util module '/home/nano/projects/felix/install/_local_setup_util_sh.py'
[15.125s] INFO:colcon.colcon_core.shell:Creating prefix chain script '/home/nano/projects/felix/install/setup.sh'
[15.132s] INFO:colcon.colcon_core.shell:Creating prefix script '/home/nano/projects/felix/install/local_setup.bash'
[15.135s] INFO:colcon.colcon_core.shell:Creating prefix chain script '/home/nano/projects/felix/install/setup.bash'
[15.141s] INFO:colcon.colcon_core.shell:Creating prefix script '/home/nano/projects/felix/install/local_setup.zsh'
[15.144s] INFO:colcon.colcon_core.shell:Creating prefix chain script '/home/nano/projects/felix/install/setup.zsh'
