[7.947s] Invoking command in '/home/nano/projects/felix/build/felix_camera': PYTHONPATH=/home/nano/projects/felix/build/felix_camera/prefix_override:/home/nano/projects/felix/install/felix_camera/lib/python3.6/site-packages:${PYTHONPATH} /usr/bin/python3 setup.py develop --editable --build-directory /home/nano/projects/felix/build/felix_camera/build --no-deps install_data
[9.687s] running develop
[9.688s] /usr/local/lib/python3.6/dist-packages/setuptools/command/easy_install.py:159: EasyInstallDeprecationWarning: easy_install command is deprecated. Use build and pip and other standards-based tools.
[9.689s]   EasyInstallDeprecationWarning,
[9.696s] /usr/local/lib/python3.6/dist-packages/setuptools/command/install.py:37: SetuptoolsDeprecationWarning: setup.py install is deprecated. Use build and pip and other standards-based tools.
[9.699s]   setuptools.SetuptoolsDeprecationWarning,
[10.484s] running egg_info
[10.485s] writing felix_camera.egg-info/PKG-INFO
[10.486s] writing dependency_links to felix_camera.egg-info/dependency_links.txt
[10.487s] writing entry points to felix_camera.egg-info/entry_points.txt
[10.488s] writing requirements to felix_camera.egg-info/requires.txt
[10.489s] writing top-level names to felix_camera.egg-info/top_level.txt
[10.497s] reading manifest file 'felix_camera.egg-info/SOURCES.txt'
[10.506s] writing manifest file 'felix_camera.egg-info/SOURCES.txt'
[10.771s] running build_ext
[10.773s] Creating /home/nano/projects/felix/install/felix_camera/lib/python3.6/site-packages/felix-camera.egg-link (link to .)
[10.776s] Installing camera_node script to /home/nano/projects/felix/install/felix_camera/lib/felix_camera
[10.781s] 
[10.785s] Installed /home/nano/projects/felix/build/felix_camera
[10.789s] running install_data
[10.929s] Invoked command in '/home/nano/projects/felix/build/felix_camera' returned '0': PYTHONPATH=/home/nano/projects/felix/build/felix_camera/prefix_override:/home/nano/projects/felix/install/felix_camera/lib/python3.6/site-packages:${PYTHONPATH} /usr/bin/python3 setup.py develop --editable --build-directory /home/nano/projects/felix/build/felix_camera/build --no-deps install_data
