[1.908s] DEBUG:colcon:Command line arguments: ['/usr/bin/colcon', 'build', '--symlink-install']
[1.909s] DEBUG:colcon:Parsed command line arguments: Namespace(ament_cmake_args=None, base_paths=['.'], build_base='build', catkin_cmake_args=None, catkin_skip_building_tests=False, cmake_args=None, cmake_clean_cache=False, cmake_clean_first=False, cmake_force_configure=False, cmake_target=None, cmake_target_skip_unavailable=False, continue_on_error=False, event_handlers=None, executor='parallel', ignore_user_meta=False, install_base='install', log_base=None, log_level=None, main=<bound method BuildVerb.main of <colcon_core.verb.build.BuildVerb object at 0x7fab4f7128>>, merge_install=False, metas=['./colcon.meta'], packages_above=None, packages_above_and_dependencies=None, packages_above_depth=None, packages_end=None, packages_ignore=None, packages_ignore_regex=None, packages_select=None, packages_select_build_failed=False, packages_select_by_dep=None, packages_select_regex=None, packages_select_test_failures=False, packages_skip=None, packages_skip_build_finished=False, packages_skip_by_dep=None, packages_skip_regex=None, packages_skip_test_passed=False, packages_skip_up_to=None, packages_start=None, packages_up_to=None, packages_up_to_regex=None, parallel_workers=4, paths=None, symlink_install=True, test_result_base=None, verb_extension=<colcon_core.verb.build.BuildVerb object at 0x7fab4f7128>, verb_name='build', verb_parser=<colcon_defaults.argument_parser.defaults.DefaultArgumentsDecorator object at 0x7fab3dbb38>)
[2.010s] Level 1:colcon.colcon_core.package_discovery:discover_packages(colcon_meta) check parameters
[2.010s] Level 1:colcon.colcon_core.package_discovery:discover_packages(recursive) check parameters
[2.011s] Level 1:colcon.colcon_core.package_discovery:discover_packages(ignore) check parameters
[2.011s] Level 1:colcon.colcon_core.package_discovery:discover_packages(path) check parameters
[2.011s] Level 1:colcon.colcon_core.package_discovery:discover_packages(colcon_meta) discover
[2.013s] Level 1:colcon.colcon_core.package_discovery:discover_packages(recursive) discover
[2.013s] INFO:colcon.colcon_core.package_discovery:Crawling recursively for packages in '/home/nano/projects/felix'
[2.013s] Level 1:colcon.colcon_core.package_identification:_identify(.) by extensions ['ignore', 'ignore_ament_install']
[2.014s] Level 1:colcon.colcon_core.package_identification:_identify(.) by extension 'ignore'
[2.014s] Level 1:colcon.colcon_core.package_identification:_identify(.) by extension 'ignore_ament_install'
[2.015s] Level 1:colcon.colcon_core.package_identification:_identify(.) by extensions ['colcon_pkg']
[2.015s] Level 1:colcon.colcon_core.package_identification:_identify(.) by extension 'colcon_pkg'
[2.015s] Level 1:colcon.colcon_core.package_identification:_identify(.) by extensions ['colcon_meta']
[2.015s] Level 1:colcon.colcon_core.package_identification:_identify(.) by extension 'colcon_meta'
[2.016s] Level 1:colcon.colcon_core.package_identification:_identify(.) by extensions ['ros']
[2.016s] Level 1:colcon.colcon_core.package_identification:_identify(.) by extension 'ros'
[2.200s] Level 1:colcon.colcon_core.package_identification:_identify(.) by extensions ['cmake', 'python']
[2.200s] Level 1:colcon.colcon_core.package_identification:_identify(.) by extension 'cmake'
[2.201s] Level 1:colcon.colcon_core.package_identification:_identify(.) by extension 'python'
[2.201s] Level 1:colcon.colcon_core.package_identification:_identify(.) by extensions ['python_setup_py']
[2.201s] Level 1:colcon.colcon_core.package_identification:_identify(.) by extension 'python_setup_py'
[2.202s] Level 1:colcon.colcon_core.package_identification:_identify(Rosmaster_Lib) by extensions ['ignore', 'ignore_ament_install']
[2.202s] Level 1:colcon.colcon_core.package_identification:_identify(Rosmaster_Lib) by extension 'ignore'
[2.203s] Level 1:colcon.colcon_core.package_identification:_identify(Rosmaster_Lib) by extension 'ignore_ament_install'
[2.203s] Level 1:colcon.colcon_core.package_identification:_identify(Rosmaster_Lib) by extensions ['colcon_pkg']
[2.203s] Level 1:colcon.colcon_core.package_identification:_identify(Rosmaster_Lib) by extension 'colcon_pkg'
[2.203s] Level 1:colcon.colcon_core.package_identification:_identify(Rosmaster_Lib) by extensions ['colcon_meta']
[2.204s] Level 1:colcon.colcon_core.package_identification:_identify(Rosmaster_Lib) by extension 'colcon_meta'
[2.204s] Level 1:colcon.colcon_core.package_identification:_identify(Rosmaster_Lib) by extensions ['ros']
[2.204s] Level 1:colcon.colcon_core.package_identification:_identify(Rosmaster_Lib) by extension 'ros'
[2.205s] Level 1:colcon.colcon_core.package_identification:_identify(Rosmaster_Lib) by extensions ['cmake', 'python']
[2.205s] Level 1:colcon.colcon_core.package_identification:_identify(Rosmaster_Lib) by extension 'cmake'
[2.206s] Level 1:colcon.colcon_core.package_identification:_identify(Rosmaster_Lib) by extension 'python'
[2.206s] Level 1:colcon.colcon_core.package_identification:_identify(Rosmaster_Lib) by extensions ['python_setup_py']
[2.206s] Level 1:colcon.colcon_core.package_identification:_identify(Rosmaster_Lib) by extension 'python_setup_py'
[2.207s] Level 1:colcon.colcon_core.package_identification:_identify(Rosmaster_Lib/__pycache__) by extensions ['ignore', 'ignore_ament_install']
[2.207s] Level 1:colcon.colcon_core.package_identification:_identify(Rosmaster_Lib/__pycache__) by extension 'ignore'
[2.208s] Level 1:colcon.colcon_core.package_identification:_identify(Rosmaster_Lib/__pycache__) by extension 'ignore_ament_install'
[2.208s] Level 1:colcon.colcon_core.package_identification:_identify(Rosmaster_Lib/__pycache__) by extensions ['colcon_pkg']
[2.208s] Level 1:colcon.colcon_core.package_identification:_identify(Rosmaster_Lib/__pycache__) by extension 'colcon_pkg'
[2.208s] Level 1:colcon.colcon_core.package_identification:_identify(Rosmaster_Lib/__pycache__) by extensions ['colcon_meta']
[2.209s] Level 1:colcon.colcon_core.package_identification:_identify(Rosmaster_Lib/__pycache__) by extension 'colcon_meta'
[2.209s] Level 1:colcon.colcon_core.package_identification:_identify(Rosmaster_Lib/__pycache__) by extensions ['ros']
[2.209s] Level 1:colcon.colcon_core.package_identification:_identify(Rosmaster_Lib/__pycache__) by extension 'ros'
[2.210s] Level 1:colcon.colcon_core.package_identification:_identify(Rosmaster_Lib/__pycache__) by extensions ['cmake', 'python']
[2.210s] Level 1:colcon.colcon_core.package_identification:_identify(Rosmaster_Lib/__pycache__) by extension 'cmake'
[2.210s] Level 1:colcon.colcon_core.package_identification:_identify(Rosmaster_Lib/__pycache__) by extension 'python'
[2.210s] Level 1:colcon.colcon_core.package_identification:_identify(Rosmaster_Lib/__pycache__) by extensions ['python_setup_py']
[2.211s] Level 1:colcon.colcon_core.package_identification:_identify(Rosmaster_Lib/__pycache__) by extension 'python_setup_py'
[2.211s] Level 1:colcon.colcon_core.package_identification:_identify(build) by extensions ['ignore', 'ignore_ament_install']
[2.212s] Level 1:colcon.colcon_core.package_identification:_identify(build) by extension 'ignore'
[2.212s] Level 1:colcon.colcon_core.package_identification:_identify(build) ignored
[2.214s] Level 1:colcon.colcon_core.package_identification:_identify(data) by extensions ['ignore', 'ignore_ament_install']
[2.214s] Level 1:colcon.colcon_core.package_identification:_identify(data) by extension 'ignore'
[2.215s] Level 1:colcon.colcon_core.package_identification:_identify(data) by extension 'ignore_ament_install'
[2.215s] Level 1:colcon.colcon_core.package_identification:_identify(data) by extensions ['colcon_pkg']
[2.215s] Level 1:colcon.colcon_core.package_identification:_identify(data) by extension 'colcon_pkg'
[2.215s] Level 1:colcon.colcon_core.package_identification:_identify(data) by extensions ['colcon_meta']
[2.216s] Level 1:colcon.colcon_core.package_identification:_identify(data) by extension 'colcon_meta'
[2.216s] Level 1:colcon.colcon_core.package_identification:_identify(data) by extensions ['ros']
[2.216s] Level 1:colcon.colcon_core.package_identification:_identify(data) by extension 'ros'
[2.217s] Level 1:colcon.colcon_core.package_identification:_identify(data) by extensions ['cmake', 'python']
[2.217s] Level 1:colcon.colcon_core.package_identification:_identify(data) by extension 'cmake'
[2.217s] Level 1:colcon.colcon_core.package_identification:_identify(data) by extension 'python'
[2.217s] Level 1:colcon.colcon_core.package_identification:_identify(data) by extensions ['python_setup_py']
[2.218s] Level 1:colcon.colcon_core.package_identification:_identify(data) by extension 'python_setup_py'
[2.218s] Level 1:colcon.colcon_core.package_identification:_identify(dependencies) by extensions ['ignore', 'ignore_ament_install']
[2.218s] Level 1:colcon.colcon_core.package_identification:_identify(dependencies) by extension 'ignore'
[2.219s] Level 1:colcon.colcon_core.package_identification:_identify(dependencies) by extension 'ignore_ament_install'
[2.219s] Level 1:colcon.colcon_core.package_identification:_identify(dependencies) by extensions ['colcon_pkg']
[2.219s] Level 1:colcon.colcon_core.package_identification:_identify(dependencies) by extension 'colcon_pkg'
[2.220s] Level 1:colcon.colcon_core.package_identification:_identify(dependencies) by extensions ['colcon_meta']
[2.220s] Level 1:colcon.colcon_core.package_identification:_identify(dependencies) by extension 'colcon_meta'
[2.220s] Level 1:colcon.colcon_core.package_identification:_identify(dependencies) by extensions ['ros']
[2.220s] Level 1:colcon.colcon_core.package_identification:_identify(dependencies) by extension 'ros'
[2.221s] Level 1:colcon.colcon_core.package_identification:_identify(dependencies) by extensions ['cmake', 'python']
[2.221s] Level 1:colcon.colcon_core.package_identification:_identify(dependencies) by extension 'cmake'
[2.221s] Level 1:colcon.colcon_core.package_identification:_identify(dependencies) by extension 'python'
[2.222s] Level 1:colcon.colcon_core.package_identification:_identify(dependencies) by extensions ['python_setup_py']
[2.222s] Level 1:colcon.colcon_core.package_identification:_identify(dependencies) by extension 'python_setup_py'
[2.222s] Level 1:colcon.colcon_core.package_identification:_identify(dependencies/rosmaster) by extensions ['ignore', 'ignore_ament_install']
[2.223s] Level 1:colcon.colcon_core.package_identification:_identify(dependencies/rosmaster) by extension 'ignore'
[2.223s] Level 1:colcon.colcon_core.package_identification:_identify(dependencies/rosmaster) by extension 'ignore_ament_install'
[2.223s] Level 1:colcon.colcon_core.package_identification:_identify(dependencies/rosmaster) by extensions ['colcon_pkg']
[2.223s] Level 1:colcon.colcon_core.package_identification:_identify(dependencies/rosmaster) by extension 'colcon_pkg'
[2.224s] Level 1:colcon.colcon_core.package_identification:_identify(dependencies/rosmaster) by extensions ['colcon_meta']
[2.224s] Level 1:colcon.colcon_core.package_identification:_identify(dependencies/rosmaster) by extension 'colcon_meta'
[2.224s] Level 1:colcon.colcon_core.package_identification:_identify(dependencies/rosmaster) by extensions ['ros']
[2.224s] Level 1:colcon.colcon_core.package_identification:_identify(dependencies/rosmaster) by extension 'ros'
[2.225s] Level 1:colcon.colcon_core.package_identification:_identify(dependencies/rosmaster) by extensions ['cmake', 'python']
[2.225s] Level 1:colcon.colcon_core.package_identification:_identify(dependencies/rosmaster) by extension 'cmake'
[2.225s] Level 1:colcon.colcon_core.package_identification:_identify(dependencies/rosmaster) by extension 'python'
[2.226s] Level 1:colcon.colcon_core.package_identification:_identify(dependencies/rosmaster) by extensions ['python_setup_py']
[2.226s] Level 1:colcon.colcon_core.package_identification:_identify(dependencies/rosmaster) by extension 'python_setup_py'
[3.765s] DEBUG:colcon.colcon_core.package_identification:Package 'dependencies/rosmaster' with type 'python' and name 'Rosmaster_Lib'
[3.767s] Level 1:colcon.colcon_core.package_identification:_identify(install) by extensions ['ignore', 'ignore_ament_install']
[3.767s] Level 1:colcon.colcon_core.package_identification:_identify(install) by extension 'ignore'
[3.768s] Level 1:colcon.colcon_core.package_identification:_identify(install) ignored
[3.768s] Level 1:colcon.colcon_core.package_identification:_identify(log) by extensions ['ignore', 'ignore_ament_install']
[3.769s] Level 1:colcon.colcon_core.package_identification:_identify(log) by extension 'ignore'
[3.769s] Level 1:colcon.colcon_core.package_identification:_identify(log) ignored
[3.770s] Level 1:colcon.colcon_core.package_identification:_identify(src) by extensions ['ignore', 'ignore_ament_install']
[3.770s] Level 1:colcon.colcon_core.package_identification:_identify(src) by extension 'ignore'
[3.770s] Level 1:colcon.colcon_core.package_identification:_identify(src) by extension 'ignore_ament_install'
[3.771s] Level 1:colcon.colcon_core.package_identification:_identify(src) by extensions ['colcon_pkg']
[3.771s] Level 1:colcon.colcon_core.package_identification:_identify(src) by extension 'colcon_pkg'
[3.771s] Level 1:colcon.colcon_core.package_identification:_identify(src) by extensions ['colcon_meta']
[3.771s] Level 1:colcon.colcon_core.package_identification:_identify(src) by extension 'colcon_meta'
[3.772s] Level 1:colcon.colcon_core.package_identification:_identify(src) by extensions ['ros']
[3.772s] Level 1:colcon.colcon_core.package_identification:_identify(src) by extension 'ros'
[3.773s] Level 1:colcon.colcon_core.package_identification:_identify(src) by extensions ['cmake', 'python']
[3.773s] Level 1:colcon.colcon_core.package_identification:_identify(src) by extension 'cmake'
[3.773s] Level 1:colcon.colcon_core.package_identification:_identify(src) by extension 'python'
[3.773s] Level 1:colcon.colcon_core.package_identification:_identify(src) by extensions ['python_setup_py']
[3.773s] Level 1:colcon.colcon_core.package_identification:_identify(src) by extension 'python_setup_py'
[3.774s] Level 1:colcon.colcon_core.package_identification:_identify(src/__pycache__) by extensions ['ignore', 'ignore_ament_install']
[3.774s] Level 1:colcon.colcon_core.package_identification:_identify(src/__pycache__) by extension 'ignore'
[3.775s] Level 1:colcon.colcon_core.package_identification:_identify(src/__pycache__) by extension 'ignore_ament_install'
[3.775s] Level 1:colcon.colcon_core.package_identification:_identify(src/__pycache__) by extensions ['colcon_pkg']
[3.775s] Level 1:colcon.colcon_core.package_identification:_identify(src/__pycache__) by extension 'colcon_pkg'
[3.776s] Level 1:colcon.colcon_core.package_identification:_identify(src/__pycache__) by extensions ['colcon_meta']
[3.776s] Level 1:colcon.colcon_core.package_identification:_identify(src/__pycache__) by extension 'colcon_meta'
[3.776s] Level 1:colcon.colcon_core.package_identification:_identify(src/__pycache__) by extensions ['ros']
[3.776s] Level 1:colcon.colcon_core.package_identification:_identify(src/__pycache__) by extension 'ros'
[3.777s] Level 1:colcon.colcon_core.package_identification:_identify(src/__pycache__) by extensions ['cmake', 'python']
[3.777s] Level 1:colcon.colcon_core.package_identification:_identify(src/__pycache__) by extension 'cmake'
[3.777s] Level 1:colcon.colcon_core.package_identification:_identify(src/__pycache__) by extension 'python'
[3.778s] Level 1:colcon.colcon_core.package_identification:_identify(src/__pycache__) by extensions ['python_setup_py']
[3.778s] Level 1:colcon.colcon_core.package_identification:_identify(src/__pycache__) by extension 'python_setup_py'
[3.778s] Level 1:colcon.colcon_core.package_identification:_identify(src/felix_camera) by extensions ['ignore', 'ignore_ament_install']
[3.779s] Level 1:colcon.colcon_core.package_identification:_identify(src/felix_camera) by extension 'ignore'
[3.779s] Level 1:colcon.colcon_core.package_identification:_identify(src/felix_camera) by extension 'ignore_ament_install'
[3.780s] Level 1:colcon.colcon_core.package_identification:_identify(src/felix_camera) by extensions ['colcon_pkg']
[3.780s] Level 1:colcon.colcon_core.package_identification:_identify(src/felix_camera) by extension 'colcon_pkg'
[3.780s] Level 1:colcon.colcon_core.package_identification:_identify(src/felix_camera) by extensions ['colcon_meta']
[3.780s] Level 1:colcon.colcon_core.package_identification:_identify(src/felix_camera) by extension 'colcon_meta'
[3.781s] Level 1:colcon.colcon_core.package_identification:_identify(src/felix_camera) by extensions ['ros']
[3.781s] Level 1:colcon.colcon_core.package_identification:_identify(src/felix_camera) by extension 'ros'
[3.794s] DEBUG:colcon.colcon_core.package_identification:Package 'src/felix_camera' with type 'ros.ament_python' and name 'felix_camera'
[3.795s] Level 1:colcon.colcon_core.package_discovery:discover_packages(recursive) using defaults
[3.796s] Level 1:colcon.colcon_core.package_discovery:discover_packages(ignore) discover
[3.796s] Level 1:colcon.colcon_core.package_discovery:discover_packages(ignore) using defaults
[3.797s] Level 1:colcon.colcon_core.package_discovery:discover_packages(path) discover
[3.797s] Level 1:colcon.colcon_core.package_discovery:discover_packages(path) using defaults
[3.897s] Level 5:colcon.colcon_core.verb:set package 'Rosmaster_Lib' build argument 'cmake_args' from command line to 'None'
[3.898s] Level 5:colcon.colcon_core.verb:set package 'Rosmaster_Lib' build argument 'cmake_target' from command line to 'None'
[3.898s] Level 5:colcon.colcon_core.verb:set package 'Rosmaster_Lib' build argument 'cmake_target_skip_unavailable' from command line to 'False'
[3.898s] Level 5:colcon.colcon_core.verb:set package 'Rosmaster_Lib' build argument 'cmake_clean_cache' from command line to 'False'
[3.898s] Level 5:colcon.colcon_core.verb:set package 'Rosmaster_Lib' build argument 'cmake_clean_first' from command line to 'False'
[3.898s] Level 5:colcon.colcon_core.verb:set package 'Rosmaster_Lib' build argument 'cmake_force_configure' from command line to 'False'
[3.899s] Level 5:colcon.colcon_core.verb:set package 'Rosmaster_Lib' build argument 'ament_cmake_args' from command line to 'None'
[3.899s] Level 5:colcon.colcon_core.verb:set package 'Rosmaster_Lib' build argument 'catkin_cmake_args' from command line to 'None'
[3.899s] Level 5:colcon.colcon_core.verb:set package 'Rosmaster_Lib' build argument 'catkin_skip_building_tests' from command line to 'False'
[3.899s] DEBUG:colcon.colcon_core.verb:Building package 'Rosmaster_Lib' with the following arguments: {'ament_cmake_args': None, 'build_base': '/home/nano/projects/felix/build/Rosmaster_Lib', 'catkin_cmake_args': None, 'catkin_skip_building_tests': False, 'cmake_args': None, 'cmake_clean_cache': False, 'cmake_clean_first': False, 'cmake_force_configure': False, 'cmake_target': None, 'cmake_target_skip_unavailable': False, 'install_base': '/home/nano/projects/felix/install/Rosmaster_Lib', 'merge_install': False, 'path': '/home/nano/projects/felix/dependencies/rosmaster', 'symlink_install': True, 'test_result_base': None}
[3.902s] Level 5:colcon.colcon_core.verb:set package 'felix_camera' build argument 'cmake_args' from command line to 'None'
[3.902s] Level 5:colcon.colcon_core.verb:set package 'felix_camera' build argument 'cmake_target' from command line to 'None'
[3.902s] Level 5:colcon.colcon_core.verb:set package 'felix_camera' build argument 'cmake_target_skip_unavailable' from command line to 'False'
[3.903s] Level 5:colcon.colcon_core.verb:set package 'felix_camera' build argument 'cmake_clean_cache' from command line to 'False'
[3.903s] Level 5:colcon.colcon_core.verb:set package 'felix_camera' build argument 'cmake_clean_first' from command line to 'False'
[3.903s] Level 5:colcon.colcon_core.verb:set package 'felix_camera' build argument 'cmake_force_configure' from command line to 'False'
[3.903s] Level 5:colcon.colcon_core.verb:set package 'felix_camera' build argument 'ament_cmake_args' from command line to 'None'
[3.903s] Level 5:colcon.colcon_core.verb:set package 'felix_camera' build argument 'catkin_cmake_args' from command line to 'None'
[3.904s] Level 5:colcon.colcon_core.verb:set package 'felix_camera' build argument 'catkin_skip_building_tests' from command line to 'False'
[3.904s] DEBUG:colcon.colcon_core.verb:Building package 'felix_camera' with the following arguments: {'ament_cmake_args': None, 'build_base': '/home/nano/projects/felix/build/felix_camera', 'catkin_cmake_args': None, 'catkin_skip_building_tests': False, 'cmake_args': None, 'cmake_clean_cache': False, 'cmake_clean_first': False, 'cmake_force_configure': False, 'cmake_target': None, 'cmake_target_skip_unavailable': False, 'install_base': '/home/nano/projects/felix/install/felix_camera', 'merge_install': False, 'path': '/home/nano/projects/felix/src/felix_camera', 'symlink_install': True, 'test_result_base': None}
[3.905s] INFO:colcon.colcon_core.executor:Executing jobs using 'parallel' executor
[3.911s] DEBUG:colcon.colcon_parallel_executor.executor.parallel:run_until_complete
[3.913s] INFO:colcon.colcon_core.task.python.build:Building Python package in '/home/nano/projects/felix/dependencies/rosmaster'
[3.925s] INFO:colcon.colcon_core.plugin_system:Skipping extension 'colcon_core.shell.bat': Not used on non-Windows systems
[3.927s] INFO:colcon.colcon_core.shell:Skip shell extension 'powershell' for command environment: Not usable outside of PowerShell
[3.927s] DEBUG:colcon.colcon_core.shell:Skip shell extension 'dsv' for command environment
[3.984s] INFO:colcon.colcon_ros.task.ament_python.build:Building ROS package in '/home/nano/projects/felix/src/felix_camera' with build type 'ament_python'
[3.986s] Level 1:colcon.colcon_core.shell:create_environment_hook('felix_camera', 'ament_prefix_path')
[3.989s] INFO:colcon.colcon_core.shell:Creating environment hook '/home/nano/projects/felix/install/felix_camera/share/felix_camera/hook/ament_prefix_path.ps1'
[3.992s] INFO:colcon.colcon_core.shell:Creating environment descriptor '/home/nano/projects/felix/install/felix_camera/share/felix_camera/hook/ament_prefix_path.dsv'
[3.995s] INFO:colcon.colcon_core.shell:Creating environment hook '/home/nano/projects/felix/install/felix_camera/share/felix_camera/hook/ament_prefix_path.sh'
[4.000s] INFO:colcon.colcon_core.shell:Skip shell extension 'powershell' for command environment: Not usable outside of PowerShell
[4.000s] DEBUG:colcon.colcon_core.shell:Skip shell extension 'dsv' for command environment
[7.412s] INFO:colcon.colcon_core.task.python.build:Building Python package in '/home/nano/projects/felix/src/felix_camera'
[7.415s] INFO:colcon.colcon_core.shell:Skip shell extension 'powershell' for command environment: Not usable outside of PowerShell
[7.415s] DEBUG:colcon.colcon_core.shell:Skip shell extension 'dsv' for command environment
[8.113s] DEBUG:colcon.colcon_core.event_handler.log_command:Invoking command in '/home/nano/projects/felix/build/Rosmaster_Lib': PYTHONPATH=/home/nano/projects/felix/build/Rosmaster_Lib/prefix_override:/home/nano/projects/felix/install/Rosmaster_Lib/lib/python3.6/site-packages:${PYTHONPATH} /usr/bin/python3 setup.py develop --editable --build-directory /home/nano/projects/felix/build/Rosmaster_Lib/build --no-deps
[9.899s] DEBUG:colcon.colcon_core.task.python.build:While undoing a previous installation files outside the Python library path are being ignored: /home/nano/projects/felix/install/felix_camera/share/ament_index/resource_index/packages/felix_camera
[9.900s] DEBUG:colcon.colcon_core.task.python.build:While undoing a previous installation files outside the Python library path are being ignored: /home/nano/projects/felix/install/felix_camera/share/felix_camera/package.xml
[9.901s] DEBUG:colcon.colcon_core.task.python.build:While undoing a previous installation files outside the Python library path are being ignored: /home/nano/projects/felix/install/felix_camera/lib/felix_camera/camera_node
[9.913s] DEBUG:colcon.colcon_core.event_handler.log_command:Invoking command in '/home/nano/projects/felix/build/felix_camera': PYTHONPATH=/home/nano/projects/felix/build/felix_camera/prefix_override:/home/nano/projects/felix/install/felix_camera/lib/python3.6/site-packages:${PYTHONPATH} /usr/bin/python3 setup.py develop --editable --build-directory /home/nano/projects/felix/build/felix_camera/build --no-deps install_data
[11.014s] Level 1:colcon.colcon_core.shell:create_environment_hook('Rosmaster_Lib', 'pythonpath_develop')
[11.018s] INFO:colcon.colcon_core.shell:Creating environment hook '/home/nano/projects/felix/build/Rosmaster_Lib/share/Rosmaster_Lib/hook/pythonpath_develop.ps1'
[11.019s] DEBUG:colcon.colcon_core.event_handler.log_command:Invoked command in '/home/nano/projects/felix/build/Rosmaster_Lib' returned '0': PYTHONPATH=/home/nano/projects/felix/build/Rosmaster_Lib/prefix_override:/home/nano/projects/felix/install/Rosmaster_Lib/lib/python3.6/site-packages:${PYTHONPATH} /usr/bin/python3 setup.py develop --editable --build-directory /home/nano/projects/felix/build/Rosmaster_Lib/build --no-deps
[11.021s] INFO:colcon.colcon_core.shell:Creating environment descriptor '/home/nano/projects/felix/build/Rosmaster_Lib/share/Rosmaster_Lib/hook/pythonpath_develop.dsv'
[11.023s] INFO:colcon.colcon_core.shell:Creating environment hook '/home/nano/projects/felix/build/Rosmaster_Lib/share/Rosmaster_Lib/hook/pythonpath_develop.sh'
[11.039s] Level 1:colcon.colcon_core.environment:checking '/home/nano/projects/felix/install/Rosmaster_Lib' for CMake module files
[11.042s] Level 1:colcon.colcon_core.environment:checking '/home/nano/projects/felix/install/Rosmaster_Lib' for CMake config files
[11.046s] Level 1:colcon.colcon_core.environment:checking '/home/nano/projects/felix/install/Rosmaster_Lib/lib'
[11.047s] Level 1:colcon.colcon_core.environment:checking '/home/nano/projects/felix/install/Rosmaster_Lib/bin'
[11.048s] Level 1:colcon.colcon_core.environment:checking '/home/nano/projects/felix/install/Rosmaster_Lib/lib/pkgconfig/Rosmaster_Lib.pc'
[11.049s] Level 1:colcon.colcon_core.environment:checking '/home/nano/projects/felix/install/Rosmaster_Lib/lib/python3.6/site-packages'
[11.049s] Level 1:colcon.colcon_core.shell:create_environment_hook('Rosmaster_Lib', 'pythonpath')
[11.051s] INFO:colcon.colcon_core.shell:Creating environment hook '/home/nano/projects/felix/install/Rosmaster_Lib/share/Rosmaster_Lib/hook/pythonpath.ps1'
[11.054s] INFO:colcon.colcon_core.shell:Creating environment descriptor '/home/nano/projects/felix/install/Rosmaster_Lib/share/Rosmaster_Lib/hook/pythonpath.dsv'
[11.056s] INFO:colcon.colcon_core.shell:Creating environment hook '/home/nano/projects/felix/install/Rosmaster_Lib/share/Rosmaster_Lib/hook/pythonpath.sh'
[11.059s] Level 1:colcon.colcon_core.environment:checking '/home/nano/projects/felix/install/Rosmaster_Lib/bin'
[11.059s] Level 1:colcon.colcon_core.environment:create_environment_scripts_only(Rosmaster_Lib)
[11.062s] INFO:colcon.colcon_core.shell:Creating package script '/home/nano/projects/felix/install/Rosmaster_Lib/share/Rosmaster_Lib/package.ps1'
[11.067s] INFO:colcon.colcon_core.shell:Creating package descriptor '/home/nano/projects/felix/install/Rosmaster_Lib/share/Rosmaster_Lib/package.dsv'
[11.070s] INFO:colcon.colcon_core.shell:Creating package script '/home/nano/projects/felix/install/Rosmaster_Lib/share/Rosmaster_Lib/package.sh'
[11.075s] INFO:colcon.colcon_core.shell:Creating package script '/home/nano/projects/felix/install/Rosmaster_Lib/share/Rosmaster_Lib/package.bash'
[11.081s] INFO:colcon.colcon_core.shell:Creating package script '/home/nano/projects/felix/install/Rosmaster_Lib/share/Rosmaster_Lib/package.zsh'
[11.085s] Level 1:colcon.colcon_core.environment:create_file_with_runtime_dependencies(/home/nano/projects/felix/install/Rosmaster_Lib/share/colcon-core/packages/Rosmaster_Lib)
[12.789s] Level 1:colcon.colcon_core.shell:create_environment_hook('felix_camera', 'pythonpath_develop')
[12.791s] DEBUG:colcon.colcon_core.event_handler.log_command:Invoked command in '/home/nano/projects/felix/build/felix_camera' returned '0': PYTHONPATH=/home/nano/projects/felix/build/felix_camera/prefix_override:/home/nano/projects/felix/install/felix_camera/lib/python3.6/site-packages:${PYTHONPATH} /usr/bin/python3 setup.py develop --editable --build-directory /home/nano/projects/felix/build/felix_camera/build --no-deps install_data
[12.793s] INFO:colcon.colcon_core.shell:Creating environment hook '/home/nano/projects/felix/build/felix_camera/share/felix_camera/hook/pythonpath_develop.ps1'
[12.798s] INFO:colcon.colcon_core.shell:Creating environment descriptor '/home/nano/projects/felix/build/felix_camera/share/felix_camera/hook/pythonpath_develop.dsv'
[12.802s] INFO:colcon.colcon_core.shell:Creating environment hook '/home/nano/projects/felix/build/felix_camera/share/felix_camera/hook/pythonpath_develop.sh'
[12.806s] Level 1:colcon.colcon_core.environment:checking '/home/nano/projects/felix/install/felix_camera' for CMake module files
[12.809s] Level 1:colcon.colcon_core.environment:checking '/home/nano/projects/felix/install/felix_camera' for CMake config files
[12.813s] Level 1:colcon.colcon_core.environment:checking '/home/nano/projects/felix/install/felix_camera/lib'
[12.814s] Level 1:colcon.colcon_core.environment:checking '/home/nano/projects/felix/install/felix_camera/bin'
[12.814s] Level 1:colcon.colcon_core.environment:checking '/home/nano/projects/felix/install/felix_camera/lib/pkgconfig/felix_camera.pc'
[12.815s] Level 1:colcon.colcon_core.environment:checking '/home/nano/projects/felix/install/felix_camera/lib/python3.6/site-packages'
[12.815s] Level 1:colcon.colcon_core.shell:create_environment_hook('felix_camera', 'pythonpath')
[12.817s] INFO:colcon.colcon_core.shell:Creating environment hook '/home/nano/projects/felix/install/felix_camera/share/felix_camera/hook/pythonpath.ps1'
[12.819s] INFO:colcon.colcon_core.shell:Creating environment descriptor '/home/nano/projects/felix/install/felix_camera/share/felix_camera/hook/pythonpath.dsv'
[12.820s] INFO:colcon.colcon_core.shell:Creating environment hook '/home/nano/projects/felix/install/felix_camera/share/felix_camera/hook/pythonpath.sh'
[12.822s] Level 1:colcon.colcon_core.environment:checking '/home/nano/projects/felix/install/felix_camera/bin'
[12.823s] Level 1:colcon.colcon_core.environment:create_environment_scripts_only(felix_camera)
[12.826s] INFO:colcon.colcon_core.shell:Creating package script '/home/nano/projects/felix/install/felix_camera/share/felix_camera/package.ps1'
[12.828s] INFO:colcon.colcon_core.shell:Creating package descriptor '/home/nano/projects/felix/install/felix_camera/share/felix_camera/package.dsv'
[12.830s] INFO:colcon.colcon_core.shell:Creating package script '/home/nano/projects/felix/install/felix_camera/share/felix_camera/package.sh'
[12.833s] INFO:colcon.colcon_core.shell:Creating package script '/home/nano/projects/felix/install/felix_camera/share/felix_camera/package.bash'
[12.835s] INFO:colcon.colcon_core.shell:Creating package script '/home/nano/projects/felix/install/felix_camera/share/felix_camera/package.zsh'
[12.837s] Level 1:colcon.colcon_core.environment:create_file_with_runtime_dependencies(/home/nano/projects/felix/install/felix_camera/share/colcon-core/packages/felix_camera)
[12.839s] DEBUG:colcon.colcon_parallel_executor.executor.parallel:closing loop
[12.841s] DEBUG:colcon.colcon_parallel_executor.executor.parallel:loop closed
[12.842s] DEBUG:colcon.colcon_parallel_executor.executor.parallel:run_until_complete finished with '0'
[12.842s] DEBUG:colcon.colcon_core.event_reactor:joining thread
[12.874s] INFO:colcon.colcon_core.plugin_system:Skipping extension 'colcon_notification.desktop_notification.notify_send': Could not find 'notify-send'
[12.874s] INFO:colcon.colcon_core.plugin_system:Skipping extension 'colcon_notification.desktop_notification.terminal_notifier': Not used on non-Darwin systems
[12.875s] INFO:colcon.colcon_core.plugin_system:Skipping extension 'colcon_notification.desktop_notification.win32': Not used on non-Windows systems
[12.875s] INFO:colcon.colcon_notification.desktop_notification:Sending desktop notification using 'notify2'
[12.876s] DEBUG:colcon.colcon_notification.desktop_notification.notify2:Failed to initialize notify2: org.freedesktop.DBus.Error.InvalidFileContent: D-Bus library appears to be incorrectly set up: see the manual page for dbus-uuidgen to correct this issue. (Failed to open "/var/lib/dbus/machine-id": No such file or directory; UUID file '/etc/machine-id' should contain a hex string of length 32, not length 0, with no other text)
[12.876s] DEBUG:colcon.colcon_core.event_reactor:joined thread
[12.878s] INFO:colcon.colcon_core.shell:Creating prefix script '/home/nano/projects/felix/install/local_setup.ps1'
[12.884s] INFO:colcon.colcon_core.shell:Creating prefix util module '/home/nano/projects/felix/install/_local_setup_util_ps1.py'
[12.894s] INFO:colcon.colcon_core.shell:Creating prefix chain script '/home/nano/projects/felix/install/setup.ps1'
[12.901s] INFO:colcon.colcon_core.shell:Creating prefix script '/home/nano/projects/felix/install/local_setup.sh'
[12.905s] INFO:colcon.colcon_core.shell:Creating prefix util module '/home/nano/projects/felix/install/_local_setup_util_sh.py'
[12.907s] INFO:colcon.colcon_core.shell:Creating prefix chain script '/home/nano/projects/felix/install/setup.sh'
[12.914s] INFO:colcon.colcon_core.shell:Creating prefix script '/home/nano/projects/felix/install/local_setup.bash'
[12.917s] INFO:colcon.colcon_core.shell:Creating prefix chain script '/home/nano/projects/felix/install/setup.bash'
[12.924s] INFO:colcon.colcon_core.shell:Creating prefix script '/home/nano/projects/felix/install/local_setup.zsh'
[12.927s] INFO:colcon.colcon_core.shell:Creating prefix chain script '/home/nano/projects/felix/install/setup.zsh'
