[7.931s] Invoking command in '/home/nano/projects/felix/build/felix_camera': PYTHONPATH=/home/nano/projects/felix/build/felix_camera/prefix_override:/home/nano/projects/felix/install/felix_camera/lib/python3.6/site-packages:${PYTHONPATH} /usr/bin/python3 setup.py develop --editable --build-directory /home/nano/projects/felix/build/felix_camera/build --no-deps install_data
[9.632s] running develop
[9.636s] /usr/local/lib/python3.6/dist-packages/setuptools/command/easy_install.py:159: EasyInstallDeprecationWarning: easy_install command is deprecated. Use build and pip and other standards-based tools.
[9.638s]   EasyInstallDeprecationWarning,
[9.642s] /usr/local/lib/python3.6/dist-packages/setuptools/command/install.py:37: SetuptoolsDeprecationWarning: setup.py install is deprecated. Use build and pip and other standards-based tools.
[9.643s]   setuptools.SetuptoolsDeprecationWarning,
[10.436s] running egg_info
[10.437s] writing felix_camera.egg-info/PKG-INFO
[10.441s] writing dependency_links to felix_camera.egg-info/dependency_links.txt
[10.443s] writing entry points to felix_camera.egg-info/entry_points.txt
[10.443s] writing requirements to felix_camera.egg-info/requires.txt
[10.444s] writing top-level names to felix_camera.egg-info/top_level.txt
[10.448s] reading manifest file 'felix_camera.egg-info/SOURCES.txt'
[10.453s] writing manifest file 'felix_camera.egg-info/SOURCES.txt'
[10.720s] running build_ext
[10.723s] Creating /home/nano/projects/felix/install/felix_camera/lib/python3.6/site-packages/felix-camera.egg-link (link to .)
[10.726s] Installing camera_node script to /home/nano/projects/felix/install/felix_camera/lib/felix_camera
[10.729s] 
[10.732s] Installed /home/nano/projects/felix/build/felix_camera
[10.734s] running install_data
[10.912s] Invoked command in '/home/nano/projects/felix/build/felix_camera' returned '0': PYTHONPATH=/home/nano/projects/felix/build/felix_camera/prefix_override:/home/nano/projects/felix/install/felix_camera/lib/python3.6/site-packages:${PYTHONPATH} /usr/bin/python3 setup.py develop --editable --build-directory /home/nano/projects/felix/build/felix_camera/build --no-deps install_data
