running egg_info
creating ../../build/felix_camera/felix_camera.egg-info
writing ../../build/felix_camera/felix_camera.egg-info/PKG-INFO
writing dependency_links to ../../build/felix_camera/felix_camera.egg-info/dependency_links.txt
writing entry points to ../../build/felix_camera/felix_camera.egg-info/entry_points.txt
writing requirements to ../../build/felix_camera/felix_camera.egg-info/requires.txt
writing top-level names to ../../build/felix_camera/felix_camera.egg-info/top_level.txt
writing manifest file '../../build/felix_camera/felix_camera.egg-info/SOURCES.txt'
reading manifest file '../../build/felix_camera/felix_camera.egg-info/SOURCES.txt'
writing manifest file '../../build/felix_camera/felix_camera.egg-info/SOURCES.txt'
running build
running build_py
creating /home/nano/projects/felix/build/felix_camera/build
creating /home/nano/projects/felix/build/felix_camera/build/lib
creating /home/nano/projects/felix/build/felix_camera/build/lib/felix_camera
copying felix_camera/__init__.py -> /home/nano/projects/felix/build/felix_camera/build/lib/felix_camera
copying felix_camera/camera_node.py -> /home/nano/projects/felix/build/felix_camera/build/lib/felix_camera
/usr/local/lib/python3.6/dist-packages/setuptools/command/install.py:37: SetuptoolsDeprecationWarning: setup.py install is deprecated. Use build and pip and other standards-based tools.
  setuptools.SetuptoolsDeprecationWarning,
running install
running install_lib
creating /home/nano/projects/felix/install/felix_camera/lib/python3.6/site-packages/felix_camera
copying /home/nano/projects/felix/build/felix_camera/build/lib/felix_camera/__init__.py -> /home/nano/projects/felix/install/felix_camera/lib/python3.6/site-packages/felix_camera
copying /home/nano/projects/felix/build/felix_camera/build/lib/felix_camera/camera_node.py -> /home/nano/projects/felix/install/felix_camera/lib/python3.6/site-packages/felix_camera
byte-compiling /home/nano/projects/felix/install/felix_camera/lib/python3.6/site-packages/felix_camera/__init__.py to __init__.cpython-36.pyc
byte-compiling /home/nano/projects/felix/install/felix_camera/lib/python3.6/site-packages/felix_camera/camera_node.py to camera_node.cpython-36.pyc
running install_data
creating /home/nano/projects/felix/install/felix_camera/share/ament_index
creating /home/nano/projects/felix/install/felix_camera/share/ament_index/resource_index
creating /home/nano/projects/felix/install/felix_camera/share/ament_index/resource_index/packages
copying resource/felix_camera -> /home/nano/projects/felix/install/felix_camera/share/ament_index/resource_index/packages
copying package.xml -> /home/nano/projects/felix/install/felix_camera/share/felix_camera
running install_egg_info
Copying ../../build/felix_camera/felix_camera.egg-info to /home/nano/projects/felix/install/felix_camera/lib/python3.6/site-packages/felix_camera-0.0.0-py3.6.egg-info
running install_scripts
Installing camera_node script to /home/nano/projects/felix/install/felix_camera/lib/felix_camera
writing list of installed files to '/home/nano/projects/felix/build/felix_camera/install.log'
