[6.596s] Invoking command in '/home/nano/projects/felix/src/felix_camera': PYTHONPATH=/home/nano/projects/felix/build/felix_camera/prefix_override:/home/nano/projects/felix/install/felix_camera/lib/python3.6/site-packages:${PYTHONPATH} /usr/bin/python3 setup.py egg_info --egg-base ../../build/felix_camera build --build-base /home/nano/projects/felix/build/felix_camera/build install --record /home/nano/projects/felix/build/felix_camera/install.log --single-version-externally-managed
[8.675s] running egg_info
[8.678s] creating ../../build/felix_camera/felix_camera.egg-info
[8.679s] writing ../../build/felix_camera/felix_camera.egg-info/PKG-INFO
[8.680s] writing dependency_links to ../../build/felix_camera/felix_camera.egg-info/dependency_links.txt
[8.682s] writing entry points to ../../build/felix_camera/felix_camera.egg-info/entry_points.txt
[8.685s] writing requirements to ../../build/felix_camera/felix_camera.egg-info/requires.txt
[8.686s] writing top-level names to ../../build/felix_camera/felix_camera.egg-info/top_level.txt
[8.686s] writing manifest file '../../build/felix_camera/felix_camera.egg-info/SOURCES.txt'
[8.694s] reading manifest file '../../build/felix_camera/felix_camera.egg-info/SOURCES.txt'
[8.701s] writing manifest file '../../build/felix_camera/felix_camera.egg-info/SOURCES.txt'
[8.702s] running build
[8.703s] running build_py
[8.706s] creating /home/nano/projects/felix/build/felix_camera/build
[8.706s] creating /home/nano/projects/felix/build/felix_camera/build/lib
[8.707s] creating /home/nano/projects/felix/build/felix_camera/build/lib/felix_camera
[8.716s] copying felix_camera/__init__.py -> /home/nano/projects/felix/build/felix_camera/build/lib/felix_camera
[8.717s] copying felix_camera/camera_node.py -> /home/nano/projects/felix/build/felix_camera/build/lib/felix_camera
[8.717s] /usr/local/lib/python3.6/dist-packages/setuptools/command/install.py:37: SetuptoolsDeprecationWarning: setup.py install is deprecated. Use build and pip and other standards-based tools.
[8.718s]   setuptools.SetuptoolsDeprecationWarning,
[8.719s] running install
[8.719s] running install_lib
[8.720s] creating /home/nano/projects/felix/install/felix_camera/lib/python3.6/site-packages/felix_camera
[8.721s] copying /home/nano/projects/felix/build/felix_camera/build/lib/felix_camera/__init__.py -> /home/nano/projects/felix/install/felix_camera/lib/python3.6/site-packages/felix_camera
[8.726s] copying /home/nano/projects/felix/build/felix_camera/build/lib/felix_camera/camera_node.py -> /home/nano/projects/felix/install/felix_camera/lib/python3.6/site-packages/felix_camera
[8.726s] byte-compiling /home/nano/projects/felix/install/felix_camera/lib/python3.6/site-packages/felix_camera/__init__.py to __init__.cpython-36.pyc
[8.727s] byte-compiling /home/nano/projects/felix/install/felix_camera/lib/python3.6/site-packages/felix_camera/camera_node.py to camera_node.cpython-36.pyc
[8.728s] running install_data
[8.728s] creating /home/nano/projects/felix/install/felix_camera/share/ament_index
[8.729s] creating /home/nano/projects/felix/install/felix_camera/share/ament_index/resource_index
[8.729s] creating /home/nano/projects/felix/install/felix_camera/share/ament_index/resource_index/packages
[8.730s] copying resource/felix_camera -> /home/nano/projects/felix/install/felix_camera/share/ament_index/resource_index/packages
[8.731s] copying package.xml -> /home/nano/projects/felix/install/felix_camera/share/felix_camera
[8.737s] running install_egg_info
[8.738s] Copying ../../build/felix_camera/felix_camera.egg-info to /home/nano/projects/felix/install/felix_camera/lib/python3.6/site-packages/felix_camera-0.0.0-py3.6.egg-info
[8.741s] running install_scripts
[8.836s] Installing camera_node script to /home/nano/projects/felix/install/felix_camera/lib/felix_camera
[8.840s] writing list of installed files to '/home/nano/projects/felix/build/felix_camera/install.log'
[8.973s] Invoked command in '/home/nano/projects/felix/src/felix_camera' returned '0': PYTHONPATH=/home/nano/projects/felix/build/felix_camera/prefix_override:/home/nano/projects/felix/install/felix_camera/lib/python3.6/site-packages:${PYTHONPATH} /usr/bin/python3 setup.py egg_info --egg-base ../../build/felix_camera build --build-base /home/nano/projects/felix/build/felix_camera/build install --record /home/nano/projects/felix/build/felix_camera/install.log --single-version-externally-managed
