[2.498s] DEBUG:colcon:Command line arguments: ['/usr/bin/colcon', 'build', '--symlink-install']
[2.499s] DEBUG:colcon:Parsed command line arguments: Namespace(ament_cmake_args=None, base_paths=['.'], build_base='build', catkin_cmake_args=None, catkin_skip_building_tests=False, cmake_args=None, cmake_clean_cache=False, cmake_clean_first=False, cmake_force_configure=False, cmake_target=None, cmake_target_skip_unavailable=False, continue_on_error=False, event_handlers=None, executor='parallel', ignore_user_meta=False, install_base='install', log_base=None, log_level=None, main=<bound method BuildVerb.main of <colcon_core.verb.build.BuildVerb object at 0x7fa0984a90>>, merge_install=False, metas=['./colcon.meta'], packages_above=None, packages_above_and_dependencies=None, packages_above_depth=None, packages_end=None, packages_ignore=None, packages_ignore_regex=None, packages_select=None, packages_select_build_failed=False, packages_select_by_dep=None, packages_select_regex=None, packages_select_test_failures=False, packages_skip=None, packages_skip_build_finished=False, packages_skip_by_dep=None, packages_skip_regex=None, packages_skip_test_passed=False, packages_skip_up_to=None, packages_start=None, packages_up_to=None, packages_up_to_regex=None, parallel_workers=4, paths=None, symlink_install=True, test_result_base=None, verb_extension=<colcon_core.verb.build.BuildVerb object at 0x7fa0984a90>, verb_name='build', verb_parser=<colcon_defaults.argument_parser.defaults.DefaultArgumentsDecorator object at 0x7fa07f3550>)
[2.689s] Level 1:colcon.colcon_core.package_discovery:discover_packages(colcon_meta) check parameters
[2.691s] Level 1:colcon.colcon_core.package_discovery:discover_packages(recursive) check parameters
[2.691s] Level 1:colcon.colcon_core.package_discovery:discover_packages(ignore) check parameters
[2.693s] Level 1:colcon.colcon_core.package_discovery:discover_packages(path) check parameters
[2.693s] Level 1:colcon.colcon_core.package_discovery:discover_packages(colcon_meta) discover
[2.696s] Level 1:colcon.colcon_core.package_discovery:discover_packages(recursive) discover
[2.696s] INFO:colcon.colcon_core.package_discovery:Crawling recursively for packages in '/home/nano/projects/felix'
[2.697s] Level 1:colcon.colcon_core.package_identification:_identify(.) by extensions ['ignore', 'ignore_ament_install']
[2.698s] Level 1:colcon.colcon_core.package_identification:_identify(.) by extension 'ignore'
[2.699s] Level 1:colcon.colcon_core.package_identification:_identify(.) by extension 'ignore_ament_install'
[2.701s] Level 1:colcon.colcon_core.package_identification:_identify(.) by extensions ['colcon_pkg']
[2.702s] Level 1:colcon.colcon_core.package_identification:_identify(.) by extension 'colcon_pkg'
[2.703s] Level 1:colcon.colcon_core.package_identification:_identify(.) by extensions ['colcon_meta']
[2.703s] Level 1:colcon.colcon_core.package_identification:_identify(.) by extension 'colcon_meta'
[2.704s] Level 1:colcon.colcon_core.package_identification:_identify(.) by extensions ['ros']
[2.705s] Level 1:colcon.colcon_core.package_identification:_identify(.) by extension 'ros'
[2.945s] Level 1:colcon.colcon_core.package_identification:_identify(.) by extensions ['cmake', 'python']
[2.946s] Level 1:colcon.colcon_core.package_identification:_identify(.) by extension 'cmake'
[2.948s] Level 1:colcon.colcon_core.package_identification:_identify(.) by extension 'python'
[2.949s] Level 1:colcon.colcon_core.package_identification:_identify(.) by extensions ['python_setup_py']
[2.950s] Level 1:colcon.colcon_core.package_identification:_identify(.) by extension 'python_setup_py'
[2.951s] Level 1:colcon.colcon_core.package_identification:_identify(Rosmaster_Lib) by extensions ['ignore', 'ignore_ament_install']
[2.953s] Level 1:colcon.colcon_core.package_identification:_identify(Rosmaster_Lib) by extension 'ignore'
[2.954s] Level 1:colcon.colcon_core.package_identification:_identify(Rosmaster_Lib) by extension 'ignore_ament_install'
[2.955s] Level 1:colcon.colcon_core.package_identification:_identify(Rosmaster_Lib) by extensions ['colcon_pkg']
[2.956s] Level 1:colcon.colcon_core.package_identification:_identify(Rosmaster_Lib) by extension 'colcon_pkg'
[2.957s] Level 1:colcon.colcon_core.package_identification:_identify(Rosmaster_Lib) by extensions ['colcon_meta']
[2.958s] Level 1:colcon.colcon_core.package_identification:_identify(Rosmaster_Lib) by extension 'colcon_meta'
[2.959s] Level 1:colcon.colcon_core.package_identification:_identify(Rosmaster_Lib) by extensions ['ros']
[2.960s] Level 1:colcon.colcon_core.package_identification:_identify(Rosmaster_Lib) by extension 'ros'
[2.962s] Level 1:colcon.colcon_core.package_identification:_identify(Rosmaster_Lib) by extensions ['cmake', 'python']
[2.963s] Level 1:colcon.colcon_core.package_identification:_identify(Rosmaster_Lib) by extension 'cmake'
[2.964s] Level 1:colcon.colcon_core.package_identification:_identify(Rosmaster_Lib) by extension 'python'
[2.966s] Level 1:colcon.colcon_core.package_identification:_identify(Rosmaster_Lib) by extensions ['python_setup_py']
[2.967s] Level 1:colcon.colcon_core.package_identification:_identify(Rosmaster_Lib) by extension 'python_setup_py'
[2.968s] Level 1:colcon.colcon_core.package_identification:_identify(Rosmaster_Lib/__pycache__) by extensions ['ignore', 'ignore_ament_install']
[2.970s] Level 1:colcon.colcon_core.package_identification:_identify(Rosmaster_Lib/__pycache__) by extension 'ignore'
[2.971s] Level 1:colcon.colcon_core.package_identification:_identify(Rosmaster_Lib/__pycache__) by extension 'ignore_ament_install'
[2.972s] Level 1:colcon.colcon_core.package_identification:_identify(Rosmaster_Lib/__pycache__) by extensions ['colcon_pkg']
[2.973s] Level 1:colcon.colcon_core.package_identification:_identify(Rosmaster_Lib/__pycache__) by extension 'colcon_pkg'
[2.975s] Level 1:colcon.colcon_core.package_identification:_identify(Rosmaster_Lib/__pycache__) by extensions ['colcon_meta']
[2.976s] Level 1:colcon.colcon_core.package_identification:_identify(Rosmaster_Lib/__pycache__) by extension 'colcon_meta'
[2.977s] Level 1:colcon.colcon_core.package_identification:_identify(Rosmaster_Lib/__pycache__) by extensions ['ros']
[2.978s] Level 1:colcon.colcon_core.package_identification:_identify(Rosmaster_Lib/__pycache__) by extension 'ros'
[2.980s] Level 1:colcon.colcon_core.package_identification:_identify(Rosmaster_Lib/__pycache__) by extensions ['cmake', 'python']
[2.981s] Level 1:colcon.colcon_core.package_identification:_identify(Rosmaster_Lib/__pycache__) by extension 'cmake'
[2.982s] Level 1:colcon.colcon_core.package_identification:_identify(Rosmaster_Lib/__pycache__) by extension 'python'
[2.983s] Level 1:colcon.colcon_core.package_identification:_identify(Rosmaster_Lib/__pycache__) by extensions ['python_setup_py']
[2.984s] Level 1:colcon.colcon_core.package_identification:_identify(Rosmaster_Lib/__pycache__) by extension 'python_setup_py'
[2.986s] Level 1:colcon.colcon_core.package_identification:_identify(build) by extensions ['ignore', 'ignore_ament_install']
[2.987s] Level 1:colcon.colcon_core.package_identification:_identify(build) by extension 'ignore'
[2.988s] Level 1:colcon.colcon_core.package_identification:_identify(build) ignored
[2.991s] Level 1:colcon.colcon_core.package_identification:_identify(data) by extensions ['ignore', 'ignore_ament_install']
[2.993s] Level 1:colcon.colcon_core.package_identification:_identify(data) by extension 'ignore'
[2.994s] Level 1:colcon.colcon_core.package_identification:_identify(data) by extension 'ignore_ament_install'
[2.995s] Level 1:colcon.colcon_core.package_identification:_identify(data) by extensions ['colcon_pkg']
[2.996s] Level 1:colcon.colcon_core.package_identification:_identify(data) by extension 'colcon_pkg'
[2.997s] Level 1:colcon.colcon_core.package_identification:_identify(data) by extensions ['colcon_meta']
[2.998s] Level 1:colcon.colcon_core.package_identification:_identify(data) by extension 'colcon_meta'
[3.000s] Level 1:colcon.colcon_core.package_identification:_identify(data) by extensions ['ros']
[3.001s] Level 1:colcon.colcon_core.package_identification:_identify(data) by extension 'ros'
[3.002s] Level 1:colcon.colcon_core.package_identification:_identify(data) by extensions ['cmake', 'python']
[3.003s] Level 1:colcon.colcon_core.package_identification:_identify(data) by extension 'cmake'
[3.004s] Level 1:colcon.colcon_core.package_identification:_identify(data) by extension 'python'
[3.006s] Level 1:colcon.colcon_core.package_identification:_identify(data) by extensions ['python_setup_py']
[3.007s] Level 1:colcon.colcon_core.package_identification:_identify(data) by extension 'python_setup_py'
[3.008s] Level 1:colcon.colcon_core.package_identification:_identify(dependencies) by extensions ['ignore', 'ignore_ament_install']
[3.010s] Level 1:colcon.colcon_core.package_identification:_identify(dependencies) by extension 'ignore'
[3.011s] Level 1:colcon.colcon_core.package_identification:_identify(dependencies) by extension 'ignore_ament_install'
[3.012s] Level 1:colcon.colcon_core.package_identification:_identify(dependencies) by extensions ['colcon_pkg']
[3.013s] Level 1:colcon.colcon_core.package_identification:_identify(dependencies) by extension 'colcon_pkg'
[3.014s] Level 1:colcon.colcon_core.package_identification:_identify(dependencies) by extensions ['colcon_meta']
[3.015s] Level 1:colcon.colcon_core.package_identification:_identify(dependencies) by extension 'colcon_meta'
[3.017s] Level 1:colcon.colcon_core.package_identification:_identify(dependencies) by extensions ['ros']
[3.018s] Level 1:colcon.colcon_core.package_identification:_identify(dependencies) by extension 'ros'
[3.019s] Level 1:colcon.colcon_core.package_identification:_identify(dependencies) by extensions ['cmake', 'python']
[3.020s] Level 1:colcon.colcon_core.package_identification:_identify(dependencies) by extension 'cmake'
[3.021s] Level 1:colcon.colcon_core.package_identification:_identify(dependencies) by extension 'python'
[3.023s] Level 1:colcon.colcon_core.package_identification:_identify(dependencies) by extensions ['python_setup_py']
[3.024s] Level 1:colcon.colcon_core.package_identification:_identify(dependencies) by extension 'python_setup_py'
[3.025s] Level 1:colcon.colcon_core.package_identification:_identify(dependencies/rosmaster) by extensions ['ignore', 'ignore_ament_install']
[3.027s] Level 1:colcon.colcon_core.package_identification:_identify(dependencies/rosmaster) by extension 'ignore'
[3.028s] Level 1:colcon.colcon_core.package_identification:_identify(dependencies/rosmaster) by extension 'ignore_ament_install'
[3.030s] Level 1:colcon.colcon_core.package_identification:_identify(dependencies/rosmaster) by extensions ['colcon_pkg']
[3.031s] Level 1:colcon.colcon_core.package_identification:_identify(dependencies/rosmaster) by extension 'colcon_pkg'
[3.032s] Level 1:colcon.colcon_core.package_identification:_identify(dependencies/rosmaster) by extensions ['colcon_meta']
[3.033s] Level 1:colcon.colcon_core.package_identification:_identify(dependencies/rosmaster) by extension 'colcon_meta'
[3.035s] Level 1:colcon.colcon_core.package_identification:_identify(dependencies/rosmaster) by extensions ['ros']
[3.036s] Level 1:colcon.colcon_core.package_identification:_identify(dependencies/rosmaster) by extension 'ros'
[3.038s] Level 1:colcon.colcon_core.package_identification:_identify(dependencies/rosmaster) by extensions ['cmake', 'python']
[3.038s] Level 1:colcon.colcon_core.package_identification:_identify(dependencies/rosmaster) by extension 'cmake'
[3.039s] Level 1:colcon.colcon_core.package_identification:_identify(dependencies/rosmaster) by extension 'python'
[3.040s] Level 1:colcon.colcon_core.package_identification:_identify(dependencies/rosmaster) by extensions ['python_setup_py']
[3.041s] Level 1:colcon.colcon_core.package_identification:_identify(dependencies/rosmaster) by extension 'python_setup_py'
[5.080s] DEBUG:colcon.colcon_core.package_identification:Package 'dependencies/rosmaster' with type 'python' and name 'Rosmaster_Lib'
[5.081s] Level 1:colcon.colcon_core.package_identification:_identify(install) by extensions ['ignore', 'ignore_ament_install']
[5.082s] Level 1:colcon.colcon_core.package_identification:_identify(install) by extension 'ignore'
[5.082s] Level 1:colcon.colcon_core.package_identification:_identify(install) ignored
[5.083s] Level 1:colcon.colcon_core.package_identification:_identify(log) by extensions ['ignore', 'ignore_ament_install']
[5.084s] Level 1:colcon.colcon_core.package_identification:_identify(log) by extension 'ignore'
[5.084s] Level 1:colcon.colcon_core.package_identification:_identify(log) ignored
[5.087s] Level 1:colcon.colcon_core.package_identification:_identify(src) by extensions ['ignore', 'ignore_ament_install']
[5.087s] Level 1:colcon.colcon_core.package_identification:_identify(src) by extension 'ignore'
[5.088s] Level 1:colcon.colcon_core.package_identification:_identify(src) by extension 'ignore_ament_install'
[5.089s] Level 1:colcon.colcon_core.package_identification:_identify(src) by extensions ['colcon_pkg']
[5.090s] Level 1:colcon.colcon_core.package_identification:_identify(src) by extension 'colcon_pkg'
[5.091s] Level 1:colcon.colcon_core.package_identification:_identify(src) by extensions ['colcon_meta']
[5.091s] Level 1:colcon.colcon_core.package_identification:_identify(src) by extension 'colcon_meta'
[5.092s] Level 1:colcon.colcon_core.package_identification:_identify(src) by extensions ['ros']
[5.092s] Level 1:colcon.colcon_core.package_identification:_identify(src) by extension 'ros'
[5.093s] Level 1:colcon.colcon_core.package_identification:_identify(src) by extensions ['cmake', 'python']
[5.093s] Level 1:colcon.colcon_core.package_identification:_identify(src) by extension 'cmake'
[5.094s] Level 1:colcon.colcon_core.package_identification:_identify(src) by extension 'python'
[5.094s] Level 1:colcon.colcon_core.package_identification:_identify(src) by extensions ['python_setup_py']
[5.095s] Level 1:colcon.colcon_core.package_identification:_identify(src) by extension 'python_setup_py'
[5.095s] Level 1:colcon.colcon_core.package_identification:_identify(src/__pycache__) by extensions ['ignore', 'ignore_ament_install']
[5.096s] Level 1:colcon.colcon_core.package_identification:_identify(src/__pycache__) by extension 'ignore'
[5.097s] Level 1:colcon.colcon_core.package_identification:_identify(src/__pycache__) by extension 'ignore_ament_install'
[5.097s] Level 1:colcon.colcon_core.package_identification:_identify(src/__pycache__) by extensions ['colcon_pkg']
[5.097s] Level 1:colcon.colcon_core.package_identification:_identify(src/__pycache__) by extension 'colcon_pkg'
[5.098s] Level 1:colcon.colcon_core.package_identification:_identify(src/__pycache__) by extensions ['colcon_meta']
[5.099s] Level 1:colcon.colcon_core.package_identification:_identify(src/__pycache__) by extension 'colcon_meta'
[5.100s] Level 1:colcon.colcon_core.package_identification:_identify(src/__pycache__) by extensions ['ros']
[5.100s] Level 1:colcon.colcon_core.package_identification:_identify(src/__pycache__) by extension 'ros'
[5.101s] Level 1:colcon.colcon_core.package_identification:_identify(src/__pycache__) by extensions ['cmake', 'python']
[5.102s] Level 1:colcon.colcon_core.package_identification:_identify(src/__pycache__) by extension 'cmake'
[5.103s] Level 1:colcon.colcon_core.package_identification:_identify(src/__pycache__) by extension 'python'
[5.103s] Level 1:colcon.colcon_core.package_identification:_identify(src/__pycache__) by extensions ['python_setup_py']
[5.104s] Level 1:colcon.colcon_core.package_identification:_identify(src/__pycache__) by extension 'python_setup_py'
[5.105s] Level 1:colcon.colcon_core.package_identification:_identify(src/felix) by extensions ['ignore', 'ignore_ament_install']
[5.106s] Level 1:colcon.colcon_core.package_identification:_identify(src/felix) by extension 'ignore'
[5.108s] Level 1:colcon.colcon_core.package_identification:_identify(src/felix) by extension 'ignore_ament_install'
[5.109s] Level 1:colcon.colcon_core.package_identification:_identify(src/felix) by extensions ['colcon_pkg']
[5.109s] Level 1:colcon.colcon_core.package_identification:_identify(src/felix) by extension 'colcon_pkg'
[5.110s] Level 1:colcon.colcon_core.package_identification:_identify(src/felix) by extensions ['colcon_meta']
[5.111s] Level 1:colcon.colcon_core.package_identification:_identify(src/felix) by extension 'colcon_meta'
[5.112s] Level 1:colcon.colcon_core.package_identification:_identify(src/felix) by extensions ['ros']
[5.112s] Level 1:colcon.colcon_core.package_identification:_identify(src/felix) by extension 'ros'
[5.142s] DEBUG:colcon.colcon_core.package_identification:Package 'src/felix' with type 'ros.ament_python' and name 'felix'
[5.144s] Level 1:colcon.colcon_core.package_identification:_identify(src/felix_camera) by extensions ['ignore', 'ignore_ament_install']
[5.145s] Level 1:colcon.colcon_core.package_identification:_identify(src/felix_camera) by extension 'ignore'
[5.146s] Level 1:colcon.colcon_core.package_identification:_identify(src/felix_camera) by extension 'ignore_ament_install'
[5.147s] Level 1:colcon.colcon_core.package_identification:_identify(src/felix_camera) by extensions ['colcon_pkg']
[5.148s] Level 1:colcon.colcon_core.package_identification:_identify(src/felix_camera) by extension 'colcon_pkg'
[5.149s] Level 1:colcon.colcon_core.package_identification:_identify(src/felix_camera) by extensions ['colcon_meta']
[5.150s] Level 1:colcon.colcon_core.package_identification:_identify(src/felix_camera) by extension 'colcon_meta'
[5.150s] Level 1:colcon.colcon_core.package_identification:_identify(src/felix_camera) by extensions ['ros']
[5.151s] Level 1:colcon.colcon_core.package_identification:_identify(src/felix_camera) by extension 'ros'
[5.157s] DEBUG:colcon.colcon_core.package_identification:Package 'src/felix_camera' with type 'ros.ament_python' and name 'felix_camera'
[5.158s] Level 1:colcon.colcon_core.package_discovery:discover_packages(recursive) using defaults
[5.160s] Level 1:colcon.colcon_core.package_discovery:discover_packages(ignore) discover
[5.161s] Level 1:colcon.colcon_core.package_discovery:discover_packages(ignore) using defaults
[5.161s] Level 1:colcon.colcon_core.package_discovery:discover_packages(path) discover
[5.161s] Level 1:colcon.colcon_core.package_discovery:discover_packages(path) using defaults
[5.281s] Level 5:colcon.colcon_core.verb:set package 'Rosmaster_Lib' build argument 'cmake_args' from command line to 'None'
[5.282s] Level 5:colcon.colcon_core.verb:set package 'Rosmaster_Lib' build argument 'cmake_target' from command line to 'None'
[5.283s] Level 5:colcon.colcon_core.verb:set package 'Rosmaster_Lib' build argument 'cmake_target_skip_unavailable' from command line to 'False'
[5.283s] Level 5:colcon.colcon_core.verb:set package 'Rosmaster_Lib' build argument 'cmake_clean_cache' from command line to 'False'
[5.283s] Level 5:colcon.colcon_core.verb:set package 'Rosmaster_Lib' build argument 'cmake_clean_first' from command line to 'False'
[5.283s] Level 5:colcon.colcon_core.verb:set package 'Rosmaster_Lib' build argument 'cmake_force_configure' from command line to 'False'
[5.283s] Level 5:colcon.colcon_core.verb:set package 'Rosmaster_Lib' build argument 'ament_cmake_args' from command line to 'None'
[5.284s] Level 5:colcon.colcon_core.verb:set package 'Rosmaster_Lib' build argument 'catkin_cmake_args' from command line to 'None'
[5.284s] Level 5:colcon.colcon_core.verb:set package 'Rosmaster_Lib' build argument 'catkin_skip_building_tests' from command line to 'False'
[5.284s] DEBUG:colcon.colcon_core.verb:Building package 'Rosmaster_Lib' with the following arguments: {'ament_cmake_args': None, 'build_base': '/home/nano/projects/felix/build/Rosmaster_Lib', 'catkin_cmake_args': None, 'catkin_skip_building_tests': False, 'cmake_args': None, 'cmake_clean_cache': False, 'cmake_clean_first': False, 'cmake_force_configure': False, 'cmake_target': None, 'cmake_target_skip_unavailable': False, 'install_base': '/home/nano/projects/felix/install/Rosmaster_Lib', 'merge_install': False, 'path': '/home/nano/projects/felix/dependencies/rosmaster', 'symlink_install': True, 'test_result_base': None}
[5.288s] Level 5:colcon.colcon_core.verb:set package 'felix' build argument 'cmake_args' from command line to 'None'
[5.288s] Level 5:colcon.colcon_core.verb:set package 'felix' build argument 'cmake_target' from command line to 'None'
[5.289s] Level 5:colcon.colcon_core.verb:set package 'felix' build argument 'cmake_target_skip_unavailable' from command line to 'False'
[5.289s] Level 5:colcon.colcon_core.verb:set package 'felix' build argument 'cmake_clean_cache' from command line to 'False'
[5.289s] Level 5:colcon.colcon_core.verb:set package 'felix' build argument 'cmake_clean_first' from command line to 'False'
[5.290s] Level 5:colcon.colcon_core.verb:set package 'felix' build argument 'cmake_force_configure' from command line to 'False'
[5.290s] Level 5:colcon.colcon_core.verb:set package 'felix' build argument 'ament_cmake_args' from command line to 'None'
[5.290s] Level 5:colcon.colcon_core.verb:set package 'felix' build argument 'catkin_cmake_args' from command line to 'None'
[5.290s] Level 5:colcon.colcon_core.verb:set package 'felix' build argument 'catkin_skip_building_tests' from command line to 'False'
[5.291s] DEBUG:colcon.colcon_core.verb:Building package 'felix' with the following arguments: {'ament_cmake_args': None, 'build_base': '/home/nano/projects/felix/build/felix', 'catkin_cmake_args': None, 'catkin_skip_building_tests': False, 'cmake_args': None, 'cmake_clean_cache': False, 'cmake_clean_first': False, 'cmake_force_configure': False, 'cmake_target': None, 'cmake_target_skip_unavailable': False, 'install_base': '/home/nano/projects/felix/install/felix', 'merge_install': False, 'path': '/home/nano/projects/felix/src/felix', 'symlink_install': True, 'test_result_base': None}
[5.295s] Level 5:colcon.colcon_core.verb:set package 'felix_camera' build argument 'cmake_args' from command line to 'None'
[5.295s] Level 5:colcon.colcon_core.verb:set package 'felix_camera' build argument 'cmake_target' from command line to 'None'
[5.295s] Level 5:colcon.colcon_core.verb:set package 'felix_camera' build argument 'cmake_target_skip_unavailable' from command line to 'False'
[5.296s] Level 5:colcon.colcon_core.verb:set package 'felix_camera' build argument 'cmake_clean_cache' from command line to 'False'
[5.296s] Level 5:colcon.colcon_core.verb:set package 'felix_camera' build argument 'cmake_clean_first' from command line to 'False'
[5.296s] Level 5:colcon.colcon_core.verb:set package 'felix_camera' build argument 'cmake_force_configure' from command line to 'False'
[5.296s] Level 5:colcon.colcon_core.verb:set package 'felix_camera' build argument 'ament_cmake_args' from command line to 'None'
[5.296s] Level 5:colcon.colcon_core.verb:set package 'felix_camera' build argument 'catkin_cmake_args' from command line to 'None'
[5.297s] Level 5:colcon.colcon_core.verb:set package 'felix_camera' build argument 'catkin_skip_building_tests' from command line to 'False'
[5.297s] DEBUG:colcon.colcon_core.verb:Building package 'felix_camera' with the following arguments: {'ament_cmake_args': None, 'build_base': '/home/nano/projects/felix/build/felix_camera', 'catkin_cmake_args': None, 'catkin_skip_building_tests': False, 'cmake_args': None, 'cmake_clean_cache': False, 'cmake_clean_first': False, 'cmake_force_configure': False, 'cmake_target': None, 'cmake_target_skip_unavailable': False, 'install_base': '/home/nano/projects/felix/install/felix_camera', 'merge_install': False, 'path': '/home/nano/projects/felix/src/felix_camera', 'symlink_install': True, 'test_result_base': None}
[5.299s] INFO:colcon.colcon_core.executor:Executing jobs using 'parallel' executor
[5.306s] DEBUG:colcon.colcon_parallel_executor.executor.parallel:run_until_complete
[5.309s] INFO:colcon.colcon_core.task.python.build:Building Python package in '/home/nano/projects/felix/dependencies/rosmaster'
[5.324s] INFO:colcon.colcon_core.plugin_system:Skipping extension 'colcon_core.shell.bat': Not used on non-Windows systems
[5.327s] INFO:colcon.colcon_core.shell:Skip shell extension 'powershell' for command environment: Not usable outside of PowerShell
[5.328s] DEBUG:colcon.colcon_core.shell:Skip shell extension 'dsv' for command environment
[5.385s] INFO:colcon.colcon_ros.task.ament_python.build:Building ROS package in '/home/nano/projects/felix/src/felix' with build type 'ament_python'
[5.387s] Level 1:colcon.colcon_core.shell:create_environment_hook('felix', 'ament_prefix_path')
[5.390s] INFO:colcon.colcon_core.shell:Creating environment hook '/home/nano/projects/felix/install/felix/share/felix/hook/ament_prefix_path.ps1'
[5.396s] INFO:colcon.colcon_core.shell:Creating environment descriptor '/home/nano/projects/felix/install/felix/share/felix/hook/ament_prefix_path.dsv'
[5.399s] INFO:colcon.colcon_core.shell:Creating environment hook '/home/nano/projects/felix/install/felix/share/felix/hook/ament_prefix_path.sh'
[5.405s] INFO:colcon.colcon_core.shell:Skip shell extension 'powershell' for command environment: Not usable outside of PowerShell
[5.405s] DEBUG:colcon.colcon_core.shell:Skip shell extension 'dsv' for command environment
[5.455s] INFO:colcon.colcon_ros.task.ament_python.build:Building ROS package in '/home/nano/projects/felix/src/felix_camera' with build type 'ament_python'
[5.456s] Level 1:colcon.colcon_core.shell:create_environment_hook('felix_camera', 'ament_prefix_path')
[5.460s] INFO:colcon.colcon_core.shell:Creating environment hook '/home/nano/projects/felix/install/felix_camera/share/felix_camera/hook/ament_prefix_path.ps1'
[5.464s] INFO:colcon.colcon_core.shell:Creating environment descriptor '/home/nano/projects/felix/install/felix_camera/share/felix_camera/hook/ament_prefix_path.dsv'
[5.466s] INFO:colcon.colcon_core.shell:Creating environment hook '/home/nano/projects/felix/install/felix_camera/share/felix_camera/hook/ament_prefix_path.sh'
[5.469s] INFO:colcon.colcon_core.shell:Skip shell extension 'powershell' for command environment: Not usable outside of PowerShell
[5.470s] DEBUG:colcon.colcon_core.shell:Skip shell extension 'dsv' for command environment
[9.679s] INFO:colcon.colcon_core.task.python.build:Building Python package in '/home/nano/projects/felix/src/felix'
[9.683s] INFO:colcon.colcon_core.shell:Skip shell extension 'powershell' for command environment: Not usable outside of PowerShell
[9.684s] DEBUG:colcon.colcon_core.shell:Skip shell extension 'dsv' for command environment
[11.748s] INFO:colcon.colcon_core.task.python.build:Building Python package in '/home/nano/projects/felix/src/felix_camera'
[11.751s] INFO:colcon.colcon_core.shell:Skip shell extension 'powershell' for command environment: Not usable outside of PowerShell
[11.751s] DEBUG:colcon.colcon_core.shell:Skip shell extension 'dsv' for command environment
[11.819s] DEBUG:colcon.colcon_core.event_handler.log_command:Invoking command in '/home/nano/projects/felix/build/Rosmaster_Lib': PYTHONPATH=/home/nano/projects/felix/build/Rosmaster_Lib/prefix_override:/home/nano/projects/felix/install/Rosmaster_Lib/lib/python3.6/site-packages:${PYTHONPATH} /usr/bin/python3 setup.py develop --editable --build-directory /home/nano/projects/felix/build/Rosmaster_Lib/build --no-deps
[15.176s] DEBUG:colcon.colcon_core.event_handler.log_command:Invoking command in '/home/nano/projects/felix/build/felix_camera': PYTHONPATH=/home/nano/projects/felix/build/felix_camera/prefix_override:/home/nano/projects/felix/install/felix_camera/lib/python3.6/site-packages:${PYTHONPATH} /usr/bin/python3 setup.py develop --editable --build-directory /home/nano/projects/felix/build/felix_camera/build --no-deps install_data
[15.285s] DEBUG:colcon.colcon_core.event_handler.log_command:Invoking command in '/home/nano/projects/felix/build/felix': PYTHONPATH=/home/nano/projects/felix/build/felix/prefix_override:/home/nano/projects/felix/install/felix/lib/python3.6/site-packages:${PYTHONPATH} /usr/bin/python3 setup.py develop --editable --build-directory /home/nano/projects/felix/build/felix/build --no-deps install_data
[16.318s] Level 1:colcon.colcon_core.shell:create_environment_hook('Rosmaster_Lib', 'pythonpath_develop')
[16.325s] INFO:colcon.colcon_core.shell:Creating environment hook '/home/nano/projects/felix/build/Rosmaster_Lib/share/Rosmaster_Lib/hook/pythonpath_develop.ps1'
[16.323s] DEBUG:colcon.colcon_core.event_handler.log_command:Invoked command in '/home/nano/projects/felix/build/Rosmaster_Lib' returned '0': PYTHONPATH=/home/nano/projects/felix/build/Rosmaster_Lib/prefix_override:/home/nano/projects/felix/install/Rosmaster_Lib/lib/python3.6/site-packages:${PYTHONPATH} /usr/bin/python3 setup.py develop --editable --build-directory /home/nano/projects/felix/build/Rosmaster_Lib/build --no-deps
[16.333s] INFO:colcon.colcon_core.shell:Creating environment descriptor '/home/nano/projects/felix/build/Rosmaster_Lib/share/Rosmaster_Lib/hook/pythonpath_develop.dsv'
[16.338s] INFO:colcon.colcon_core.shell:Creating environment hook '/home/nano/projects/felix/build/Rosmaster_Lib/share/Rosmaster_Lib/hook/pythonpath_develop.sh'
[16.383s] Level 1:colcon.colcon_core.environment:checking '/home/nano/projects/felix/install/Rosmaster_Lib' for CMake module files
[16.407s] Level 1:colcon.colcon_core.environment:checking '/home/nano/projects/felix/install/Rosmaster_Lib' for CMake config files
[16.419s] Level 1:colcon.colcon_core.environment:checking '/home/nano/projects/felix/install/Rosmaster_Lib/lib'
[16.421s] Level 1:colcon.colcon_core.environment:checking '/home/nano/projects/felix/install/Rosmaster_Lib/bin'
[16.422s] Level 1:colcon.colcon_core.environment:checking '/home/nano/projects/felix/install/Rosmaster_Lib/lib/pkgconfig/Rosmaster_Lib.pc'
[16.425s] Level 1:colcon.colcon_core.environment:checking '/home/nano/projects/felix/install/Rosmaster_Lib/lib/python3.6/site-packages'
[16.426s] Level 1:colcon.colcon_core.shell:create_environment_hook('Rosmaster_Lib', 'pythonpath')
[16.430s] INFO:colcon.colcon_core.shell:Creating environment hook '/home/nano/projects/felix/install/Rosmaster_Lib/share/Rosmaster_Lib/hook/pythonpath.ps1'
[16.438s] INFO:colcon.colcon_core.shell:Creating environment descriptor '/home/nano/projects/felix/install/Rosmaster_Lib/share/Rosmaster_Lib/hook/pythonpath.dsv'
[16.444s] INFO:colcon.colcon_core.shell:Creating environment hook '/home/nano/projects/felix/install/Rosmaster_Lib/share/Rosmaster_Lib/hook/pythonpath.sh'
[16.452s] Level 1:colcon.colcon_core.environment:checking '/home/nano/projects/felix/install/Rosmaster_Lib/bin'
[16.453s] Level 1:colcon.colcon_core.environment:create_environment_scripts_only(Rosmaster_Lib)
[16.459s] INFO:colcon.colcon_core.shell:Creating package script '/home/nano/projects/felix/install/Rosmaster_Lib/share/Rosmaster_Lib/package.ps1'
[16.478s] INFO:colcon.colcon_core.shell:Creating package descriptor '/home/nano/projects/felix/install/Rosmaster_Lib/share/Rosmaster_Lib/package.dsv'
[16.485s] INFO:colcon.colcon_core.shell:Creating package script '/home/nano/projects/felix/install/Rosmaster_Lib/share/Rosmaster_Lib/package.sh'
[16.499s] INFO:colcon.colcon_core.shell:Creating package script '/home/nano/projects/felix/install/Rosmaster_Lib/share/Rosmaster_Lib/package.bash'
[16.512s] INFO:colcon.colcon_core.shell:Creating package script '/home/nano/projects/felix/install/Rosmaster_Lib/share/Rosmaster_Lib/package.zsh'
[16.518s] Level 1:colcon.colcon_core.environment:create_file_with_runtime_dependencies(/home/nano/projects/felix/install/Rosmaster_Lib/share/colcon-core/packages/Rosmaster_Lib)
[18.856s] Level 1:colcon.colcon_core.shell:create_environment_hook('felix', 'pythonpath_develop')
[18.859s] DEBUG:colcon.colcon_core.event_handler.log_command:Invoked command in '/home/nano/projects/felix/build/felix' returned '0': PYTHONPATH=/home/nano/projects/felix/build/felix/prefix_override:/home/nano/projects/felix/install/felix/lib/python3.6/site-packages:${PYTHONPATH} /usr/bin/python3 setup.py develop --editable --build-directory /home/nano/projects/felix/build/felix/build --no-deps install_data
[18.861s] INFO:colcon.colcon_core.shell:Creating environment hook '/home/nano/projects/felix/build/felix/share/felix/hook/pythonpath_develop.ps1'
[18.865s] INFO:colcon.colcon_core.shell:Creating environment descriptor '/home/nano/projects/felix/build/felix/share/felix/hook/pythonpath_develop.dsv'
[18.869s] INFO:colcon.colcon_core.shell:Creating environment hook '/home/nano/projects/felix/build/felix/share/felix/hook/pythonpath_develop.sh'
[18.873s] Level 1:colcon.colcon_core.environment:checking '/home/nano/projects/felix/install/felix' for CMake module files
[18.879s] Level 1:colcon.colcon_core.environment:checking '/home/nano/projects/felix/install/felix' for CMake config files
[18.884s] Level 1:colcon.colcon_core.environment:checking '/home/nano/projects/felix/install/felix/lib'
[18.885s] Level 1:colcon.colcon_core.environment:checking '/home/nano/projects/felix/install/felix/bin'
[18.886s] Level 1:colcon.colcon_core.environment:checking '/home/nano/projects/felix/install/felix/lib/pkgconfig/felix.pc'
[18.887s] Level 1:colcon.colcon_core.environment:checking '/home/nano/projects/felix/install/felix/lib/python3.6/site-packages'
[18.888s] Level 1:colcon.colcon_core.shell:create_environment_hook('felix', 'pythonpath')
[18.890s] INFO:colcon.colcon_core.shell:Creating environment hook '/home/nano/projects/felix/install/felix/share/felix/hook/pythonpath.ps1'
[18.893s] INFO:colcon.colcon_core.shell:Creating environment descriptor '/home/nano/projects/felix/install/felix/share/felix/hook/pythonpath.dsv'
[18.895s] INFO:colcon.colcon_core.shell:Creating environment hook '/home/nano/projects/felix/install/felix/share/felix/hook/pythonpath.sh'
[18.899s] Level 1:colcon.colcon_core.environment:checking '/home/nano/projects/felix/install/felix/bin'
[18.900s] Level 1:colcon.colcon_core.environment:create_environment_scripts_only(felix)
[18.903s] INFO:colcon.colcon_core.shell:Creating package script '/home/nano/projects/felix/install/felix/share/felix/package.ps1'
[18.907s] INFO:colcon.colcon_core.shell:Creating package descriptor '/home/nano/projects/felix/install/felix/share/felix/package.dsv'
[18.910s] INFO:colcon.colcon_core.shell:Creating package script '/home/nano/projects/felix/install/felix/share/felix/package.sh'
[18.913s] INFO:colcon.colcon_core.shell:Creating package script '/home/nano/projects/felix/install/felix/share/felix/package.bash'
[18.915s] INFO:colcon.colcon_core.shell:Creating package script '/home/nano/projects/felix/install/felix/share/felix/package.zsh'
[18.917s] Level 1:colcon.colcon_core.environment:create_file_with_runtime_dependencies(/home/nano/projects/felix/install/felix/share/colcon-core/packages/felix)
[19.082s] Level 1:colcon.colcon_core.shell:create_environment_hook('felix_camera', 'pythonpath_develop')
[19.085s] INFO:colcon.colcon_core.shell:Creating environment hook '/home/nano/projects/felix/build/felix_camera/share/felix_camera/hook/pythonpath_develop.ps1'
[19.086s] DEBUG:colcon.colcon_core.event_handler.log_command:Invoked command in '/home/nano/projects/felix/build/felix_camera' returned '0': PYTHONPATH=/home/nano/projects/felix/build/felix_camera/prefix_override:/home/nano/projects/felix/install/felix_camera/lib/python3.6/site-packages:${PYTHONPATH} /usr/bin/python3 setup.py develop --editable --build-directory /home/nano/projects/felix/build/felix_camera/build --no-deps install_data
[19.088s] INFO:colcon.colcon_core.shell:Creating environment descriptor '/home/nano/projects/felix/build/felix_camera/share/felix_camera/hook/pythonpath_develop.dsv'
[19.091s] INFO:colcon.colcon_core.shell:Creating environment hook '/home/nano/projects/felix/build/felix_camera/share/felix_camera/hook/pythonpath_develop.sh'
[19.095s] Level 1:colcon.colcon_core.environment:checking '/home/nano/projects/felix/install/felix_camera' for CMake module files
[19.100s] Level 1:colcon.colcon_core.environment:checking '/home/nano/projects/felix/install/felix_camera' for CMake config files
[19.105s] Level 1:colcon.colcon_core.environment:checking '/home/nano/projects/felix/install/felix_camera/lib'
[19.105s] Level 1:colcon.colcon_core.environment:checking '/home/nano/projects/felix/install/felix_camera/bin'
[19.106s] Level 1:colcon.colcon_core.environment:checking '/home/nano/projects/felix/install/felix_camera/lib/pkgconfig/felix_camera.pc'
[19.107s] Level 1:colcon.colcon_core.environment:checking '/home/nano/projects/felix/install/felix_camera/lib/python3.6/site-packages'
[19.108s] Level 1:colcon.colcon_core.shell:create_environment_hook('felix_camera', 'pythonpath')
[19.110s] INFO:colcon.colcon_core.shell:Creating environment hook '/home/nano/projects/felix/install/felix_camera/share/felix_camera/hook/pythonpath.ps1'
[19.113s] INFO:colcon.colcon_core.shell:Creating environment descriptor '/home/nano/projects/felix/install/felix_camera/share/felix_camera/hook/pythonpath.dsv'
[19.115s] INFO:colcon.colcon_core.shell:Creating environment hook '/home/nano/projects/felix/install/felix_camera/share/felix_camera/hook/pythonpath.sh'
[19.118s] Level 1:colcon.colcon_core.environment:checking '/home/nano/projects/felix/install/felix_camera/bin'
[19.119s] Level 1:colcon.colcon_core.environment:create_environment_scripts_only(felix_camera)
[19.122s] INFO:colcon.colcon_core.shell:Creating package script '/home/nano/projects/felix/install/felix_camera/share/felix_camera/package.ps1'
[19.125s] INFO:colcon.colcon_core.shell:Creating package descriptor '/home/nano/projects/felix/install/felix_camera/share/felix_camera/package.dsv'
[19.128s] INFO:colcon.colcon_core.shell:Creating package script '/home/nano/projects/felix/install/felix_camera/share/felix_camera/package.sh'
[19.131s] INFO:colcon.colcon_core.shell:Creating package script '/home/nano/projects/felix/install/felix_camera/share/felix_camera/package.bash'
[19.133s] INFO:colcon.colcon_core.shell:Creating package script '/home/nano/projects/felix/install/felix_camera/share/felix_camera/package.zsh'
[19.135s] Level 1:colcon.colcon_core.environment:create_file_with_runtime_dependencies(/home/nano/projects/felix/install/felix_camera/share/colcon-core/packages/felix_camera)
[19.137s] DEBUG:colcon.colcon_parallel_executor.executor.parallel:closing loop
[19.140s] DEBUG:colcon.colcon_parallel_executor.executor.parallel:loop closed
[19.141s] DEBUG:colcon.colcon_parallel_executor.executor.parallel:run_until_complete finished with '0'
[19.142s] DEBUG:colcon.colcon_core.event_reactor:joining thread
[19.173s] INFO:colcon.colcon_core.plugin_system:Skipping extension 'colcon_notification.desktop_notification.notify_send': Could not find 'notify-send'
[19.174s] INFO:colcon.colcon_core.plugin_system:Skipping extension 'colcon_notification.desktop_notification.terminal_notifier': Not used on non-Darwin systems
[19.174s] INFO:colcon.colcon_core.plugin_system:Skipping extension 'colcon_notification.desktop_notification.win32': Not used on non-Windows systems
[19.175s] INFO:colcon.colcon_notification.desktop_notification:Sending desktop notification using 'notify2'
[19.175s] DEBUG:colcon.colcon_notification.desktop_notification.notify2:Failed to initialize notify2: org.freedesktop.DBus.Error.NotSupported: Unable to autolaunch a dbus-daemon without a $DISPLAY for X11
[19.175s] DEBUG:colcon.colcon_core.event_reactor:joined thread
[19.177s] INFO:colcon.colcon_core.shell:Creating prefix script '/home/nano/projects/felix/install/local_setup.ps1'
[19.183s] INFO:colcon.colcon_core.shell:Creating prefix util module '/home/nano/projects/felix/install/_local_setup_util_ps1.py'
[19.194s] INFO:colcon.colcon_core.shell:Creating prefix chain script '/home/nano/projects/felix/install/setup.ps1'
[19.201s] INFO:colcon.colcon_core.shell:Creating prefix script '/home/nano/projects/felix/install/local_setup.sh'
[19.204s] INFO:colcon.colcon_core.shell:Creating prefix util module '/home/nano/projects/felix/install/_local_setup_util_sh.py'
[19.207s] INFO:colcon.colcon_core.shell:Creating prefix chain script '/home/nano/projects/felix/install/setup.sh'
[19.214s] INFO:colcon.colcon_core.shell:Creating prefix script '/home/nano/projects/felix/install/local_setup.bash'
[19.218s] INFO:colcon.colcon_core.shell:Creating prefix chain script '/home/nano/projects/felix/install/setup.bash'
[19.224s] INFO:colcon.colcon_core.shell:Creating prefix script '/home/nano/projects/felix/install/local_setup.zsh'
[19.228s] INFO:colcon.colcon_core.shell:Creating prefix chain script '/home/nano/projects/felix/install/setup.zsh'
