[7.959s] Invoking command in '/home/nano/projects/felix/build/felix': PYTHONPATH=/home/nano/projects/felix/build/felix/prefix_override:/home/nano/projects/felix/install/felix/lib/python3.6/site-packages:${PYTHONPATH} /usr/bin/python3 setup.py develop --editable --build-directory /home/nano/projects/felix/build/felix/build --no-deps install_data
[9.671s] running develop
[9.676s] /usr/local/lib/python3.6/dist-packages/setuptools/command/easy_install.py:159: EasyInstallDeprecationWarning: easy_install command is deprecated. Use build and pip and other standards-based tools.
[9.678s]   EasyInstallDeprecationWarning,
[9.680s] /usr/local/lib/python3.6/dist-packages/setuptools/command/install.py:37: SetuptoolsDeprecationWarning: setup.py install is deprecated. Use build and pip and other standards-based tools.
[9.682s]   setuptools.SetuptoolsDeprecationWarning,
[10.481s] running egg_info
[10.489s] writing felix.egg-info/PKG-INFO
[10.492s] writing dependency_links to felix.egg-info/dependency_links.txt
[10.493s] writing entry points to felix.egg-info/entry_points.txt
[10.494s] writing requirements to felix.egg-info/requires.txt
[10.495s] writing top-level names to felix.egg-info/top_level.txt
[10.495s] reading manifest file 'felix.egg-info/SOURCES.txt'
[10.496s] writing manifest file 'felix.egg-info/SOURCES.txt'
[10.757s] running build_ext
[10.760s] Creating /home/nano/projects/felix/install/felix/lib/python3.6/site-packages/felix.egg-link (link to .)
[10.761s] Installing app script to /home/nano/projects/felix/install/felix/lib/felix
[10.763s] 
[10.765s] Installed /home/nano/projects/felix/build/felix
[10.767s] running install_data
[10.770s] copying package.xml -> /home/nano/projects/felix/install/felix/share/felix
[10.914s] Invoked command in '/home/nano/projects/felix/build/felix' returned '0': PYTHONPATH=/home/nano/projects/felix/build/felix/prefix_override:/home/nano/projects/felix/install/felix/lib/python3.6/site-packages:${PYTHONPATH} /usr/bin/python3 setup.py develop --editable --build-directory /home/nano/projects/felix/build/felix/build --no-deps install_data
