[2.166s] DEBUG:colcon:Command line arguments: ['/usr/bin/colcon', 'build']
[2.167s] DEBUG:colcon:Parsed command line arguments: Namespace(ament_cmake_args=None, base_paths=['.'], build_base='build', catkin_cmake_args=None, catkin_skip_building_tests=False, cmake_args=None, cmake_clean_cache=False, cmake_clean_first=False, cmake_force_configure=False, cmake_target=None, cmake_target_skip_unavailable=False, continue_on_error=False, event_handlers=None, executor='parallel', ignore_user_meta=False, install_base='install', log_base=None, log_level=None, main=<bound method BuildVerb.main of <colcon_core.verb.build.BuildVerb object at 0x7fa6223c50>>, merge_install=False, metas=['./colcon.meta'], packages_above=None, packages_above_and_dependencies=None, packages_above_depth=None, packages_end=None, packages_ignore=None, packages_ignore_regex=None, packages_select=None, packages_select_build_failed=False, packages_select_by_dep=None, packages_select_regex=None, packages_select_test_failures=False, packages_skip=None, packages_skip_build_finished=False, packages_skip_by_dep=None, packages_skip_regex=None, packages_skip_test_passed=False, packages_skip_up_to=None, packages_start=None, packages_up_to=None, packages_up_to_regex=None, parallel_workers=4, paths=None, symlink_install=False, test_result_base=None, verb_extension=<colcon_core.verb.build.BuildVerb object at 0x7fa6223c50>, verb_name='build', verb_parser=<colcon_defaults.argument_parser.defaults.DefaultArgumentsDecorator object at 0x7fa6090710>)
[2.303s] Level 1:colcon.colcon_core.package_discovery:discover_packages(colcon_meta) check parameters
[2.304s] Level 1:colcon.colcon_core.package_discovery:discover_packages(recursive) check parameters
[2.304s] Level 1:colcon.colcon_core.package_discovery:discover_packages(ignore) check parameters
[2.304s] Level 1:colcon.colcon_core.package_discovery:discover_packages(path) check parameters
[2.304s] Level 1:colcon.colcon_core.package_discovery:discover_packages(colcon_meta) discover
[2.306s] Level 1:colcon.colcon_core.package_discovery:discover_packages(recursive) discover
[2.306s] INFO:colcon.colcon_core.package_discovery:Crawling recursively for packages in '/home/nano/projects/felix'
[2.306s] Level 1:colcon.colcon_core.package_identification:_identify(.) by extensions ['ignore', 'ignore_ament_install']
[2.307s] Level 1:colcon.colcon_core.package_identification:_identify(.) by extension 'ignore'
[2.307s] Level 1:colcon.colcon_core.package_identification:_identify(.) by extension 'ignore_ament_install'
[2.308s] Level 1:colcon.colcon_core.package_identification:_identify(.) by extensions ['colcon_pkg']
[2.308s] Level 1:colcon.colcon_core.package_identification:_identify(.) by extension 'colcon_pkg'
[2.308s] Level 1:colcon.colcon_core.package_identification:_identify(.) by extensions ['colcon_meta']
[2.308s] Level 1:colcon.colcon_core.package_identification:_identify(.) by extension 'colcon_meta'
[2.308s] Level 1:colcon.colcon_core.package_identification:_identify(.) by extensions ['ros']
[2.309s] Level 1:colcon.colcon_core.package_identification:_identify(.) by extension 'ros'
[2.501s] Level 1:colcon.colcon_core.package_identification:_identify(.) by extensions ['cmake', 'python']
[2.501s] Level 1:colcon.colcon_core.package_identification:_identify(.) by extension 'cmake'
[2.502s] Level 1:colcon.colcon_core.package_identification:_identify(.) by extension 'python'
[2.502s] Level 1:colcon.colcon_core.package_identification:_identify(.) by extensions ['python_setup_py']
[2.502s] Level 1:colcon.colcon_core.package_identification:_identify(.) by extension 'python_setup_py'
[2.503s] Level 1:colcon.colcon_core.package_identification:_identify(Rosmaster_Lib) by extensions ['ignore', 'ignore_ament_install']
[2.503s] Level 1:colcon.colcon_core.package_identification:_identify(Rosmaster_Lib) by extension 'ignore'
[2.503s] Level 1:colcon.colcon_core.package_identification:_identify(Rosmaster_Lib) by extension 'ignore_ament_install'
[2.504s] Level 1:colcon.colcon_core.package_identification:_identify(Rosmaster_Lib) by extensions ['colcon_pkg']
[2.504s] Level 1:colcon.colcon_core.package_identification:_identify(Rosmaster_Lib) by extension 'colcon_pkg'
[2.504s] Level 1:colcon.colcon_core.package_identification:_identify(Rosmaster_Lib) by extensions ['colcon_meta']
[2.504s] Level 1:colcon.colcon_core.package_identification:_identify(Rosmaster_Lib) by extension 'colcon_meta'
[2.505s] Level 1:colcon.colcon_core.package_identification:_identify(Rosmaster_Lib) by extensions ['ros']
[2.505s] Level 1:colcon.colcon_core.package_identification:_identify(Rosmaster_Lib) by extension 'ros'
[2.505s] Level 1:colcon.colcon_core.package_identification:_identify(Rosmaster_Lib) by extensions ['cmake', 'python']
[2.506s] Level 1:colcon.colcon_core.package_identification:_identify(Rosmaster_Lib) by extension 'cmake'
[2.506s] Level 1:colcon.colcon_core.package_identification:_identify(Rosmaster_Lib) by extension 'python'
[2.506s] Level 1:colcon.colcon_core.package_identification:_identify(Rosmaster_Lib) by extensions ['python_setup_py']
[2.506s] Level 1:colcon.colcon_core.package_identification:_identify(Rosmaster_Lib) by extension 'python_setup_py'
[2.507s] Level 1:colcon.colcon_core.package_identification:_identify(Rosmaster_Lib/__pycache__) by extensions ['ignore', 'ignore_ament_install']
[2.507s] Level 1:colcon.colcon_core.package_identification:_identify(Rosmaster_Lib/__pycache__) by extension 'ignore'
[2.508s] Level 1:colcon.colcon_core.package_identification:_identify(Rosmaster_Lib/__pycache__) by extension 'ignore_ament_install'
[2.508s] Level 1:colcon.colcon_core.package_identification:_identify(Rosmaster_Lib/__pycache__) by extensions ['colcon_pkg']
[2.508s] Level 1:colcon.colcon_core.package_identification:_identify(Rosmaster_Lib/__pycache__) by extension 'colcon_pkg'
[2.508s] Level 1:colcon.colcon_core.package_identification:_identify(Rosmaster_Lib/__pycache__) by extensions ['colcon_meta']
[2.509s] Level 1:colcon.colcon_core.package_identification:_identify(Rosmaster_Lib/__pycache__) by extension 'colcon_meta'
[2.509s] Level 1:colcon.colcon_core.package_identification:_identify(Rosmaster_Lib/__pycache__) by extensions ['ros']
[2.509s] Level 1:colcon.colcon_core.package_identification:_identify(Rosmaster_Lib/__pycache__) by extension 'ros'
[2.510s] Level 1:colcon.colcon_core.package_identification:_identify(Rosmaster_Lib/__pycache__) by extensions ['cmake', 'python']
[2.510s] Level 1:colcon.colcon_core.package_identification:_identify(Rosmaster_Lib/__pycache__) by extension 'cmake'
[2.510s] Level 1:colcon.colcon_core.package_identification:_identify(Rosmaster_Lib/__pycache__) by extension 'python'
[2.510s] Level 1:colcon.colcon_core.package_identification:_identify(Rosmaster_Lib/__pycache__) by extensions ['python_setup_py']
[2.510s] Level 1:colcon.colcon_core.package_identification:_identify(Rosmaster_Lib/__pycache__) by extension 'python_setup_py'
[2.511s] Level 1:colcon.colcon_core.package_identification:_identify(build) by extensions ['ignore', 'ignore_ament_install']
[2.511s] Level 1:colcon.colcon_core.package_identification:_identify(build) by extension 'ignore'
[2.512s] Level 1:colcon.colcon_core.package_identification:_identify(build) ignored
[2.513s] Level 1:colcon.colcon_core.package_identification:_identify(data) by extensions ['ignore', 'ignore_ament_install']
[2.514s] Level 1:colcon.colcon_core.package_identification:_identify(data) by extension 'ignore'
[2.514s] Level 1:colcon.colcon_core.package_identification:_identify(data) by extension 'ignore_ament_install'
[2.514s] Level 1:colcon.colcon_core.package_identification:_identify(data) by extensions ['colcon_pkg']
[2.515s] Level 1:colcon.colcon_core.package_identification:_identify(data) by extension 'colcon_pkg'
[2.515s] Level 1:colcon.colcon_core.package_identification:_identify(data) by extensions ['colcon_meta']
[2.515s] Level 1:colcon.colcon_core.package_identification:_identify(data) by extension 'colcon_meta'
[2.515s] Level 1:colcon.colcon_core.package_identification:_identify(data) by extensions ['ros']
[2.515s] Level 1:colcon.colcon_core.package_identification:_identify(data) by extension 'ros'
[2.516s] Level 1:colcon.colcon_core.package_identification:_identify(data) by extensions ['cmake', 'python']
[2.516s] Level 1:colcon.colcon_core.package_identification:_identify(data) by extension 'cmake'
[2.516s] Level 1:colcon.colcon_core.package_identification:_identify(data) by extension 'python'
[2.517s] Level 1:colcon.colcon_core.package_identification:_identify(data) by extensions ['python_setup_py']
[2.517s] Level 1:colcon.colcon_core.package_identification:_identify(data) by extension 'python_setup_py'
[2.517s] Level 1:colcon.colcon_core.package_identification:_identify(dependencies) by extensions ['ignore', 'ignore_ament_install']
[2.518s] Level 1:colcon.colcon_core.package_identification:_identify(dependencies) by extension 'ignore'
[2.518s] Level 1:colcon.colcon_core.package_identification:_identify(dependencies) by extension 'ignore_ament_install'
[2.518s] Level 1:colcon.colcon_core.package_identification:_identify(dependencies) by extensions ['colcon_pkg']
[2.519s] Level 1:colcon.colcon_core.package_identification:_identify(dependencies) by extension 'colcon_pkg'
[2.519s] Level 1:colcon.colcon_core.package_identification:_identify(dependencies) by extensions ['colcon_meta']
[2.519s] Level 1:colcon.colcon_core.package_identification:_identify(dependencies) by extension 'colcon_meta'
[2.519s] Level 1:colcon.colcon_core.package_identification:_identify(dependencies) by extensions ['ros']
[2.519s] Level 1:colcon.colcon_core.package_identification:_identify(dependencies) by extension 'ros'
[2.520s] Level 1:colcon.colcon_core.package_identification:_identify(dependencies) by extensions ['cmake', 'python']
[2.520s] Level 1:colcon.colcon_core.package_identification:_identify(dependencies) by extension 'cmake'
[2.520s] Level 1:colcon.colcon_core.package_identification:_identify(dependencies) by extension 'python'
[2.521s] Level 1:colcon.colcon_core.package_identification:_identify(dependencies) by extensions ['python_setup_py']
[2.521s] Level 1:colcon.colcon_core.package_identification:_identify(dependencies) by extension 'python_setup_py'
[2.522s] Level 1:colcon.colcon_core.package_identification:_identify(dependencies/rosmaster) by extensions ['ignore', 'ignore_ament_install']
[2.522s] Level 1:colcon.colcon_core.package_identification:_identify(dependencies/rosmaster) by extension 'ignore'
[2.522s] Level 1:colcon.colcon_core.package_identification:_identify(dependencies/rosmaster) by extension 'ignore_ament_install'
[2.523s] Level 1:colcon.colcon_core.package_identification:_identify(dependencies/rosmaster) by extensions ['colcon_pkg']
[2.523s] Level 1:colcon.colcon_core.package_identification:_identify(dependencies/rosmaster) by extension 'colcon_pkg'
[2.523s] Level 1:colcon.colcon_core.package_identification:_identify(dependencies/rosmaster) by extensions ['colcon_meta']
[2.523s] Level 1:colcon.colcon_core.package_identification:_identify(dependencies/rosmaster) by extension 'colcon_meta'
[2.523s] Level 1:colcon.colcon_core.package_identification:_identify(dependencies/rosmaster) by extensions ['ros']
[2.524s] Level 1:colcon.colcon_core.package_identification:_identify(dependencies/rosmaster) by extension 'ros'
[2.524s] Level 1:colcon.colcon_core.package_identification:_identify(dependencies/rosmaster) by extensions ['cmake', 'python']
[2.524s] Level 1:colcon.colcon_core.package_identification:_identify(dependencies/rosmaster) by extension 'cmake'
[2.525s] Level 1:colcon.colcon_core.package_identification:_identify(dependencies/rosmaster) by extension 'python'
[2.525s] Level 1:colcon.colcon_core.package_identification:_identify(dependencies/rosmaster) by extensions ['python_setup_py']
[2.525s] Level 1:colcon.colcon_core.package_identification:_identify(dependencies/rosmaster) by extension 'python_setup_py'
[4.028s] DEBUG:colcon.colcon_core.package_identification:Package 'dependencies/rosmaster' with type 'python' and name 'Rosmaster_Lib'
[4.029s] Level 1:colcon.colcon_core.package_identification:_identify(install) by extensions ['ignore', 'ignore_ament_install']
[4.030s] Level 1:colcon.colcon_core.package_identification:_identify(install) by extension 'ignore'
[4.030s] Level 1:colcon.colcon_core.package_identification:_identify(install) ignored
[4.031s] Level 1:colcon.colcon_core.package_identification:_identify(log) by extensions ['ignore', 'ignore_ament_install']
[4.031s] Level 1:colcon.colcon_core.package_identification:_identify(log) by extension 'ignore'
[4.031s] Level 1:colcon.colcon_core.package_identification:_identify(log) ignored
[4.032s] Level 1:colcon.colcon_core.package_identification:_identify(src) by extensions ['ignore', 'ignore_ament_install']
[4.032s] Level 1:colcon.colcon_core.package_identification:_identify(src) by extension 'ignore'
[4.033s] Level 1:colcon.colcon_core.package_identification:_identify(src) by extension 'ignore_ament_install'
[4.033s] Level 1:colcon.colcon_core.package_identification:_identify(src) by extensions ['colcon_pkg']
[4.033s] Level 1:colcon.colcon_core.package_identification:_identify(src) by extension 'colcon_pkg'
[4.033s] Level 1:colcon.colcon_core.package_identification:_identify(src) by extensions ['colcon_meta']
[4.034s] Level 1:colcon.colcon_core.package_identification:_identify(src) by extension 'colcon_meta'
[4.034s] Level 1:colcon.colcon_core.package_identification:_identify(src) by extensions ['ros']
[4.034s] Level 1:colcon.colcon_core.package_identification:_identify(src) by extension 'ros'
[4.035s] Level 1:colcon.colcon_core.package_identification:_identify(src) by extensions ['cmake', 'python']
[4.035s] Level 1:colcon.colcon_core.package_identification:_identify(src) by extension 'cmake'
[4.035s] Level 1:colcon.colcon_core.package_identification:_identify(src) by extension 'python'
[4.035s] Level 1:colcon.colcon_core.package_identification:_identify(src) by extensions ['python_setup_py']
[4.036s] Level 1:colcon.colcon_core.package_identification:_identify(src) by extension 'python_setup_py'
[4.036s] Level 1:colcon.colcon_core.package_identification:_identify(src/__pycache__) by extensions ['ignore', 'ignore_ament_install']
[4.036s] Level 1:colcon.colcon_core.package_identification:_identify(src/__pycache__) by extension 'ignore'
[4.037s] Level 1:colcon.colcon_core.package_identification:_identify(src/__pycache__) by extension 'ignore_ament_install'
[4.037s] Level 1:colcon.colcon_core.package_identification:_identify(src/__pycache__) by extensions ['colcon_pkg']
[4.037s] Level 1:colcon.colcon_core.package_identification:_identify(src/__pycache__) by extension 'colcon_pkg'
[4.038s] Level 1:colcon.colcon_core.package_identification:_identify(src/__pycache__) by extensions ['colcon_meta']
[4.038s] Level 1:colcon.colcon_core.package_identification:_identify(src/__pycache__) by extension 'colcon_meta'
[4.038s] Level 1:colcon.colcon_core.package_identification:_identify(src/__pycache__) by extensions ['ros']
[4.038s] Level 1:colcon.colcon_core.package_identification:_identify(src/__pycache__) by extension 'ros'
[4.039s] Level 1:colcon.colcon_core.package_identification:_identify(src/__pycache__) by extensions ['cmake', 'python']
[4.039s] Level 1:colcon.colcon_core.package_identification:_identify(src/__pycache__) by extension 'cmake'
[4.039s] Level 1:colcon.colcon_core.package_identification:_identify(src/__pycache__) by extension 'python'
[4.039s] Level 1:colcon.colcon_core.package_identification:_identify(src/__pycache__) by extensions ['python_setup_py']
[4.040s] Level 1:colcon.colcon_core.package_identification:_identify(src/__pycache__) by extension 'python_setup_py'
[4.040s] Level 1:colcon.colcon_core.package_identification:_identify(src/felix_camera) by extensions ['ignore', 'ignore_ament_install']
[4.041s] Level 1:colcon.colcon_core.package_identification:_identify(src/felix_camera) by extension 'ignore'
[4.041s] Level 1:colcon.colcon_core.package_identification:_identify(src/felix_camera) by extension 'ignore_ament_install'
[4.041s] Level 1:colcon.colcon_core.package_identification:_identify(src/felix_camera) by extensions ['colcon_pkg']
[4.041s] Level 1:colcon.colcon_core.package_identification:_identify(src/felix_camera) by extension 'colcon_pkg'
[4.042s] Level 1:colcon.colcon_core.package_identification:_identify(src/felix_camera) by extensions ['colcon_meta']
[4.042s] Level 1:colcon.colcon_core.package_identification:_identify(src/felix_camera) by extension 'colcon_meta'
[4.042s] Level 1:colcon.colcon_core.package_identification:_identify(src/felix_camera) by extensions ['ros']
[4.042s] Level 1:colcon.colcon_core.package_identification:_identify(src/felix_camera) by extension 'ros'
[4.063s] DEBUG:colcon.colcon_core.package_identification:Package 'src/felix_camera' with type 'ros.ament_python' and name 'felix_camera'
[4.063s] Level 1:colcon.colcon_core.package_discovery:discover_packages(recursive) using defaults
[4.065s] Level 1:colcon.colcon_core.package_discovery:discover_packages(ignore) discover
[4.065s] Level 1:colcon.colcon_core.package_discovery:discover_packages(ignore) using defaults
[4.065s] Level 1:colcon.colcon_core.package_discovery:discover_packages(path) discover
[4.065s] Level 1:colcon.colcon_core.package_discovery:discover_packages(path) using defaults
[4.178s] Level 5:colcon.colcon_core.verb:set package 'Rosmaster_Lib' build argument 'cmake_args' from command line to 'None'
[4.178s] Level 5:colcon.colcon_core.verb:set package 'Rosmaster_Lib' build argument 'cmake_target' from command line to 'None'
[4.178s] Level 5:colcon.colcon_core.verb:set package 'Rosmaster_Lib' build argument 'cmake_target_skip_unavailable' from command line to 'False'
[4.178s] Level 5:colcon.colcon_core.verb:set package 'Rosmaster_Lib' build argument 'cmake_clean_cache' from command line to 'False'
[4.179s] Level 5:colcon.colcon_core.verb:set package 'Rosmaster_Lib' build argument 'cmake_clean_first' from command line to 'False'
[4.179s] Level 5:colcon.colcon_core.verb:set package 'Rosmaster_Lib' build argument 'cmake_force_configure' from command line to 'False'
[4.179s] Level 5:colcon.colcon_core.verb:set package 'Rosmaster_Lib' build argument 'ament_cmake_args' from command line to 'None'
[4.179s] Level 5:colcon.colcon_core.verb:set package 'Rosmaster_Lib' build argument 'catkin_cmake_args' from command line to 'None'
[4.179s] Level 5:colcon.colcon_core.verb:set package 'Rosmaster_Lib' build argument 'catkin_skip_building_tests' from command line to 'False'
[4.180s] DEBUG:colcon.colcon_core.verb:Building package 'Rosmaster_Lib' with the following arguments: {'ament_cmake_args': None, 'build_base': '/home/nano/projects/felix/build/Rosmaster_Lib', 'catkin_cmake_args': None, 'catkin_skip_building_tests': False, 'cmake_args': None, 'cmake_clean_cache': False, 'cmake_clean_first': False, 'cmake_force_configure': False, 'cmake_target': None, 'cmake_target_skip_unavailable': False, 'install_base': '/home/nano/projects/felix/install/Rosmaster_Lib', 'merge_install': False, 'path': '/home/nano/projects/felix/dependencies/rosmaster', 'symlink_install': False, 'test_result_base': None}
[4.183s] Level 5:colcon.colcon_core.verb:set package 'felix_camera' build argument 'cmake_args' from command line to 'None'
[4.183s] Level 5:colcon.colcon_core.verb:set package 'felix_camera' build argument 'cmake_target' from command line to 'None'
[4.183s] Level 5:colcon.colcon_core.verb:set package 'felix_camera' build argument 'cmake_target_skip_unavailable' from command line to 'False'
[4.183s] Level 5:colcon.colcon_core.verb:set package 'felix_camera' build argument 'cmake_clean_cache' from command line to 'False'
[4.183s] Level 5:colcon.colcon_core.verb:set package 'felix_camera' build argument 'cmake_clean_first' from command line to 'False'
[4.184s] Level 5:colcon.colcon_core.verb:set package 'felix_camera' build argument 'cmake_force_configure' from command line to 'False'
[4.184s] Level 5:colcon.colcon_core.verb:set package 'felix_camera' build argument 'ament_cmake_args' from command line to 'None'
[4.184s] Level 5:colcon.colcon_core.verb:set package 'felix_camera' build argument 'catkin_cmake_args' from command line to 'None'
[4.184s] Level 5:colcon.colcon_core.verb:set package 'felix_camera' build argument 'catkin_skip_building_tests' from command line to 'False'
[4.184s] DEBUG:colcon.colcon_core.verb:Building package 'felix_camera' with the following arguments: {'ament_cmake_args': None, 'build_base': '/home/nano/projects/felix/build/felix_camera', 'catkin_cmake_args': None, 'catkin_skip_building_tests': False, 'cmake_args': None, 'cmake_clean_cache': False, 'cmake_clean_first': False, 'cmake_force_configure': False, 'cmake_target': None, 'cmake_target_skip_unavailable': False, 'install_base': '/home/nano/projects/felix/install/felix_camera', 'merge_install': False, 'path': '/home/nano/projects/felix/src/felix_camera', 'symlink_install': False, 'test_result_base': None}
[4.186s] INFO:colcon.colcon_core.executor:Executing jobs using 'parallel' executor
[4.192s] DEBUG:colcon.colcon_parallel_executor.executor.parallel:run_until_complete
[4.193s] INFO:colcon.colcon_core.task.python.build:Building Python package in '/home/nano/projects/felix/dependencies/rosmaster'
[4.209s] INFO:colcon.colcon_core.plugin_system:Skipping extension 'colcon_core.shell.bat': Not used on non-Windows systems
[4.211s] INFO:colcon.colcon_core.shell:Skip shell extension 'powershell' for command environment: Not usable outside of PowerShell
[4.211s] DEBUG:colcon.colcon_core.shell:Skip shell extension 'dsv' for command environment
[4.267s] INFO:colcon.colcon_ros.task.ament_python.build:Building ROS package in '/home/nano/projects/felix/src/felix_camera' with build type 'ament_python'
[4.268s] Level 1:colcon.colcon_core.shell:create_environment_hook('felix_camera', 'ament_prefix_path')
[4.271s] INFO:colcon.colcon_core.shell:Creating environment hook '/home/nano/projects/felix/install/felix_camera/share/felix_camera/hook/ament_prefix_path.ps1'
[4.275s] INFO:colcon.colcon_core.shell:Creating environment descriptor '/home/nano/projects/felix/install/felix_camera/share/felix_camera/hook/ament_prefix_path.dsv'
[4.278s] INFO:colcon.colcon_core.shell:Creating environment hook '/home/nano/projects/felix/install/felix_camera/share/felix_camera/hook/ament_prefix_path.sh'
[4.284s] INFO:colcon.colcon_core.shell:Skip shell extension 'powershell' for command environment: Not usable outside of PowerShell
[4.284s] DEBUG:colcon.colcon_core.shell:Skip shell extension 'dsv' for command environment
[7.532s] INFO:colcon.colcon_core.task.python.build:Building Python package in '/home/nano/projects/felix/src/felix_camera'
[7.534s] INFO:colcon.colcon_core.shell:Skip shell extension 'powershell' for command environment: Not usable outside of PowerShell
[7.535s] DEBUG:colcon.colcon_core.shell:Skip shell extension 'dsv' for command environment
[8.447s] DEBUG:colcon.colcon_core.event_handler.log_command:Invoking command in '/home/nano/projects/felix/dependencies/rosmaster': PYTHONPATH=/home/nano/projects/felix/build/Rosmaster_Lib/prefix_override:/home/nano/projects/felix/install/Rosmaster_Lib/lib/python3.6/site-packages:${PYTHONPATH} /usr/bin/python3 setup.py egg_info --egg-base ../../build/Rosmaster_Lib build --build-base /home/nano/projects/felix/build/Rosmaster_Lib/build install --record /home/nano/projects/felix/build/Rosmaster_Lib/install.log --single-version-externally-managed
[10.865s] DEBUG:colcon.colcon_core.event_handler.log_command:Invoking command in '/home/nano/projects/felix/src/felix_camera': PYTHONPATH=/home/nano/projects/felix/build/felix_camera/prefix_override:/home/nano/projects/felix/install/felix_camera/lib/python3.6/site-packages:${PYTHONPATH} /usr/bin/python3 setup.py egg_info --egg-base ../../build/felix_camera build --build-base /home/nano/projects/felix/build/felix_camera/build install --record /home/nano/projects/felix/build/felix_camera/install.log --single-version-externally-managed
[11.555s] DEBUG:colcon.colcon_core.event_handler.log_command:Invoked command in '/home/nano/projects/felix/dependencies/rosmaster' returned '0': PYTHONPATH=/home/nano/projects/felix/build/Rosmaster_Lib/prefix_override:/home/nano/projects/felix/install/Rosmaster_Lib/lib/python3.6/site-packages:${PYTHONPATH} /usr/bin/python3 setup.py egg_info --egg-base ../../build/Rosmaster_Lib build --build-base /home/nano/projects/felix/build/Rosmaster_Lib/build install --record /home/nano/projects/felix/build/Rosmaster_Lib/install.log --single-version-externally-managed
[11.635s] Level 1:colcon.colcon_core.environment:checking '/home/nano/projects/felix/install/Rosmaster_Lib' for CMake module files
[11.646s] Level 1:colcon.colcon_core.environment:checking '/home/nano/projects/felix/install/Rosmaster_Lib' for CMake config files
[11.658s] Level 1:colcon.colcon_core.environment:checking '/home/nano/projects/felix/install/Rosmaster_Lib/lib'
[11.659s] Level 1:colcon.colcon_core.environment:checking '/home/nano/projects/felix/install/Rosmaster_Lib/bin'
[11.660s] Level 1:colcon.colcon_core.environment:checking '/home/nano/projects/felix/install/Rosmaster_Lib/lib/pkgconfig/Rosmaster_Lib.pc'
[11.661s] Level 1:colcon.colcon_core.environment:checking '/home/nano/projects/felix/install/Rosmaster_Lib/lib/python3.6/site-packages'
[11.661s] Level 1:colcon.colcon_core.shell:create_environment_hook('Rosmaster_Lib', 'pythonpath')
[11.663s] INFO:colcon.colcon_core.shell:Creating environment hook '/home/nano/projects/felix/install/Rosmaster_Lib/share/Rosmaster_Lib/hook/pythonpath.ps1'
[11.669s] INFO:colcon.colcon_core.shell:Creating environment descriptor '/home/nano/projects/felix/install/Rosmaster_Lib/share/Rosmaster_Lib/hook/pythonpath.dsv'
[11.681s] INFO:colcon.colcon_core.shell:Creating environment hook '/home/nano/projects/felix/install/Rosmaster_Lib/share/Rosmaster_Lib/hook/pythonpath.sh'
[11.695s] Level 1:colcon.colcon_core.environment:checking '/home/nano/projects/felix/install/Rosmaster_Lib/bin'
[11.695s] Level 1:colcon.colcon_core.environment:create_environment_scripts_only(Rosmaster_Lib)
[11.698s] INFO:colcon.colcon_core.shell:Creating package script '/home/nano/projects/felix/install/Rosmaster_Lib/share/Rosmaster_Lib/package.ps1'
[11.716s] INFO:colcon.colcon_core.shell:Creating package descriptor '/home/nano/projects/felix/install/Rosmaster_Lib/share/Rosmaster_Lib/package.dsv'
[11.738s] INFO:colcon.colcon_core.shell:Creating package script '/home/nano/projects/felix/install/Rosmaster_Lib/share/Rosmaster_Lib/package.sh'
[11.753s] INFO:colcon.colcon_core.shell:Creating package script '/home/nano/projects/felix/install/Rosmaster_Lib/share/Rosmaster_Lib/package.bash'
[11.766s] INFO:colcon.colcon_core.shell:Creating package script '/home/nano/projects/felix/install/Rosmaster_Lib/share/Rosmaster_Lib/package.zsh'
[11.774s] Level 1:colcon.colcon_core.environment:create_file_with_runtime_dependencies(/home/nano/projects/felix/install/Rosmaster_Lib/share/colcon-core/packages/Rosmaster_Lib)
[13.227s] Level 1:colcon.colcon_core.environment:checking '/home/nano/projects/felix/install/felix_camera' for CMake module files
[13.231s] Level 1:colcon.colcon_core.environment:checking '/home/nano/projects/felix/install/felix_camera' for CMake config files
[13.236s] Level 1:colcon.colcon_core.environment:checking '/home/nano/projects/felix/install/felix_camera/lib'
[13.236s] Level 1:colcon.colcon_core.environment:checking '/home/nano/projects/felix/install/felix_camera/bin'
[13.238s] Level 1:colcon.colcon_core.environment:checking '/home/nano/projects/felix/install/felix_camera/lib/pkgconfig/felix_camera.pc'
[13.239s] Level 1:colcon.colcon_core.environment:checking '/home/nano/projects/felix/install/felix_camera/lib/python3.6/site-packages'
[13.241s] DEBUG:colcon.colcon_core.event_handler.log_command:Invoked command in '/home/nano/projects/felix/src/felix_camera' returned '0': PYTHONPATH=/home/nano/projects/felix/build/felix_camera/prefix_override:/home/nano/projects/felix/install/felix_camera/lib/python3.6/site-packages:${PYTHONPATH} /usr/bin/python3 setup.py egg_info --egg-base ../../build/felix_camera build --build-base /home/nano/projects/felix/build/felix_camera/build install --record /home/nano/projects/felix/build/felix_camera/install.log --single-version-externally-managed
[13.242s] Level 1:colcon.colcon_core.shell:create_environment_hook('felix_camera', 'pythonpath')
[13.246s] INFO:colcon.colcon_core.shell:Creating environment hook '/home/nano/projects/felix/install/felix_camera/share/felix_camera/hook/pythonpath.ps1'
[13.249s] INFO:colcon.colcon_core.shell:Creating environment descriptor '/home/nano/projects/felix/install/felix_camera/share/felix_camera/hook/pythonpath.dsv'
[13.255s] INFO:colcon.colcon_core.shell:Creating environment hook '/home/nano/projects/felix/install/felix_camera/share/felix_camera/hook/pythonpath.sh'
[13.258s] Level 1:colcon.colcon_core.environment:checking '/home/nano/projects/felix/install/felix_camera/bin'
[13.258s] Level 1:colcon.colcon_core.environment:create_environment_scripts_only(felix_camera)
[13.261s] INFO:colcon.colcon_core.shell:Creating package script '/home/nano/projects/felix/install/felix_camera/share/felix_camera/package.ps1'
[13.263s] INFO:colcon.colcon_core.shell:Creating package descriptor '/home/nano/projects/felix/install/felix_camera/share/felix_camera/package.dsv'
[13.266s] INFO:colcon.colcon_core.shell:Creating package script '/home/nano/projects/felix/install/felix_camera/share/felix_camera/package.sh'
[13.274s] INFO:colcon.colcon_core.shell:Creating package script '/home/nano/projects/felix/install/felix_camera/share/felix_camera/package.bash'
[13.276s] INFO:colcon.colcon_core.shell:Creating package script '/home/nano/projects/felix/install/felix_camera/share/felix_camera/package.zsh'
[13.278s] Level 1:colcon.colcon_core.environment:create_file_with_runtime_dependencies(/home/nano/projects/felix/install/felix_camera/share/colcon-core/packages/felix_camera)
[13.280s] DEBUG:colcon.colcon_parallel_executor.executor.parallel:closing loop
[13.284s] DEBUG:colcon.colcon_parallel_executor.executor.parallel:loop closed
[13.284s] DEBUG:colcon.colcon_parallel_executor.executor.parallel:run_until_complete finished with '0'
[13.285s] DEBUG:colcon.colcon_core.event_reactor:joining thread
[13.330s] INFO:colcon.colcon_core.plugin_system:Skipping extension 'colcon_notification.desktop_notification.notify_send': Could not find 'notify-send'
[13.331s] INFO:colcon.colcon_core.plugin_system:Skipping extension 'colcon_notification.desktop_notification.terminal_notifier': Not used on non-Darwin systems
[13.332s] INFO:colcon.colcon_core.plugin_system:Skipping extension 'colcon_notification.desktop_notification.win32': Not used on non-Windows systems
[13.332s] INFO:colcon.colcon_notification.desktop_notification:Sending desktop notification using 'notify2'
[13.341s] DEBUG:colcon.colcon_notification.desktop_notification.notify2:Failed to initialize notify2: org.freedesktop.DBus.Error.InvalidFileContent: D-Bus library appears to be incorrectly set up: see the manual page for dbus-uuidgen to correct this issue. (Failed to open "/var/lib/dbus/machine-id": No such file or directory; UUID file '/etc/machine-id' should contain a hex string of length 32, not length 0, with no other text)
[13.341s] DEBUG:colcon.colcon_core.event_reactor:joined thread
[13.344s] INFO:colcon.colcon_core.shell:Creating prefix script '/home/nano/projects/felix/install/local_setup.ps1'
[13.351s] INFO:colcon.colcon_core.shell:Creating prefix util module '/home/nano/projects/felix/install/_local_setup_util_ps1.py'
[13.362s] INFO:colcon.colcon_core.shell:Creating prefix chain script '/home/nano/projects/felix/install/setup.ps1'
[13.371s] INFO:colcon.colcon_core.shell:Creating prefix script '/home/nano/projects/felix/install/local_setup.sh'
[13.376s] INFO:colcon.colcon_core.shell:Creating prefix util module '/home/nano/projects/felix/install/_local_setup_util_sh.py'
[13.380s] INFO:colcon.colcon_core.shell:Creating prefix chain script '/home/nano/projects/felix/install/setup.sh'
[13.389s] INFO:colcon.colcon_core.shell:Creating prefix script '/home/nano/projects/felix/install/local_setup.bash'
[13.394s] INFO:colcon.colcon_core.shell:Creating prefix chain script '/home/nano/projects/felix/install/setup.bash'
[13.401s] INFO:colcon.colcon_core.shell:Creating prefix script '/home/nano/projects/felix/install/local_setup.zsh'
[13.408s] INFO:colcon.colcon_core.shell:Creating prefix chain script '/home/nano/projects/felix/install/setup.zsh'
