[5.990s] Invoking command in '/home/nano/projects/felix/src/felix_camera': PYTHONPATH=/home/nano/projects/felix/build/felix_camera/prefix_override:/home/nano/projects/felix/install/felix_camera/lib/python3.6/site-packages:${PYTHONPATH} /usr/bin/python3 setup.py egg_info --egg-base ../../build/felix_camera build --build-base /home/nano/projects/felix/build/felix_camera/build install --record /home/nano/projects/felix/build/felix_camera/install.log --single-version-externally-managed
[7.516s] running egg_info
[7.520s] writing ../../build/felix_camera/felix_camera.egg-info/PKG-INFO
[7.522s] writing dependency_links to ../../build/felix_camera/felix_camera.egg-info/dependency_links.txt
[7.522s] writing entry points to ../../build/felix_camera/felix_camera.egg-info/entry_points.txt
[7.523s] writing requirements to ../../build/felix_camera/felix_camera.egg-info/requires.txt
[7.523s] writing top-level names to ../../build/felix_camera/felix_camera.egg-info/top_level.txt
[7.531s] reading manifest file '../../build/felix_camera/felix_camera.egg-info/SOURCES.txt'
[7.540s] writing manifest file '../../build/felix_camera/felix_camera.egg-info/SOURCES.txt'
[7.541s] running build
[7.543s] running build_py
[7.545s] copying felix_camera/camera_node.py -> /home/nano/projects/felix/build/felix_camera/build/lib/felix_camera
[7.547s] running install
[7.549s] /usr/local/lib/python3.6/dist-packages/setuptools/command/install.py:37: SetuptoolsDeprecationWarning: setup.py install is deprecated. Use build and pip and other standards-based tools.
[7.551s]   setuptools.SetuptoolsDeprecationWarning,
[7.553s] running install_lib
[7.554s] copying /home/nano/projects/felix/build/felix_camera/build/lib/felix_camera/camera_node.py -> /home/nano/projects/felix/install/felix_camera/lib/python3.6/site-packages/felix_camera
[7.555s] byte-compiling /home/nano/projects/felix/install/felix_camera/lib/python3.6/site-packages/felix_camera/camera_node.py to camera_node.cpython-36.pyc
[7.555s] running install_data
[7.556s] copying package.xml -> /home/nano/projects/felix/install/felix_camera/share/felix_camera
[7.557s] running install_egg_info
[7.563s] removing '/home/nano/projects/felix/install/felix_camera/lib/python3.6/site-packages/felix_camera-0.0.0-py3.6.egg-info' (and everything under it)
[7.565s] Copying ../../build/felix_camera/felix_camera.egg-info to /home/nano/projects/felix/install/felix_camera/lib/python3.6/site-packages/felix_camera-0.0.0-py3.6.egg-info
[7.570s] running install_scripts
[7.654s] Installing camera_node script to /home/nano/projects/felix/install/felix_camera/lib/felix_camera
[7.656s] writing list of installed files to '/home/nano/projects/felix/build/felix_camera/install.log'
[7.770s] Invoked command in '/home/nano/projects/felix/src/felix_camera' returned '0': PYTHONPATH=/home/nano/projects/felix/build/felix_camera/prefix_override:/home/nano/projects/felix/install/felix_camera/lib/python3.6/site-packages:${PYTHONPATH} /usr/bin/python3 setup.py egg_info --egg-base ../../build/felix_camera build --build-base /home/nano/projects/felix/build/felix_camera/build install --record /home/nano/projects/felix/build/felix_camera/install.log --single-version-externally-managed
