[7.439s] Invoking command in '/felix/build/felix_camera': PYTHONPATH=/felix/build/felix_camera/prefix_override:/felix/install/felix_camera/lib/python3.6/site-packages:${PYTHONPATH} /usr/bin/python3 setup.py develop --editable --build-directory /felix/build/felix_camera/build --no-deps install_data
[9.071s] running develop
[9.073s] /usr/local/lib/python3.6/dist-packages/setuptools/command/easy_install.py:159: EasyInstallDeprecationWarning: easy_install command is deprecated. Use build and pip and other standards-based tools.
[9.074s]   EasyInstallDeprecationWarning,
[9.077s] /usr/local/lib/python3.6/dist-packages/setuptools/command/install.py:37: SetuptoolsDeprecationWarning: setup.py install is deprecated. Use build and pip and other standards-based tools.
[9.077s]   setuptools.SetuptoolsDeprecationWarning,
[9.824s] running egg_info
[9.825s] writing felix_camera.egg-info/PKG-INFO
[9.826s] writing dependency_links to felix_camera.egg-info/dependency_links.txt
[9.827s] writing entry points to felix_camera.egg-info/entry_points.txt
[9.828s] writing requirements to felix_camera.egg-info/requires.txt
[9.828s] writing top-level names to felix_camera.egg-info/top_level.txt
[9.836s] reading manifest file 'felix_camera.egg-info/SOURCES.txt'
[9.841s] writing manifest file 'felix_camera.egg-info/SOURCES.txt'
[10.107s] running build_ext
[10.109s] Creating /felix/install/felix_camera/lib/python3.6/site-packages/felix-camera.egg-link (link to .)
[10.111s] Installing camera_node script to /felix/install/felix_camera/lib/felix_camera
[10.113s] 
[10.114s] Installed /felix/build/felix_camera
[10.116s] running install_data
[10.265s] Invoked command in '/felix/build/felix_camera' returned '0': PYTHONPATH=/felix/build/felix_camera/prefix_override:/felix/install/felix_camera/lib/python3.6/site-packages:${PYTHONPATH} /usr/bin/python3 setup.py develop --editable --build-directory /felix/build/felix_camera/build --no-deps install_data
