[7.830s] Invoking command in '/home/nano/projects/felix/build/felix': PYTHONPATH=/home/nano/projects/felix/build/felix/prefix_override:/home/nano/projects/felix/install/felix/lib/python3.6/site-packages:${PYTHONPATH} /usr/bin/python3 setup.py develop --editable --build-directory /home/nano/projects/felix/build/felix/build --no-deps install_data
[9.559s] running develop
[9.562s] /usr/local/lib/python3.6/dist-packages/setuptools/command/easy_install.py:159: EasyInstallDeprecationWarning: easy_install command is deprecated. Use build and pip and other standards-based tools.
[9.564s]   EasyInstallDeprecationWarning,
[9.566s] /usr/local/lib/python3.6/dist-packages/setuptools/command/install.py:37: SetuptoolsDeprecationWarning: setup.py install is deprecated. Use build and pip and other standards-based tools.
[9.569s]   setuptools.SetuptoolsDeprecationWarning,
[10.373s] running egg_info
[10.377s] creating felix.egg-info
[10.386s] writing felix.egg-info/PKG-INFO
[10.389s] writing dependency_links to felix.egg-info/dependency_links.txt
[10.392s] writing entry points to felix.egg-info/entry_points.txt
[10.395s] writing requirements to felix.egg-info/requires.txt
[10.398s] writing top-level names to felix.egg-info/top_level.txt
[10.403s] writing manifest file 'felix.egg-info/SOURCES.txt'
[10.407s] reading manifest file 'felix.egg-info/SOURCES.txt'
[10.410s] writing manifest file 'felix.egg-info/SOURCES.txt'
[10.650s] running build_ext
[10.654s] Creating /home/nano/projects/felix/install/felix/lib/python3.6/site-packages/felix.egg-link (link to .)
[10.665s] Installing app script to /home/nano/projects/felix/install/felix/lib/felix
[10.668s] 
[10.671s] Installed /home/nano/projects/felix/build/felix
[10.676s] running install_data
[10.679s] creating /home/nano/projects/felix/install/felix/share/ament_index
[10.682s] creating /home/nano/projects/felix/install/felix/share/ament_index/resource_index
[10.684s] creating /home/nano/projects/felix/install/felix/share/ament_index/resource_index/packages
[10.687s] copying resource/felix -> /home/nano/projects/felix/install/felix/share/ament_index/resource_index/packages
[10.689s] copying package.xml -> /home/nano/projects/felix/install/felix/share/felix
[10.818s] Invoked command in '/home/nano/projects/felix/build/felix' returned '0': PYTHONPATH=/home/nano/projects/felix/build/felix/prefix_override:/home/nano/projects/felix/install/felix/lib/python3.6/site-packages:${PYTHONPATH} /usr/bin/python3 setup.py develop --editable --build-directory /home/nano/projects/felix/build/felix/build --no-deps install_data
