[7.487s] Invoking command in '/felix/build/felix': PYTHONPATH=/felix/build/felix/prefix_override:/felix/install/felix/lib/python3.6/site-packages:${PYTHONPATH} /usr/bin/python3 setup.py develop --editable --build-directory /felix/build/felix/build --no-deps install_data
[9.103s] running develop
[9.105s] /usr/local/lib/python3.6/dist-packages/setuptools/command/easy_install.py:159: EasyInstallDeprecationWarning: easy_install command is deprecated. Use build and pip and other standards-based tools.
[9.106s]   EasyInstallDeprecationWarning,
[9.110s] /usr/local/lib/python3.6/dist-packages/setuptools/command/install.py:37: SetuptoolsDeprecationWarning: setup.py install is deprecated. Use build and pip and other standards-based tools.
[9.111s]   setuptools.SetuptoolsDeprecationWarning,
[9.854s] running egg_info
[9.855s] writing felix.egg-info/PKG-INFO
[9.856s] writing dependency_links to felix.egg-info/dependency_links.txt
[9.857s] writing entry points to felix.egg-info/entry_points.txt
[9.858s] writing requirements to felix.egg-info/requires.txt
[9.858s] writing top-level names to felix.egg-info/top_level.txt
[9.865s] reading manifest file 'felix.egg-info/SOURCES.txt'
[9.870s] writing manifest file 'felix.egg-info/SOURCES.txt'
[10.122s] running build_ext
[10.124s] Creating /felix/install/felix/lib/python3.6/site-packages/felix.egg-link (link to .)
[10.126s] Installing app script to /felix/install/felix/lib/felix
[10.128s] 
[10.129s] Installed /felix/build/felix
[10.130s] running install_data
[10.290s] Invoked command in '/felix/build/felix' returned '0': PYTHONPATH=/felix/build/felix/prefix_override:/felix/install/felix/lib/python3.6/site-packages:${PYTHONPATH} /usr/bin/python3 setup.py develop --editable --build-directory /felix/build/felix/build --no-deps install_data
