[9.718s] Invoking command in '/home/nano/projects/felix/build/felix_camera': PYTHONPATH=/home/nano/projects/felix/build/felix_camera/prefix_override:/home/nano/projects/felix/install/felix_camera/lib/python3.6/site-packages:${PYTHONPATH} /usr/bin/python3 setup.py develop --editable --build-directory /home/nano/projects/felix/build/felix_camera/build --no-deps install_data
[12.129s] running develop
[12.132s] /usr/local/lib/python3.6/dist-packages/setuptools/command/easy_install.py:159: EasyInstallDeprecationWarning: easy_install command is deprecated. Use build and pip and other standards-based tools.
[12.132s]   EasyInstallDeprecationWarning,
[12.138s] /usr/local/lib/python3.6/dist-packages/setuptools/command/install.py:37: SetuptoolsDeprecationWarning: setup.py install is deprecated. Use build and pip and other standards-based tools.
[12.139s]   setuptools.SetuptoolsDeprecationWarning,
[13.113s] running egg_info
[13.115s] writing felix_camera.egg-info/PKG-INFO
[13.121s] writing dependency_links to felix_camera.egg-info/dependency_links.txt
[13.123s] writing entry points to felix_camera.egg-info/entry_points.txt
[13.125s] writing requirements to felix_camera.egg-info/requires.txt
[13.127s] writing top-level names to felix_camera.egg-info/top_level.txt
[13.129s] reading manifest file 'felix_camera.egg-info/SOURCES.txt'
[13.136s] writing manifest file 'felix_camera.egg-info/SOURCES.txt'
[13.470s] running build_ext
[13.474s] Creating /home/nano/projects/felix/install/felix_camera/lib/python3.6/site-packages/felix-camera.egg-link (link to .)
[13.477s] Installing camera_node script to /home/nano/projects/felix/install/felix_camera/lib/felix_camera
[13.479s] 
[13.479s] Installed /home/nano/projects/felix/build/felix_camera
[13.480s] running install_data
[13.628s] Invoked command in '/home/nano/projects/felix/build/felix_camera' returned '0': PYTHONPATH=/home/nano/projects/felix/build/felix_camera/prefix_override:/home/nano/projects/felix/install/felix_camera/lib/python3.6/site-packages:${PYTHONPATH} /usr/bin/python3 setup.py develop --editable --build-directory /home/nano/projects/felix/build/felix_camera/build --no-deps install_data
