[2.231s] DEBUG:colcon:Command line arguments: ['/usr/bin/colcon', 'build', '--symlink-install']
[2.231s] DEBUG:colcon:Parsed command line arguments: Namespace(ament_cmake_args=None, base_paths=['.'], build_base='build', catkin_cmake_args=None, catkin_skip_building_tests=False, cmake_args=None, cmake_clean_cache=False, cmake_clean_first=False, cmake_force_configure=False, cmake_target=None, cmake_target_skip_unavailable=False, continue_on_error=False, event_handlers=None, executor='parallel', ignore_user_meta=False, install_base='install', log_base=None, log_level=None, main=<bound method BuildVerb.main of <colcon_core.verb.build.BuildVerb object at 0x7fa30912b0>>, merge_install=False, metas=['./colcon.meta'], packages_above=None, packages_above_and_dependencies=None, packages_above_depth=None, packages_end=None, packages_ignore=None, packages_ignore_regex=None, packages_select=None, packages_select_build_failed=False, packages_select_by_dep=None, packages_select_regex=None, packages_select_test_failures=False, packages_skip=None, packages_skip_build_finished=False, packages_skip_by_dep=None, packages_skip_regex=None, packages_skip_test_passed=False, packages_skip_up_to=None, packages_start=None, packages_up_to=None, packages_up_to_regex=None, parallel_workers=4, paths=None, symlink_install=True, test_result_base=None, verb_extension=<colcon_core.verb.build.BuildVerb object at 0x7fa30912b0>, verb_name='build', verb_parser=<colcon_defaults.argument_parser.defaults.DefaultArgumentsDecorator object at 0x7fa2f5ee10>)
[2.379s] Level 1:colcon.colcon_core.package_discovery:discover_packages(colcon_meta) check parameters
[2.380s] Level 1:colcon.colcon_core.package_discovery:discover_packages(recursive) check parameters
[2.380s] Level 1:colcon.colcon_core.package_discovery:discover_packages(ignore) check parameters
[2.381s] Level 1:colcon.colcon_core.package_discovery:discover_packages(path) check parameters
[2.381s] Level 1:colcon.colcon_core.package_discovery:discover_packages(colcon_meta) discover
[2.382s] Level 1:colcon.colcon_core.package_discovery:discover_packages(recursive) discover
[2.383s] INFO:colcon.colcon_core.package_discovery:Crawling recursively for packages in '/home/nano/projects/felix'
[2.383s] Level 1:colcon.colcon_core.package_identification:_identify(.) by extensions ['ignore', 'ignore_ament_install']
[2.384s] Level 1:colcon.colcon_core.package_identification:_identify(.) by extension 'ignore'
[2.384s] Level 1:colcon.colcon_core.package_identification:_identify(.) by extension 'ignore_ament_install'
[2.385s] Level 1:colcon.colcon_core.package_identification:_identify(.) by extensions ['colcon_pkg']
[2.385s] Level 1:colcon.colcon_core.package_identification:_identify(.) by extension 'colcon_pkg'
[2.385s] Level 1:colcon.colcon_core.package_identification:_identify(.) by extensions ['colcon_meta']
[2.385s] Level 1:colcon.colcon_core.package_identification:_identify(.) by extension 'colcon_meta'
[2.386s] Level 1:colcon.colcon_core.package_identification:_identify(.) by extensions ['ros']
[2.386s] Level 1:colcon.colcon_core.package_identification:_identify(.) by extension 'ros'
[2.580s] Level 1:colcon.colcon_core.package_identification:_identify(.) by extensions ['cmake', 'python']
[2.580s] Level 1:colcon.colcon_core.package_identification:_identify(.) by extension 'cmake'
[2.580s] Level 1:colcon.colcon_core.package_identification:_identify(.) by extension 'python'
[2.581s] Level 1:colcon.colcon_core.package_identification:_identify(.) by extensions ['python_setup_py']
[2.581s] Level 1:colcon.colcon_core.package_identification:_identify(.) by extension 'python_setup_py'
[2.582s] Level 1:colcon.colcon_core.package_identification:_identify(Rosmaster_Lib) by extensions ['ignore', 'ignore_ament_install']
[2.582s] Level 1:colcon.colcon_core.package_identification:_identify(Rosmaster_Lib) by extension 'ignore'
[2.583s] Level 1:colcon.colcon_core.package_identification:_identify(Rosmaster_Lib) by extension 'ignore_ament_install'
[2.583s] Level 1:colcon.colcon_core.package_identification:_identify(Rosmaster_Lib) by extensions ['colcon_pkg']
[2.583s] Level 1:colcon.colcon_core.package_identification:_identify(Rosmaster_Lib) by extension 'colcon_pkg'
[2.584s] Level 1:colcon.colcon_core.package_identification:_identify(Rosmaster_Lib) by extensions ['colcon_meta']
[2.584s] Level 1:colcon.colcon_core.package_identification:_identify(Rosmaster_Lib) by extension 'colcon_meta'
[2.584s] Level 1:colcon.colcon_core.package_identification:_identify(Rosmaster_Lib) by extensions ['ros']
[2.585s] Level 1:colcon.colcon_core.package_identification:_identify(Rosmaster_Lib) by extension 'ros'
[2.585s] Level 1:colcon.colcon_core.package_identification:_identify(Rosmaster_Lib) by extensions ['cmake', 'python']
[2.586s] Level 1:colcon.colcon_core.package_identification:_identify(Rosmaster_Lib) by extension 'cmake'
[2.586s] Level 1:colcon.colcon_core.package_identification:_identify(Rosmaster_Lib) by extension 'python'
[2.586s] Level 1:colcon.colcon_core.package_identification:_identify(Rosmaster_Lib) by extensions ['python_setup_py']
[2.586s] Level 1:colcon.colcon_core.package_identification:_identify(Rosmaster_Lib) by extension 'python_setup_py'
[2.587s] Level 1:colcon.colcon_core.package_identification:_identify(Rosmaster_Lib/__pycache__) by extensions ['ignore', 'ignore_ament_install']
[2.588s] Level 1:colcon.colcon_core.package_identification:_identify(Rosmaster_Lib/__pycache__) by extension 'ignore'
[2.588s] Level 1:colcon.colcon_core.package_identification:_identify(Rosmaster_Lib/__pycache__) by extension 'ignore_ament_install'
[2.588s] Level 1:colcon.colcon_core.package_identification:_identify(Rosmaster_Lib/__pycache__) by extensions ['colcon_pkg']
[2.589s] Level 1:colcon.colcon_core.package_identification:_identify(Rosmaster_Lib/__pycache__) by extension 'colcon_pkg'
[2.589s] Level 1:colcon.colcon_core.package_identification:_identify(Rosmaster_Lib/__pycache__) by extensions ['colcon_meta']
[2.589s] Level 1:colcon.colcon_core.package_identification:_identify(Rosmaster_Lib/__pycache__) by extension 'colcon_meta'
[2.589s] Level 1:colcon.colcon_core.package_identification:_identify(Rosmaster_Lib/__pycache__) by extensions ['ros']
[2.590s] Level 1:colcon.colcon_core.package_identification:_identify(Rosmaster_Lib/__pycache__) by extension 'ros'
[2.590s] Level 1:colcon.colcon_core.package_identification:_identify(Rosmaster_Lib/__pycache__) by extensions ['cmake', 'python']
[2.590s] Level 1:colcon.colcon_core.package_identification:_identify(Rosmaster_Lib/__pycache__) by extension 'cmake'
[2.591s] Level 1:colcon.colcon_core.package_identification:_identify(Rosmaster_Lib/__pycache__) by extension 'python'
[2.591s] Level 1:colcon.colcon_core.package_identification:_identify(Rosmaster_Lib/__pycache__) by extensions ['python_setup_py']
[2.591s] Level 1:colcon.colcon_core.package_identification:_identify(Rosmaster_Lib/__pycache__) by extension 'python_setup_py'
[2.592s] Level 1:colcon.colcon_core.package_identification:_identify(build) by extensions ['ignore', 'ignore_ament_install']
[2.592s] Level 1:colcon.colcon_core.package_identification:_identify(build) by extension 'ignore'
[2.593s] Level 1:colcon.colcon_core.package_identification:_identify(build) ignored
[2.595s] Level 1:colcon.colcon_core.package_identification:_identify(data) by extensions ['ignore', 'ignore_ament_install']
[2.596s] Level 1:colcon.colcon_core.package_identification:_identify(data) by extension 'ignore'
[2.596s] Level 1:colcon.colcon_core.package_identification:_identify(data) by extension 'ignore_ament_install'
[2.596s] Level 1:colcon.colcon_core.package_identification:_identify(data) by extensions ['colcon_pkg']
[2.597s] Level 1:colcon.colcon_core.package_identification:_identify(data) by extension 'colcon_pkg'
[2.597s] Level 1:colcon.colcon_core.package_identification:_identify(data) by extensions ['colcon_meta']
[2.597s] Level 1:colcon.colcon_core.package_identification:_identify(data) by extension 'colcon_meta'
[2.598s] Level 1:colcon.colcon_core.package_identification:_identify(data) by extensions ['ros']
[2.598s] Level 1:colcon.colcon_core.package_identification:_identify(data) by extension 'ros'
[2.599s] Level 1:colcon.colcon_core.package_identification:_identify(data) by extensions ['cmake', 'python']
[2.599s] Level 1:colcon.colcon_core.package_identification:_identify(data) by extension 'cmake'
[2.599s] Level 1:colcon.colcon_core.package_identification:_identify(data) by extension 'python'
[2.600s] Level 1:colcon.colcon_core.package_identification:_identify(data) by extensions ['python_setup_py']
[2.600s] Level 1:colcon.colcon_core.package_identification:_identify(data) by extension 'python_setup_py'
[2.601s] Level 1:colcon.colcon_core.package_identification:_identify(dependencies) by extensions ['ignore', 'ignore_ament_install']
[2.601s] Level 1:colcon.colcon_core.package_identification:_identify(dependencies) by extension 'ignore'
[2.602s] Level 1:colcon.colcon_core.package_identification:_identify(dependencies) by extension 'ignore_ament_install'
[2.602s] Level 1:colcon.colcon_core.package_identification:_identify(dependencies) by extensions ['colcon_pkg']
[2.602s] Level 1:colcon.colcon_core.package_identification:_identify(dependencies) by extension 'colcon_pkg'
[2.603s] Level 1:colcon.colcon_core.package_identification:_identify(dependencies) by extensions ['colcon_meta']
[2.603s] Level 1:colcon.colcon_core.package_identification:_identify(dependencies) by extension 'colcon_meta'
[2.604s] Level 1:colcon.colcon_core.package_identification:_identify(dependencies) by extensions ['ros']
[2.604s] Level 1:colcon.colcon_core.package_identification:_identify(dependencies) by extension 'ros'
[2.605s] Level 1:colcon.colcon_core.package_identification:_identify(dependencies) by extensions ['cmake', 'python']
[2.605s] Level 1:colcon.colcon_core.package_identification:_identify(dependencies) by extension 'cmake'
[2.606s] Level 1:colcon.colcon_core.package_identification:_identify(dependencies) by extension 'python'
[2.606s] Level 1:colcon.colcon_core.package_identification:_identify(dependencies) by extensions ['python_setup_py']
[2.606s] Level 1:colcon.colcon_core.package_identification:_identify(dependencies) by extension 'python_setup_py'
[2.607s] Level 1:colcon.colcon_core.package_identification:_identify(dependencies/rosmaster) by extensions ['ignore', 'ignore_ament_install']
[2.607s] Level 1:colcon.colcon_core.package_identification:_identify(dependencies/rosmaster) by extension 'ignore'
[2.608s] Level 1:colcon.colcon_core.package_identification:_identify(dependencies/rosmaster) by extension 'ignore_ament_install'
[2.608s] Level 1:colcon.colcon_core.package_identification:_identify(dependencies/rosmaster) by extensions ['colcon_pkg']
[2.609s] Level 1:colcon.colcon_core.package_identification:_identify(dependencies/rosmaster) by extension 'colcon_pkg'
[2.609s] Level 1:colcon.colcon_core.package_identification:_identify(dependencies/rosmaster) by extensions ['colcon_meta']
[2.609s] Level 1:colcon.colcon_core.package_identification:_identify(dependencies/rosmaster) by extension 'colcon_meta'
[2.610s] Level 1:colcon.colcon_core.package_identification:_identify(dependencies/rosmaster) by extensions ['ros']
[2.610s] Level 1:colcon.colcon_core.package_identification:_identify(dependencies/rosmaster) by extension 'ros'
[2.611s] Level 1:colcon.colcon_core.package_identification:_identify(dependencies/rosmaster) by extensions ['cmake', 'python']
[2.611s] Level 1:colcon.colcon_core.package_identification:_identify(dependencies/rosmaster) by extension 'cmake'
[2.611s] Level 1:colcon.colcon_core.package_identification:_identify(dependencies/rosmaster) by extension 'python'
[2.612s] Level 1:colcon.colcon_core.package_identification:_identify(dependencies/rosmaster) by extensions ['python_setup_py']
[2.612s] Level 1:colcon.colcon_core.package_identification:_identify(dependencies/rosmaster) by extension 'python_setup_py'
[4.153s] DEBUG:colcon.colcon_core.package_identification:Package 'dependencies/rosmaster' with type 'python' and name 'Rosmaster_Lib'
[4.154s] Level 1:colcon.colcon_core.package_identification:_identify(install) by extensions ['ignore', 'ignore_ament_install']
[4.155s] Level 1:colcon.colcon_core.package_identification:_identify(install) by extension 'ignore'
[4.157s] Level 1:colcon.colcon_core.package_identification:_identify(install) ignored
[4.158s] Level 1:colcon.colcon_core.package_identification:_identify(log) by extensions ['ignore', 'ignore_ament_install']
[4.159s] Level 1:colcon.colcon_core.package_identification:_identify(log) by extension 'ignore'
[4.159s] Level 1:colcon.colcon_core.package_identification:_identify(log) ignored
[4.160s] Level 1:colcon.colcon_core.package_identification:_identify(src) by extensions ['ignore', 'ignore_ament_install']
[4.161s] Level 1:colcon.colcon_core.package_identification:_identify(src) by extension 'ignore'
[4.161s] Level 1:colcon.colcon_core.package_identification:_identify(src) by extension 'ignore_ament_install'
[4.162s] Level 1:colcon.colcon_core.package_identification:_identify(src) by extensions ['colcon_pkg']
[4.163s] Level 1:colcon.colcon_core.package_identification:_identify(src) by extension 'colcon_pkg'
[4.164s] Level 1:colcon.colcon_core.package_identification:_identify(src) by extensions ['colcon_meta']
[4.164s] Level 1:colcon.colcon_core.package_identification:_identify(src) by extension 'colcon_meta'
[4.165s] Level 1:colcon.colcon_core.package_identification:_identify(src) by extensions ['ros']
[4.165s] Level 1:colcon.colcon_core.package_identification:_identify(src) by extension 'ros'
[4.166s] Level 1:colcon.colcon_core.package_identification:_identify(src) by extensions ['cmake', 'python']
[4.167s] Level 1:colcon.colcon_core.package_identification:_identify(src) by extension 'cmake'
[4.168s] Level 1:colcon.colcon_core.package_identification:_identify(src) by extension 'python'
[4.168s] Level 1:colcon.colcon_core.package_identification:_identify(src) by extensions ['python_setup_py']
[4.169s] Level 1:colcon.colcon_core.package_identification:_identify(src) by extension 'python_setup_py'
[4.170s] Level 1:colcon.colcon_core.package_identification:_identify(src/__pycache__) by extensions ['ignore', 'ignore_ament_install']
[4.170s] Level 1:colcon.colcon_core.package_identification:_identify(src/__pycache__) by extension 'ignore'
[4.171s] Level 1:colcon.colcon_core.package_identification:_identify(src/__pycache__) by extension 'ignore_ament_install'
[4.171s] Level 1:colcon.colcon_core.package_identification:_identify(src/__pycache__) by extensions ['colcon_pkg']
[4.171s] Level 1:colcon.colcon_core.package_identification:_identify(src/__pycache__) by extension 'colcon_pkg'
[4.172s] Level 1:colcon.colcon_core.package_identification:_identify(src/__pycache__) by extensions ['colcon_meta']
[4.172s] Level 1:colcon.colcon_core.package_identification:_identify(src/__pycache__) by extension 'colcon_meta'
[4.172s] Level 1:colcon.colcon_core.package_identification:_identify(src/__pycache__) by extensions ['ros']
[4.173s] Level 1:colcon.colcon_core.package_identification:_identify(src/__pycache__) by extension 'ros'
[4.173s] Level 1:colcon.colcon_core.package_identification:_identify(src/__pycache__) by extensions ['cmake', 'python']
[4.174s] Level 1:colcon.colcon_core.package_identification:_identify(src/__pycache__) by extension 'cmake'
[4.174s] Level 1:colcon.colcon_core.package_identification:_identify(src/__pycache__) by extension 'python'
[4.174s] Level 1:colcon.colcon_core.package_identification:_identify(src/__pycache__) by extensions ['python_setup_py']
[4.174s] Level 1:colcon.colcon_core.package_identification:_identify(src/__pycache__) by extension 'python_setup_py'
[4.175s] Level 1:colcon.colcon_core.package_identification:_identify(src/felix) by extensions ['ignore', 'ignore_ament_install']
[4.176s] Level 1:colcon.colcon_core.package_identification:_identify(src/felix) by extension 'ignore'
[4.176s] Level 1:colcon.colcon_core.package_identification:_identify(src/felix) by extension 'ignore_ament_install'
[4.177s] Level 1:colcon.colcon_core.package_identification:_identify(src/felix) by extensions ['colcon_pkg']
[4.177s] Level 1:colcon.colcon_core.package_identification:_identify(src/felix) by extension 'colcon_pkg'
[4.177s] Level 1:colcon.colcon_core.package_identification:_identify(src/felix) by extensions ['colcon_meta']
[4.177s] Level 1:colcon.colcon_core.package_identification:_identify(src/felix) by extension 'colcon_meta'
[4.178s] Level 1:colcon.colcon_core.package_identification:_identify(src/felix) by extensions ['ros']
[4.178s] Level 1:colcon.colcon_core.package_identification:_identify(src/felix) by extension 'ros'
[4.201s] DEBUG:colcon.colcon_core.package_identification:Package 'src/felix' with type 'ros.ament_python' and name 'felix'
[4.202s] Level 1:colcon.colcon_core.package_identification:_identify(src/felix_camera) by extensions ['ignore', 'ignore_ament_install']
[4.202s] Level 1:colcon.colcon_core.package_identification:_identify(src/felix_camera) by extension 'ignore'
[4.203s] Level 1:colcon.colcon_core.package_identification:_identify(src/felix_camera) by extension 'ignore_ament_install'
[4.203s] Level 1:colcon.colcon_core.package_identification:_identify(src/felix_camera) by extensions ['colcon_pkg']
[4.203s] Level 1:colcon.colcon_core.package_identification:_identify(src/felix_camera) by extension 'colcon_pkg'
[4.204s] Level 1:colcon.colcon_core.package_identification:_identify(src/felix_camera) by extensions ['colcon_meta']
[4.204s] Level 1:colcon.colcon_core.package_identification:_identify(src/felix_camera) by extension 'colcon_meta'
[4.204s] Level 1:colcon.colcon_core.package_identification:_identify(src/felix_camera) by extensions ['ros']
[4.204s] Level 1:colcon.colcon_core.package_identification:_identify(src/felix_camera) by extension 'ros'
[4.208s] DEBUG:colcon.colcon_core.package_identification:Package 'src/felix_camera' with type 'ros.ament_python' and name 'felix_camera'
[4.209s] Level 1:colcon.colcon_core.package_discovery:discover_packages(recursive) using defaults
[4.210s] Level 1:colcon.colcon_core.package_discovery:discover_packages(ignore) discover
[4.210s] Level 1:colcon.colcon_core.package_discovery:discover_packages(ignore) using defaults
[4.210s] Level 1:colcon.colcon_core.package_discovery:discover_packages(path) discover
[4.211s] Level 1:colcon.colcon_core.package_discovery:discover_packages(path) using defaults
[4.337s] Level 5:colcon.colcon_core.verb:set package 'Rosmaster_Lib' build argument 'cmake_args' from command line to 'None'
[4.337s] Level 5:colcon.colcon_core.verb:set package 'Rosmaster_Lib' build argument 'cmake_target' from command line to 'None'
[4.338s] Level 5:colcon.colcon_core.verb:set package 'Rosmaster_Lib' build argument 'cmake_target_skip_unavailable' from command line to 'False'
[4.338s] Level 5:colcon.colcon_core.verb:set package 'Rosmaster_Lib' build argument 'cmake_clean_cache' from command line to 'False'
[4.338s] Level 5:colcon.colcon_core.verb:set package 'Rosmaster_Lib' build argument 'cmake_clean_first' from command line to 'False'
[4.338s] Level 5:colcon.colcon_core.verb:set package 'Rosmaster_Lib' build argument 'cmake_force_configure' from command line to 'False'
[4.339s] Level 5:colcon.colcon_core.verb:set package 'Rosmaster_Lib' build argument 'ament_cmake_args' from command line to 'None'
[4.339s] Level 5:colcon.colcon_core.verb:set package 'Rosmaster_Lib' build argument 'catkin_cmake_args' from command line to 'None'
[4.339s] Level 5:colcon.colcon_core.verb:set package 'Rosmaster_Lib' build argument 'catkin_skip_building_tests' from command line to 'False'
[4.340s] DEBUG:colcon.colcon_core.verb:Building package 'Rosmaster_Lib' with the following arguments: {'ament_cmake_args': None, 'build_base': '/home/nano/projects/felix/build/Rosmaster_Lib', 'catkin_cmake_args': None, 'catkin_skip_building_tests': False, 'cmake_args': None, 'cmake_clean_cache': False, 'cmake_clean_first': False, 'cmake_force_configure': False, 'cmake_target': None, 'cmake_target_skip_unavailable': False, 'install_base': '/home/nano/projects/felix/install/Rosmaster_Lib', 'merge_install': False, 'path': '/home/nano/projects/felix/dependencies/rosmaster', 'symlink_install': True, 'test_result_base': None}
[4.343s] Level 5:colcon.colcon_core.verb:set package 'felix' build argument 'cmake_args' from command line to 'None'
[4.343s] Level 5:colcon.colcon_core.verb:set package 'felix' build argument 'cmake_target' from command line to 'None'
[4.343s] Level 5:colcon.colcon_core.verb:set package 'felix' build argument 'cmake_target_skip_unavailable' from command line to 'False'
[4.344s] Level 5:colcon.colcon_core.verb:set package 'felix' build argument 'cmake_clean_cache' from command line to 'False'
[4.344s] Level 5:colcon.colcon_core.verb:set package 'felix' build argument 'cmake_clean_first' from command line to 'False'
[4.344s] Level 5:colcon.colcon_core.verb:set package 'felix' build argument 'cmake_force_configure' from command line to 'False'
[4.344s] Level 5:colcon.colcon_core.verb:set package 'felix' build argument 'ament_cmake_args' from command line to 'None'
[4.344s] Level 5:colcon.colcon_core.verb:set package 'felix' build argument 'catkin_cmake_args' from command line to 'None'
[4.344s] Level 5:colcon.colcon_core.verb:set package 'felix' build argument 'catkin_skip_building_tests' from command line to 'False'
[4.345s] DEBUG:colcon.colcon_core.verb:Building package 'felix' with the following arguments: {'ament_cmake_args': None, 'build_base': '/home/nano/projects/felix/build/felix', 'catkin_cmake_args': None, 'catkin_skip_building_tests': False, 'cmake_args': None, 'cmake_clean_cache': False, 'cmake_clean_first': False, 'cmake_force_configure': False, 'cmake_target': None, 'cmake_target_skip_unavailable': False, 'install_base': '/home/nano/projects/felix/install/felix', 'merge_install': False, 'path': '/home/nano/projects/felix/src/felix', 'symlink_install': True, 'test_result_base': None}
[4.348s] Level 5:colcon.colcon_core.verb:set package 'felix_camera' build argument 'cmake_args' from command line to 'None'
[4.348s] Level 5:colcon.colcon_core.verb:set package 'felix_camera' build argument 'cmake_target' from command line to 'None'
[4.349s] Level 5:colcon.colcon_core.verb:set package 'felix_camera' build argument 'cmake_target_skip_unavailable' from command line to 'False'
[4.349s] Level 5:colcon.colcon_core.verb:set package 'felix_camera' build argument 'cmake_clean_cache' from command line to 'False'
[4.349s] Level 5:colcon.colcon_core.verb:set package 'felix_camera' build argument 'cmake_clean_first' from command line to 'False'
[4.349s] Level 5:colcon.colcon_core.verb:set package 'felix_camera' build argument 'cmake_force_configure' from command line to 'False'
[4.349s] Level 5:colcon.colcon_core.verb:set package 'felix_camera' build argument 'ament_cmake_args' from command line to 'None'
[4.349s] Level 5:colcon.colcon_core.verb:set package 'felix_camera' build argument 'catkin_cmake_args' from command line to 'None'
[4.350s] Level 5:colcon.colcon_core.verb:set package 'felix_camera' build argument 'catkin_skip_building_tests' from command line to 'False'
[4.350s] DEBUG:colcon.colcon_core.verb:Building package 'felix_camera' with the following arguments: {'ament_cmake_args': None, 'build_base': '/home/nano/projects/felix/build/felix_camera', 'catkin_cmake_args': None, 'catkin_skip_building_tests': False, 'cmake_args': None, 'cmake_clean_cache': False, 'cmake_clean_first': False, 'cmake_force_configure': False, 'cmake_target': None, 'cmake_target_skip_unavailable': False, 'install_base': '/home/nano/projects/felix/install/felix_camera', 'merge_install': False, 'path': '/home/nano/projects/felix/src/felix_camera', 'symlink_install': True, 'test_result_base': None}
[4.351s] INFO:colcon.colcon_core.executor:Executing jobs using 'parallel' executor
[4.358s] DEBUG:colcon.colcon_parallel_executor.executor.parallel:run_until_complete
[4.359s] INFO:colcon.colcon_core.task.python.build:Building Python package in '/home/nano/projects/felix/dependencies/rosmaster'
[4.379s] INFO:colcon.colcon_core.plugin_system:Skipping extension 'colcon_core.shell.bat': Not used on non-Windows systems
[4.381s] INFO:colcon.colcon_core.shell:Skip shell extension 'powershell' for command environment: Not usable outside of PowerShell
[4.382s] DEBUG:colcon.colcon_core.shell:Skip shell extension 'dsv' for command environment
[4.443s] INFO:colcon.colcon_ros.task.ament_python.build:Building ROS package in '/home/nano/projects/felix/src/felix' with build type 'ament_python'
[4.445s] Level 1:colcon.colcon_core.shell:create_environment_hook('felix', 'ament_prefix_path')
[4.448s] INFO:colcon.colcon_core.shell:Creating environment hook '/home/nano/projects/felix/install/felix/share/felix/hook/ament_prefix_path.ps1'
[4.454s] INFO:colcon.colcon_core.shell:Creating environment descriptor '/home/nano/projects/felix/install/felix/share/felix/hook/ament_prefix_path.dsv'
[4.458s] INFO:colcon.colcon_core.shell:Creating environment hook '/home/nano/projects/felix/install/felix/share/felix/hook/ament_prefix_path.sh'
[4.463s] INFO:colcon.colcon_core.shell:Skip shell extension 'powershell' for command environment: Not usable outside of PowerShell
[4.464s] DEBUG:colcon.colcon_core.shell:Skip shell extension 'dsv' for command environment
[4.513s] INFO:colcon.colcon_ros.task.ament_python.build:Building ROS package in '/home/nano/projects/felix/src/felix_camera' with build type 'ament_python'
[4.515s] Level 1:colcon.colcon_core.shell:create_environment_hook('felix_camera', 'ament_prefix_path')
[4.518s] INFO:colcon.colcon_core.shell:Creating environment hook '/home/nano/projects/felix/install/felix_camera/share/felix_camera/hook/ament_prefix_path.ps1'
[4.521s] INFO:colcon.colcon_core.shell:Creating environment descriptor '/home/nano/projects/felix/install/felix_camera/share/felix_camera/hook/ament_prefix_path.dsv'
[4.522s] INFO:colcon.colcon_core.shell:Creating environment hook '/home/nano/projects/felix/install/felix_camera/share/felix_camera/hook/ament_prefix_path.sh'
[4.526s] INFO:colcon.colcon_core.shell:Skip shell extension 'powershell' for command environment: Not usable outside of PowerShell
[4.527s] DEBUG:colcon.colcon_core.shell:Skip shell extension 'dsv' for command environment
[7.877s] INFO:colcon.colcon_core.task.python.build:Building Python package in '/home/nano/projects/felix/src/felix'
[7.879s] INFO:colcon.colcon_core.shell:Skip shell extension 'powershell' for command environment: Not usable outside of PowerShell
[7.880s] DEBUG:colcon.colcon_core.shell:Skip shell extension 'dsv' for command environment
[9.677s] INFO:colcon.colcon_core.task.python.build:Building Python package in '/home/nano/projects/felix/src/felix_camera'
[9.680s] INFO:colcon.colcon_core.shell:Skip shell extension 'powershell' for command environment: Not usable outside of PowerShell
[9.680s] DEBUG:colcon.colcon_core.shell:Skip shell extension 'dsv' for command environment
[9.741s] DEBUG:colcon.colcon_core.event_handler.log_command:Invoking command in '/home/nano/projects/felix/build/Rosmaster_Lib': PYTHONPATH=/home/nano/projects/felix/build/Rosmaster_Lib/prefix_override:/home/nano/projects/felix/install/Rosmaster_Lib/lib/python3.6/site-packages:${PYTHONPATH} /usr/bin/python3 setup.py develop --editable --build-directory /home/nano/projects/felix/build/Rosmaster_Lib/build --no-deps
[12.277s] DEBUG:colcon.colcon_core.event_handler.log_command:Invoking command in '/home/nano/projects/felix/build/felix': PYTHONPATH=/home/nano/projects/felix/build/felix/prefix_override:/home/nano/projects/felix/install/felix/lib/python3.6/site-packages:${PYTHONPATH} /usr/bin/python3 setup.py develop --editable --build-directory /home/nano/projects/felix/build/felix/build --no-deps install_data
[12.353s] DEBUG:colcon.colcon_core.event_handler.log_command:Invoking command in '/home/nano/projects/felix/build/felix_camera': PYTHONPATH=/home/nano/projects/felix/build/felix_camera/prefix_override:/home/nano/projects/felix/install/felix_camera/lib/python3.6/site-packages:${PYTHONPATH} /usr/bin/python3 setup.py develop --editable --build-directory /home/nano/projects/felix/build/felix_camera/build --no-deps install_data
[12.848s] Level 1:colcon.colcon_core.shell:create_environment_hook('Rosmaster_Lib', 'pythonpath_develop')
[12.850s] INFO:colcon.colcon_core.shell:Creating environment hook '/home/nano/projects/felix/build/Rosmaster_Lib/share/Rosmaster_Lib/hook/pythonpath_develop.ps1'
[12.857s] INFO:colcon.colcon_core.shell:Creating environment descriptor '/home/nano/projects/felix/build/Rosmaster_Lib/share/Rosmaster_Lib/hook/pythonpath_develop.dsv'
[12.860s] INFO:colcon.colcon_core.shell:Creating environment hook '/home/nano/projects/felix/build/Rosmaster_Lib/share/Rosmaster_Lib/hook/pythonpath_develop.sh'
[12.863s] DEBUG:colcon.colcon_core.event_handler.log_command:Invoked command in '/home/nano/projects/felix/build/Rosmaster_Lib' returned '0': PYTHONPATH=/home/nano/projects/felix/build/Rosmaster_Lib/prefix_override:/home/nano/projects/felix/install/Rosmaster_Lib/lib/python3.6/site-packages:${PYTHONPATH} /usr/bin/python3 setup.py develop --editable --build-directory /home/nano/projects/felix/build/Rosmaster_Lib/build --no-deps
[12.893s] Level 1:colcon.colcon_core.environment:checking '/home/nano/projects/felix/install/Rosmaster_Lib' for CMake module files
[12.896s] Level 1:colcon.colcon_core.environment:checking '/home/nano/projects/felix/install/Rosmaster_Lib' for CMake config files
[12.901s] Level 1:colcon.colcon_core.environment:checking '/home/nano/projects/felix/install/Rosmaster_Lib/lib'
[12.902s] Level 1:colcon.colcon_core.environment:checking '/home/nano/projects/felix/install/Rosmaster_Lib/bin'
[12.902s] Level 1:colcon.colcon_core.environment:checking '/home/nano/projects/felix/install/Rosmaster_Lib/lib/pkgconfig/Rosmaster_Lib.pc'
[12.903s] Level 1:colcon.colcon_core.environment:checking '/home/nano/projects/felix/install/Rosmaster_Lib/lib/python3.6/site-packages'
[12.904s] Level 1:colcon.colcon_core.shell:create_environment_hook('Rosmaster_Lib', 'pythonpath')
[12.906s] INFO:colcon.colcon_core.shell:Creating environment hook '/home/nano/projects/felix/install/Rosmaster_Lib/share/Rosmaster_Lib/hook/pythonpath.ps1'
[12.908s] INFO:colcon.colcon_core.shell:Creating environment descriptor '/home/nano/projects/felix/install/Rosmaster_Lib/share/Rosmaster_Lib/hook/pythonpath.dsv'
[12.910s] INFO:colcon.colcon_core.shell:Creating environment hook '/home/nano/projects/felix/install/Rosmaster_Lib/share/Rosmaster_Lib/hook/pythonpath.sh'
[12.913s] Level 1:colcon.colcon_core.environment:checking '/home/nano/projects/felix/install/Rosmaster_Lib/bin'
[12.914s] Level 1:colcon.colcon_core.environment:create_environment_scripts_only(Rosmaster_Lib)
[12.917s] INFO:colcon.colcon_core.shell:Creating package script '/home/nano/projects/felix/install/Rosmaster_Lib/share/Rosmaster_Lib/package.ps1'
[12.923s] INFO:colcon.colcon_core.shell:Creating package descriptor '/home/nano/projects/felix/install/Rosmaster_Lib/share/Rosmaster_Lib/package.dsv'
[12.927s] INFO:colcon.colcon_core.shell:Creating package script '/home/nano/projects/felix/install/Rosmaster_Lib/share/Rosmaster_Lib/package.sh'
[12.938s] INFO:colcon.colcon_core.shell:Creating package script '/home/nano/projects/felix/install/Rosmaster_Lib/share/Rosmaster_Lib/package.bash'
[12.944s] INFO:colcon.colcon_core.shell:Creating package script '/home/nano/projects/felix/install/Rosmaster_Lib/share/Rosmaster_Lib/package.zsh'
[12.950s] Level 1:colcon.colcon_core.environment:create_file_with_runtime_dependencies(/home/nano/projects/felix/install/Rosmaster_Lib/share/colcon-core/packages/Rosmaster_Lib)
[15.263s] Level 1:colcon.colcon_core.shell:create_environment_hook('felix', 'pythonpath_develop')
[15.265s] DEBUG:colcon.colcon_core.event_handler.log_command:Invoked command in '/home/nano/projects/felix/build/felix' returned '0': PYTHONPATH=/home/nano/projects/felix/build/felix/prefix_override:/home/nano/projects/felix/install/felix/lib/python3.6/site-packages:${PYTHONPATH} /usr/bin/python3 setup.py develop --editable --build-directory /home/nano/projects/felix/build/felix/build --no-deps install_data
[15.267s] INFO:colcon.colcon_core.shell:Creating environment hook '/home/nano/projects/felix/build/felix/share/felix/hook/pythonpath_develop.ps1'
[15.270s] INFO:colcon.colcon_core.shell:Creating environment descriptor '/home/nano/projects/felix/build/felix/share/felix/hook/pythonpath_develop.dsv'
[15.272s] INFO:colcon.colcon_core.shell:Creating environment hook '/home/nano/projects/felix/build/felix/share/felix/hook/pythonpath_develop.sh'
[15.276s] Level 1:colcon.colcon_core.environment:checking '/home/nano/projects/felix/install/felix' for CMake module files
[15.279s] Level 1:colcon.colcon_core.environment:checking '/home/nano/projects/felix/install/felix' for CMake config files
[15.283s] Level 1:colcon.colcon_core.environment:checking '/home/nano/projects/felix/install/felix/lib'
[15.283s] Level 1:colcon.colcon_core.environment:checking '/home/nano/projects/felix/install/felix/bin'
[15.284s] Level 1:colcon.colcon_core.environment:checking '/home/nano/projects/felix/install/felix/lib/pkgconfig/felix.pc'
[15.285s] Level 1:colcon.colcon_core.environment:checking '/home/nano/projects/felix/install/felix/lib/python3.6/site-packages'
[15.285s] Level 1:colcon.colcon_core.shell:create_environment_hook('felix', 'pythonpath')
[15.287s] INFO:colcon.colcon_core.shell:Creating environment hook '/home/nano/projects/felix/install/felix/share/felix/hook/pythonpath.ps1'
[15.289s] INFO:colcon.colcon_core.shell:Creating environment descriptor '/home/nano/projects/felix/install/felix/share/felix/hook/pythonpath.dsv'
[15.291s] INFO:colcon.colcon_core.shell:Creating environment hook '/home/nano/projects/felix/install/felix/share/felix/hook/pythonpath.sh'
[15.294s] Level 1:colcon.colcon_core.environment:checking '/home/nano/projects/felix/install/felix/bin'
[15.294s] Level 1:colcon.colcon_core.environment:create_environment_scripts_only(felix)
[15.297s] INFO:colcon.colcon_core.shell:Creating package script '/home/nano/projects/felix/install/felix/share/felix/package.ps1'
[15.301s] INFO:colcon.colcon_core.shell:Creating package descriptor '/home/nano/projects/felix/install/felix/share/felix/package.dsv'
[15.304s] INFO:colcon.colcon_core.shell:Creating package script '/home/nano/projects/felix/install/felix/share/felix/package.sh'
[15.307s] INFO:colcon.colcon_core.shell:Creating package script '/home/nano/projects/felix/install/felix/share/felix/package.bash'
[15.309s] INFO:colcon.colcon_core.shell:Creating package script '/home/nano/projects/felix/install/felix/share/felix/package.zsh'
[15.311s] Level 1:colcon.colcon_core.environment:create_file_with_runtime_dependencies(/home/nano/projects/felix/install/felix/share/colcon-core/packages/felix)
[15.341s] Level 1:colcon.colcon_core.shell:create_environment_hook('felix_camera', 'pythonpath_develop')
[15.343s] INFO:colcon.colcon_core.shell:Creating environment hook '/home/nano/projects/felix/build/felix_camera/share/felix_camera/hook/pythonpath_develop.ps1'
[15.346s] DEBUG:colcon.colcon_core.event_handler.log_command:Invoked command in '/home/nano/projects/felix/build/felix_camera' returned '0': PYTHONPATH=/home/nano/projects/felix/build/felix_camera/prefix_override:/home/nano/projects/felix/install/felix_camera/lib/python3.6/site-packages:${PYTHONPATH} /usr/bin/python3 setup.py develop --editable --build-directory /home/nano/projects/felix/build/felix_camera/build --no-deps install_data
[15.350s] INFO:colcon.colcon_core.shell:Creating environment descriptor '/home/nano/projects/felix/build/felix_camera/share/felix_camera/hook/pythonpath_develop.dsv'
[15.352s] INFO:colcon.colcon_core.shell:Creating environment hook '/home/nano/projects/felix/build/felix_camera/share/felix_camera/hook/pythonpath_develop.sh'
[15.357s] Level 1:colcon.colcon_core.environment:checking '/home/nano/projects/felix/install/felix_camera' for CMake module files
[15.361s] Level 1:colcon.colcon_core.environment:checking '/home/nano/projects/felix/install/felix_camera' for CMake config files
[15.365s] Level 1:colcon.colcon_core.environment:checking '/home/nano/projects/felix/install/felix_camera/lib'
[15.366s] Level 1:colcon.colcon_core.environment:checking '/home/nano/projects/felix/install/felix_camera/bin'
[15.367s] Level 1:colcon.colcon_core.environment:checking '/home/nano/projects/felix/install/felix_camera/lib/pkgconfig/felix_camera.pc'
[15.368s] Level 1:colcon.colcon_core.environment:checking '/home/nano/projects/felix/install/felix_camera/lib/python3.6/site-packages'
[15.369s] Level 1:colcon.colcon_core.shell:create_environment_hook('felix_camera', 'pythonpath')
[15.371s] INFO:colcon.colcon_core.shell:Creating environment hook '/home/nano/projects/felix/install/felix_camera/share/felix_camera/hook/pythonpath.ps1'
[15.373s] INFO:colcon.colcon_core.shell:Creating environment descriptor '/home/nano/projects/felix/install/felix_camera/share/felix_camera/hook/pythonpath.dsv'
[15.375s] INFO:colcon.colcon_core.shell:Creating environment hook '/home/nano/projects/felix/install/felix_camera/share/felix_camera/hook/pythonpath.sh'
[15.378s] Level 1:colcon.colcon_core.environment:checking '/home/nano/projects/felix/install/felix_camera/bin'
[15.378s] Level 1:colcon.colcon_core.environment:create_environment_scripts_only(felix_camera)
[15.381s] INFO:colcon.colcon_core.shell:Creating package script '/home/nano/projects/felix/install/felix_camera/share/felix_camera/package.ps1'
[15.384s] INFO:colcon.colcon_core.shell:Creating package descriptor '/home/nano/projects/felix/install/felix_camera/share/felix_camera/package.dsv'
[15.387s] INFO:colcon.colcon_core.shell:Creating package script '/home/nano/projects/felix/install/felix_camera/share/felix_camera/package.sh'
[15.390s] INFO:colcon.colcon_core.shell:Creating package script '/home/nano/projects/felix/install/felix_camera/share/felix_camera/package.bash'
[15.392s] INFO:colcon.colcon_core.shell:Creating package script '/home/nano/projects/felix/install/felix_camera/share/felix_camera/package.zsh'
[15.394s] Level 1:colcon.colcon_core.environment:create_file_with_runtime_dependencies(/home/nano/projects/felix/install/felix_camera/share/colcon-core/packages/felix_camera)
[15.395s] DEBUG:colcon.colcon_parallel_executor.executor.parallel:closing loop
[15.398s] DEBUG:colcon.colcon_parallel_executor.executor.parallel:loop closed
[15.400s] DEBUG:colcon.colcon_parallel_executor.executor.parallel:run_until_complete finished with '0'
[15.400s] DEBUG:colcon.colcon_core.event_reactor:joining thread
[15.449s] INFO:colcon.colcon_core.plugin_system:Skipping extension 'colcon_notification.desktop_notification.notify_send': Could not find 'notify-send'
[15.450s] INFO:colcon.colcon_core.plugin_system:Skipping extension 'colcon_notification.desktop_notification.terminal_notifier': Not used on non-Darwin systems
[15.451s] INFO:colcon.colcon_core.plugin_system:Skipping extension 'colcon_notification.desktop_notification.win32': Not used on non-Windows systems
[15.451s] INFO:colcon.colcon_notification.desktop_notification:Sending desktop notification using 'notify2'
[15.453s] DEBUG:colcon.colcon_notification.desktop_notification.notify2:Failed to initialize notify2: org.freedesktop.DBus.Error.InvalidFileContent: D-Bus library appears to be incorrectly set up: see the manual page for dbus-uuidgen to correct this issue. (Failed to open "/var/lib/dbus/machine-id": No such file or directory; UUID file '/etc/machine-id' should contain a hex string of length 32, not length 0, with no other text)
[15.454s] DEBUG:colcon.colcon_core.event_reactor:joined thread
[15.456s] INFO:colcon.colcon_core.shell:Creating prefix script '/home/nano/projects/felix/install/local_setup.ps1'
[15.463s] INFO:colcon.colcon_core.shell:Creating prefix util module '/home/nano/projects/felix/install/_local_setup_util_ps1.py'
[15.475s] INFO:colcon.colcon_core.shell:Creating prefix chain script '/home/nano/projects/felix/install/setup.ps1'
[15.482s] INFO:colcon.colcon_core.shell:Creating prefix script '/home/nano/projects/felix/install/local_setup.sh'
[15.486s] INFO:colcon.colcon_core.shell:Creating prefix util module '/home/nano/projects/felix/install/_local_setup_util_sh.py'
[15.488s] INFO:colcon.colcon_core.shell:Creating prefix chain script '/home/nano/projects/felix/install/setup.sh'
[15.495s] INFO:colcon.colcon_core.shell:Creating prefix script '/home/nano/projects/felix/install/local_setup.bash'
[15.500s] INFO:colcon.colcon_core.shell:Creating prefix chain script '/home/nano/projects/felix/install/setup.bash'
[15.506s] INFO:colcon.colcon_core.shell:Creating prefix script '/home/nano/projects/felix/install/local_setup.zsh'
[15.511s] INFO:colcon.colcon_core.shell:Creating prefix chain script '/home/nano/projects/felix/install/setup.zsh'
